<?xml version="1.0" encoding="UTF-8"?>
<!-- Generated by org.testng.reporters.JUnitXMLReporter -->
<testsuite ignored="46" hostname="DESKTOP-BG83L86" failures="9" tests="127" name="Test" time="100.393" errors="0" timestamp="2024-05-27T16:56:40 IST">
  <testcase classname="in.biencaps.erp.api.testcases.LoginEmployeeAPITestCases" name="verify_Login_Employee_By_Giving_Valid_Data" time="3.187"/>
  <testcase classname="in.biencaps.erp.api.testcases.LoginEmployeeAPITestCases" name="verify_Login_Employee_By_Giving_Invalid_LoginId" time="0.647"/>
  <testcase classname="in.biencaps.erp.api.testcases.LoginEmployeeAPITestCases" name="verify_Login_Employee_By_Giving_Invalid_Password" time="1.005"/>
  <testcase classname="in.biencaps.erp.api.testcases.PriorityFolderAPITestCases" name="verify_Add_Priority_Without_Authorization" time="0.405"/>
  <testcase classname="in.biencaps.erp.api.testcases.PriorityFolderAPITestCases" name="verify_Get_All_Priority_Without_Authorization" time="0.429"/>
  <testcase classname="in.biencaps.erp.api.testcases.PriorityFolderAPITestCases" name="verify_Update_Priority_Without_Authorization" time="0.984"/>
  <testcase classname="in.biencaps.erp.api.testcases.PriorityFolderAPITestCases" name="verify_Delete_Single_Priority_Without_Authorization" time="0.384"/>
  <testcase classname="in.biencaps.erp.api.testcases.PriorityFolderAPITestCases" name="verify_Get_All_Priorities_With_Authorization" time="0.411"/>
  <testcase classname="in.biencaps.erp.api.testcases.StatusFolderAPITestCases" name="verify_Add_Status_Without_Authorization" time="0.397"/>
  <testcase classname="in.biencaps.erp.api.testcases.StatusFolderAPITestCases" name="verify_Get_All_Status_Without_Authorization" time="0.468"/>
  <testcase classname="in.biencaps.erp.api.testcases.StatusFolderAPITestCases" name="verify_Update_Status_Without_Authorization" time="0.894"/>
  <testcase classname="in.biencaps.erp.api.testcases.StatusFolderAPITestCases" name="verify_Delete_Status_Without_Authorization" time="0.422"/>
  <testcase classname="in.biencaps.erp.api.testcases.StatusFolderAPITestCases" name="verify_Get_All_Status_With_Authorization" time="0.553"/>
  <testcase classname="in.biencaps.erp.api.testcases.DesignationFolderAPITestCases" name="verify_Add_Designation_Without_Authorization" time="0.642"/>
  <testcase classname="in.biencaps.erp.api.testcases.DesignationFolderAPITestCases" name="verify_Get_All_Designation_By_Department_Without_Authorization" time="0.494"/>
  <testcase classname="in.biencaps.erp.api.testcases.DesignationFolderAPITestCases" name="verify_Get_All_Designation_Without_Authorization" time="0.42"/>
  <testcase classname="in.biencaps.erp.api.testcases.DesignationFolderAPITestCases" name="verify_Update_Designation_Without_Authorization" time="1.528"/>
  <testcase classname="in.biencaps.erp.api.testcases.DesignationFolderAPITestCases" name="verify_Delete_Designation_Without_Authorization" time="0.502"/>
  <testcase classname="in.biencaps.erp.api.testcases.DesignationFolderAPITestCases" name="verify_Get_All_Designation_With_Authorization" time="0.826"/>
  <testcase classname="in.biencaps.erp.api.testcases.DesignationFolderAPITestCases" name="verify_Get_All_Designation_By_Department_With_Authorization" time="0.693"/>
  <testcase classname="in.biencaps.erp.api.testcases.RoleFolderAPITestCases" name="verify_Get_All_Roles_Without_Authorization" time="0.523"/>
  <testcase classname="in.biencaps.erp.api.testcases.RoleFolderAPITestCases" name="verify_Get_All_Roles_With_Authorization" time="0.407"/>
  <testcase classname="in.biencaps.erp.api.testcases.DepartmentFolderAPITestCases" name="verify_Add_Department_Without_Authorization" time="0.504"/>
  <testcase classname="in.biencaps.erp.api.testcases.DepartmentFolderAPITestCases" name="verify_Get_User_Id_Without_Authorization" time="0.426"/>
  <testcase classname="in.biencaps.erp.api.testcases.DepartmentFolderAPITestCases" name="verify_Get_All_Departments_Without_Authorization" time="0.392"/>
  <testcase classname="in.biencaps.erp.api.testcases.DepartmentFolderAPITestCases" name="verify_Get_Employees_By_Department_Name_Without_Authorization" time="0.434"/>
  <testcase classname="in.biencaps.erp.api.testcases.DepartmentFolderAPITestCases" name="verify_Get_All_Employees_By_Designation_Name_Without_Authorization" time="0.485"/>
  <testcase classname="in.biencaps.erp.api.testcases.DepartmentFolderAPITestCases" name="verify_Get_All_Assignee_Without_Authorization" time="0.412"/>
  <testcase classname="in.biencaps.erp.api.testcases.DepartmentFolderAPITestCases" name="verify_Get_Higher_Authority_Without_Authorization" time="0.396"/>
  <testcase classname="in.biencaps.erp.api.testcases.DepartmentFolderAPITestCases" name="verify_Update_Department_Without_Authorization" time="0.912"/>
  <testcase classname="in.biencaps.erp.api.testcases.DepartmentFolderAPITestCases" name="verify_Delete_Department_Without_Authorization" time="0.405"/>
  <testcase classname="in.biencaps.erp.api.testcases.DepartmentFolderAPITestCases" name="verify_Get_All_Departments_With_Authorization" time="0.56"/>
  <testcase classname="in.biencaps.erp.api.testcases.DepartmentFolderAPITestCases" name="verify_Get_User_Id_With_Authorization" time="1.822"/>
  <testcase classname="in.biencaps.erp.api.testcases.DepartmentFolderAPITestCases" name="verify_Get_Employees_By_Department_Name_With_Authorization" time="0.48">
    <failure type="java.lang.AssertionError" message="1 expectation failed.
Expected status code &amp;lt;200&amp;gt; but was &amp;lt;404&amp;gt;.
">
      <![CDATA[java.lang.AssertionError: 1 expectation failed.
Expected status code <200> but was <404>.

at org.codehaus.groovy.runtime.callsite.ConstructorSite$ConstructorSiteNoUnwrapNoCoerce.callConstructor(ConstructorSite.java:108)
at org.codehaus.groovy.runtime.callsite.CallSiteArray.defaultCallConstructor(CallSiteArray.java:57)
at org.codehaus.groovy.runtime.callsite.AbstractCallSite.callConstructor(AbstractCallSite.java:263)
at org.codehaus.groovy.runtime.callsite.AbstractCallSite.callConstructor(AbstractCallSite.java:277)
at io.restassured.internal.ResponseSpecificationImpl$HamcrestAssertionClosure.validate(ResponseSpecificationImpl.groovy:512)
at io.restassured.internal.ResponseSpecificationImpl$HamcrestAssertionClosure$validate$1.call(Unknown Source)
at io.restassured.internal.ResponseSpecificationImpl.validateResponseIfRequired(ResponseSpecificationImpl.groovy:696)
at io.restassured.internal.ResponseSpecificationImpl.this$2$validateResponseIfRequired(ResponseSpecificationImpl.groovy)
at org.codehaus.groovy.runtime.callsite.PlainObjectMetaMethodSite.doInvoke(PlainObjectMetaMethodSite.java:43)
at org.codehaus.groovy.runtime.callsite.PogoMetaMethodSite$PogoCachedMethodSiteNoUnwrapNoCoerce.invoke(PogoMetaMethodSite.java:198)
at org.codehaus.groovy.runtime.callsite.PogoMetaMethodSite.callCurrent(PogoMetaMethodSite.java:62)
at org.codehaus.groovy.runtime.callsite.AbstractCallSite.callCurrent(AbstractCallSite.java:185)
at io.restassured.internal.ResponseSpecificationImpl.statusCode(ResponseSpecificationImpl.groovy:135)
at io.restassured.specification.ResponseSpecification$statusCode$0.callCurrent(Unknown Source)
at io.restassured.internal.ResponseSpecificationImpl.statusCode(ResponseSpecificationImpl.groovy:143)
at io.restassured.internal.ValidatableResponseOptionsImpl.statusCode(ValidatableResponseOptionsImpl.java:89)
at in.biencaps.erp.api.bodyValidations.BodyValidation.responseValidation(BodyValidation.java:10)
at in.biencaps.erp.api.testcases.DepartmentFolderAPITestCases.verify_Get_Employees_By_Department_Name_With_Authorization(DepartmentFolderAPITestCases.java:347)
at java.base/java.util.ArrayList.forEach(ArrayList.java:1511)
... Removed 36 stack frames]]>
    </failure>
  </testcase> <!-- verify_Get_Employees_By_Department_Name_With_Authorization -->
  <testcase classname="in.biencaps.erp.api.testcases.DepartmentFolderAPITestCases" name="verify_Get_Employees_By_Department_By_Giving_Invalid_Department" time="0.727"/>
  <testcase classname="in.biencaps.erp.api.testcases.DepartmentFolderAPITestCases" name="verify_Get_All_Employees_By_Designation_With_Authorization" time="1.036"/>
  <testcase classname="in.biencaps.erp.api.testcases.DepartmentFolderAPITestCases" name="verify_Get_All_Employees_By_Designation_By_Giving_Invalid_Designation" time="0.352"/>
  <testcase classname="in.biencaps.erp.api.testcases.DepartmentFolderAPITestCases" name="verify_Get_All_Assignee_With_Authorization_By_Giving_Valid_Role_Level" time="0.836"/>
  <testcase classname="in.biencaps.erp.api.testcases.DepartmentFolderAPITestCases" name="verify_Get_Higher_Authority_With_Authorization" time="0.781"/>
  <testcase classname="in.biencaps.erp.api.testcases.DepartmentFolderAPITestCases" name="verify_Get_Higher_Authority_By_Giving_Invalid_Department" time="1.066"/>
  <testcase classname="in.biencaps.erp.api.testcases.VerificationFolderAPITestCases" name="verify_Add_Verification_Without_Authorization" time="0.416"/>
  <testcase classname="in.biencaps.erp.api.testcases.VerificationFolderAPITestCases" name="verify_Get_All_Verificationes_Without_Authorization" time="0.368"/>
  <testcase classname="in.biencaps.erp.api.testcases.VerificationFolderAPITestCases" name="verify_Update_Verification_Without_Authorization" time="0.742"/>
  <testcase classname="in.biencaps.erp.api.testcases.VerificationFolderAPITestCases" name="verify_Delete_Verification_Without_Authorization" time="0.355"/>
  <testcase classname="in.biencaps.erp.api.testcases.VerificationFolderAPITestCases" name="verify_Get_All_Verificationes_With_Authorization" time="0.614"/>
  <testcase classname="in.biencaps.erp.api.testcases.EmployeeFolderAPITestCases" name="verify_Add_Employee_Without_Authorization" time="0.535"/>
  <testcase classname="in.biencaps.erp.api.testcases.EmployeeFolderAPITestCases" name="verify_Get_Single_Employee_Without_Authorization" time="0.921"/>
  <testcase classname="in.biencaps.erp.api.testcases.EmployeeFolderAPITestCases" name="verify_Get_UserId_Without_Authorization" time="0.415"/>
  <testcase classname="in.biencaps.erp.api.testcases.EmployeeFolderAPITestCases" name="verify_Get_All_Reporting_Authorities_Without_Authorization" time="0.411"/>
  <testcase classname="in.biencaps.erp.api.testcases.EmployeeFolderAPITestCases" name="verify_Get_All_Assignees_Without_Authorization" time="0.395"/>
  <testcase classname="in.biencaps.erp.api.testcases.EmployeeFolderAPITestCases" name="verify_Get_All_Employees_Without_Authorization" time="0.348"/>
  <testcase classname="in.biencaps.erp.api.testcases.EmployeeFolderAPITestCases" name="verify_Get_All_Active_Users_Info_Without_Authorization" time="0.364"/>
  <testcase classname="in.biencaps.erp.api.testcases.EmployeeFolderAPITestCases" name="verify_Get_All_Employees_Ids_And_Names_Without_Authorization" time="0.366"/>
  <testcase classname="in.biencaps.erp.api.testcases.EmployeeFolderAPITestCases" name="verify_Get_Assigned_Task_Info_By_Role_Without_Authorization" time="0.387"/>
  <testcase classname="in.biencaps.erp.api.testcases.EmployeeFolderAPITestCases" name="verify_Get_Search_Employee_In_Level_Without_Authorization" time="0.362"/>
  <testcase classname="in.biencaps.erp.api.testcases.EmployeeFolderAPITestCases" name="verify_Add_Token_For_Web_Without_Authorization" time="0.391"/>
  <testcase classname="in.biencaps.erp.api.testcases.EmployeeFolderAPITestCases" name="verify_Add_Token_For_Mobile_Without_Authorization" time="0.39"/>
  <testcase classname="in.biencaps.erp.api.testcases.EmployeeFolderAPITestCases" name="verify_Update_Employee_Without_Authorization" time="0.57"/>
  <testcase classname="in.biencaps.erp.api.testcases.EmployeeFolderAPITestCases" name="verify_Update_Password_Without_Authorization" time="0.378"/>
  <testcase classname="in.biencaps.erp.api.testcases.EmployeeFolderAPITestCases" name="verify_Get_Task_Owners_Without_Authorization" time="0.524"/>
  <testcase classname="in.biencaps.erp.api.testcases.EmployeeFolderAPITestCases" name="verify_Get_All_Employee_With_Authorization" time="1.158"/>
  <testcase classname="in.biencaps.erp.api.testcases.EmployeeFolderAPITestCases" name="verify_Get_Single_Employee_With_Authorization" time="0.928"/>
  <testcase classname="in.biencaps.erp.api.testcases.EmployeeFolderAPITestCases" name="verify_Get_Single_Employee_By_Giving_Invalid_UserId" time="0.589"/>
  <testcase classname="in.biencaps.erp.api.testcases.EmployeeFolderAPITestCases" name="verify_Get_Task_Owners_With_Authorization" time="0.82"/>
  <testcase classname="in.biencaps.erp.api.testcases.EmployeeFolderAPITestCases" name="verify_Get_User_Id_With_Authorization" time="1.0"/>
  <testcase classname="in.biencaps.erp.api.testcases.EmployeeFolderAPITestCases" name="verify_Get_All_Employee_Id_And_Names_With_Authorization" time="0.765"/>
  <testcase classname="in.biencaps.erp.api.testcases.EmployeeFolderAPITestCases" name="verify_Get_Reporting_Authority_With_Authorization" time="0.891"/>
  <testcase classname="in.biencaps.erp.api.testcases.EmployeeFolderAPITestCases" name="verify_Get_Reporting_Authority_By_Giving_Invalid_Department" time="0.835"/>
  <testcase classname="in.biencaps.erp.api.testcases.EmployeeFolderAPITestCases" name="verify_Get_All_Assignee_With_Authorization_By_Giving_Valid_Role_Level" time="1.002"/>
  <testcase classname="in.biencaps.erp.api.testcases.EmployeeFolderAPITestCases" name="verify_Get_Assigned_Task_Info_By_Role_With_Authorization" time="0.861"/>
  <testcase classname="in.biencaps.erp.api.testcases.EmployeeFolderAPITestCases" name="verify_Get_Assigned_Task_Info_By_Role_With_Authorization" time="0.517"/>
  <testcase classname="in.biencaps.erp.api.testcases.EmployeeFolderAPITestCases" name="verify_Get_Assigned_Task_Info_By_Role_With_Authorization" time="0.387"/>
  <testcase classname="in.biencaps.erp.api.testcases.EmployeeFolderAPITestCases" name="verify_Get_Assigned_Task_Info_By_Role_With_Authorization" time="0.632"/>
  <testcase classname="in.biencaps.erp.api.testcases.EmployeeFolderAPITestCases" name="verify_Get_Encrypted_Email_With_Authorization" time="1.119"/>
  <testcase classname="in.biencaps.erp.api.testcases.EmployeeFolderAPITestCases" name="verify_Get_Encrypted_Email_With_Authorization" time="0.368"/>
  <testcase classname="in.biencaps.erp.api.testcases.EmployeeFolderAPITestCases" name="verify_Get_Search_Employee_In_Level_With_Authorization" time="0.415"/>
  <testcase classname="in.biencaps.erp.api.testcases.EmployeeFolderAPITestCases" name="verify_Get_Search_Employee_In_Level_With_Authorization" time="0.333"/>
  <testcase classname="in.biencaps.erp.api.testcases.EmployeeFolderAPITestCases" name="verify_Get_Search_Employee_In_Level_With_Authorization" time="0.393"/>
  <testcase classname="in.biencaps.erp.api.testcases.EmployeeFolderAPITestCases" name="verify_Get_Search_Employee_In_Level_With_Authorization" time="0.324"/>
  <testcase classname="in.biencaps.erp.api.testcases.EmployeeFolderAPITestCases" name="verify_Get_Search_Employee_In_Level_With_Authorization" time="0.359"/>
  <testcase classname="in.biencaps.erp.api.testcases.EmployeeFolderAPITestCases" name="verify_Get_Search_Employee_In_Level_With_Authorization" time="0.313"/>
  <testcase classname="in.biencaps.erp.api.testcases.EmployeeFolderAPITestCases" name="verify_Add_Token_For_Web_With_Authorization" time="0.509"/>
  <testcase classname="in.biencaps.erp.api.testcases.EmployeeFolderAPITestCases" name="verify_Add_Token_For_Web_With_Authorization" time="0.434"/>
  <testcase classname="in.biencaps.erp.api.testcases.EmployeeFolderAPITestCases" name="verify_Add_Token_For_Web_With_Authorization" time="0.494"/>
  <testcase classname="in.biencaps.erp.api.testcases.EmployeeFolderAPITestCases" name="verify_Add_Token_For_Mobile_With_Authorization" time="0.365"/>
  <testcase classname="in.biencaps.erp.api.testcases.EmployeeFolderAPITestCases" name="verify_Add_Token_For_Mobile_With_Authorization" time="0.462"/>
  <testcase classname="in.biencaps.erp.api.testcases.EmployeeFolderAPITestCases" name="verify_Add_Token_For_Mobile_With_Authorization" time="0.497"/>
  <testcase classname="in.biencaps.erp.api.testcases.ProjectFolderAPITestCases" name="verify_Add_Project_Without_Authorization" time="0.416"/>
  <testcase classname="in.biencaps.erp.api.testcases.ProjectFolderAPITestCases" name="verify_Get_All_Projects_Without_Authorization" time="0.37"/>
  <testcase classname="in.biencaps.erp.api.testcases.ProjectFolderAPITestCases" name="verify_Get_All_Projects_For_An_User_Id_Without_Authorization" time="0.634"/>
  <testcase classname="in.biencaps.erp.api.testcases.ProjectFolderAPITestCases" name="verify_Get_All_Projects_Assignee_Without_Authorization" time="0.535"/>
  <testcase classname="in.biencaps.erp.api.testcases.ProjectFolderAPITestCases" name="verify_Get_All_Project_Managers_Without_Authorization" time="0.489"/>
  <testcase classname="in.biencaps.erp.api.testcases.ProjectFolderAPITestCases" name="verify_Get_All_Project_Status_Without_Authorization" time="0.416"/>
  <testcase classname="in.biencaps.erp.api.testcases.ProjectFolderAPITestCases" name="verify_Get_All_Project_By_Department_Without_Authorization" time="0.613"/>
  <testcase classname="in.biencaps.erp.api.testcases.ProjectFolderAPITestCases" name="verify_Get_Single_Project_By_Project_Id_Without_Authorization" time="0.401"/>
  <testcase classname="in.biencaps.erp.api.testcases.ProjectFolderAPITestCases" name="verify_Get_All_Tasks_For_Project_Without_Authorization" time="0.513"/>
  <testcase classname="in.biencaps.erp.api.testcases.ProjectFolderAPITestCases" name="verify_Get_All_Projects_With_Authorization" time="2.37"/>
  <testcase classname="in.biencaps.erp.api.testcases.ProjectFolderAPITestCases" name="verify_Get_All_Tasks_For_Project_Search_Without_Authorization" time="0.406"/>
  <testcase classname="in.biencaps.erp.api.testcases.ProjectFolderAPITestCases" name="verify_Update_Project_Without_Authorization" time="0.596"/>
  <testcase classname="in.biencaps.erp.api.testcases.ProjectFolderAPITestCases" name="verify_Delete_Project_Without_Authorization" time="0.402"/>
  <testcase classname="in.biencaps.erp.api.testcases.ProjectFolderAPITestCases" name="verify_Get_All_Projects_For_An_User_Id_With_Authorization" time="2.125"/>
  <testcase classname="in.biencaps.erp.api.testcases.ProjectFolderAPITestCases" name="verify_Get_All_Projects_For_An_User_Id_With_Authorization" time="0.436"/>
  <testcase classname="in.biencaps.erp.api.testcases.ProjectFolderAPITestCases" name="verify_Get_All_Project_Managers_WithAuthorization" time="0.877"/>
  <testcase classname="in.biencaps.erp.api.testcases.ProjectFolderAPITestCases" name="verify_Get_All_Project_Status_With_Authorization" time="0.519"/>
  <testcase classname="in.biencaps.erp.api.testcases.ProjectFolderAPITestCases" name="verify_Get_All_Project_By_Department_With_Authorization" time="0.877"/>
  <testcase classname="in.biencaps.erp.api.testcases.ProjectFolderAPITestCases" name="verify_Get_All_Project_By_Department_With_Authorization" time="0.45"/>
  <testcase classname="in.biencaps.erp.api.testcases.ProjectFolderAPITestCases" name="verify_Add_Project_With_Authorization" time="1.026"/>
  <testcase classname="in.biencaps.erp.api.testcases.ProjectFolderAPITestCases" name="verify_Add_Project_With_Authorization" time="1.119">
    <failure type="java.lang.AssertionError" message="1 expectation failed.
Expected status code &amp;lt;400&amp;gt; but was &amp;lt;409&amp;gt;.
">
      <![CDATA[java.lang.AssertionError: 1 expectation failed.
Expected status code <400> but was <409>.

at org.codehaus.groovy.runtime.callsite.ConstructorSite$ConstructorSiteNoUnwrapNoCoerce.callConstructor(ConstructorSite.java:108)
at org.codehaus.groovy.runtime.callsite.AbstractCallSite.callConstructor(AbstractCallSite.java:277)
at io.restassured.internal.ResponseSpecificationImpl$HamcrestAssertionClosure.validate(ResponseSpecificationImpl.groovy:512)
at io.restassured.internal.ResponseSpecificationImpl$HamcrestAssertionClosure$validate$1.call(Unknown Source)
at io.restassured.internal.ResponseSpecificationImpl.validateResponseIfRequired(ResponseSpecificationImpl.groovy:696)
at io.restassured.internal.ResponseSpecificationImpl.this$2$validateResponseIfRequired(ResponseSpecificationImpl.groovy)
at org.codehaus.groovy.runtime.callsite.PlainObjectMetaMethodSite.doInvoke(PlainObjectMetaMethodSite.java:43)
at org.codehaus.groovy.runtime.callsite.PogoMetaMethodSite$PogoCachedMethodSiteNoUnwrapNoCoerce.invoke(PogoMetaMethodSite.java:198)
at org.codehaus.groovy.runtime.callsite.PogoMetaMethodSite.callCurrent(PogoMetaMethodSite.java:62)
at org.codehaus.groovy.runtime.callsite.AbstractCallSite.callCurrent(AbstractCallSite.java:185)
at io.restassured.internal.ResponseSpecificationImpl.statusCode(ResponseSpecificationImpl.groovy:135)
at io.restassured.specification.ResponseSpecification$statusCode$0.callCurrent(Unknown Source)
at io.restassured.internal.ResponseSpecificationImpl.statusCode(ResponseSpecificationImpl.groovy:143)
at io.restassured.internal.ValidatableResponseOptionsImpl.statusCode(ValidatableResponseOptionsImpl.java:89)
at in.biencaps.erp.api.bodyValidations.BodyValidation.response400Validation(BodyValidation.java:38)
at in.biencaps.erp.api.testcases.ProjectFolderAPITestCases.verify_Add_Project_With_Authorization(ProjectFolderAPITestCases.java:308)
at java.base/java.util.ArrayList.forEach(ArrayList.java:1511)
... Removed 36 stack frames]]>
    </failure>
  </testcase> <!-- verify_Add_Project_With_Authorization -->
  <testcase classname="in.biencaps.erp.api.testcases.ProjectFolderAPITestCases" name="verify_Add_Project_With_Authorization" time="4.029"/>
  <testcase classname="in.biencaps.erp.api.testcases.ProjectFolderAPITestCases" name="verify_Add_Project_With_Authorization" time="0.877">
    <failure type="java.lang.AssertionError" message="1 expectation failed.
Expected status code &amp;lt;400&amp;gt; but was &amp;lt;409&amp;gt;.
">
      <![CDATA[java.lang.AssertionError: 1 expectation failed.
Expected status code <400> but was <409>.

at org.codehaus.groovy.runtime.callsite.ConstructorSite$ConstructorSiteNoUnwrapNoCoerce.callConstructor(ConstructorSite.java:108)
at org.codehaus.groovy.runtime.callsite.AbstractCallSite.callConstructor(AbstractCallSite.java:277)
at io.restassured.internal.ResponseSpecificationImpl$HamcrestAssertionClosure.validate(ResponseSpecificationImpl.groovy:512)
at io.restassured.internal.ResponseSpecificationImpl$HamcrestAssertionClosure$validate$1.call(Unknown Source)
at io.restassured.internal.ResponseSpecificationImpl.validateResponseIfRequired(ResponseSpecificationImpl.groovy:696)
at io.restassured.internal.ResponseSpecificationImpl.this$2$validateResponseIfRequired(ResponseSpecificationImpl.groovy)
at org.codehaus.groovy.runtime.callsite.PlainObjectMetaMethodSite.doInvoke(PlainObjectMetaMethodSite.java:43)
at org.codehaus.groovy.runtime.callsite.PogoMetaMethodSite$PogoCachedMethodSiteNoUnwrapNoCoerce.invoke(PogoMetaMethodSite.java:198)
at org.codehaus.groovy.runtime.callsite.PogoMetaMethodSite.callCurrent(PogoMetaMethodSite.java:62)
at org.codehaus.groovy.runtime.callsite.AbstractCallSite.callCurrent(AbstractCallSite.java:185)
at io.restassured.internal.ResponseSpecificationImpl.statusCode(ResponseSpecificationImpl.groovy:135)
at io.restassured.specification.ResponseSpecification$statusCode$0.callCurrent(Unknown Source)
at io.restassured.internal.ResponseSpecificationImpl.statusCode(ResponseSpecificationImpl.groovy:143)
at io.restassured.internal.ValidatableResponseOptionsImpl.statusCode(ValidatableResponseOptionsImpl.java:89)
at in.biencaps.erp.api.bodyValidations.BodyValidation.response400Validation(BodyValidation.java:38)
at in.biencaps.erp.api.testcases.ProjectFolderAPITestCases.verify_Add_Project_With_Authorization(ProjectFolderAPITestCases.java:308)
at java.base/java.util.ArrayList.forEach(ArrayList.java:1511)
... Removed 36 stack frames]]>
    </failure>
  </testcase> <!-- verify_Add_Project_With_Authorization -->
  <testcase classname="in.biencaps.erp.api.testcases.ProjectFolderAPITestCases" name="verify_Add_Project_With_Authorization" time="3.168"/>
  <testcase classname="in.biencaps.erp.api.testcases.ProjectFolderAPITestCases" name="verify_Add_Project_With_Authorization" time="1.042"/>
  <testcase classname="in.biencaps.erp.api.testcases.ProjectFolderAPITestCases" name="verify_Add_Project_With_Authorization" time="1.104">
    <failure type="java.lang.AssertionError" message="1 expectation failed.
Expected status code &amp;lt;404&amp;gt; but was &amp;lt;201&amp;gt;.
">
      <![CDATA[java.lang.AssertionError: 1 expectation failed.
Expected status code <404> but was <201>.

at org.codehaus.groovy.runtime.callsite.ConstructorSite$ConstructorSiteNoUnwrapNoCoerce.callConstructor(ConstructorSite.java:108)
at org.codehaus.groovy.runtime.callsite.AbstractCallSite.callConstructor(AbstractCallSite.java:277)
at io.restassured.internal.ResponseSpecificationImpl$HamcrestAssertionClosure.validate(ResponseSpecificationImpl.groovy:512)
at io.restassured.internal.ResponseSpecificationImpl$HamcrestAssertionClosure$validate$1.call(Unknown Source)
at io.restassured.internal.ResponseSpecificationImpl.validateResponseIfRequired(ResponseSpecificationImpl.groovy:696)
at io.restassured.internal.ResponseSpecificationImpl.this$2$validateResponseIfRequired(ResponseSpecificationImpl.groovy)
at org.codehaus.groovy.runtime.callsite.PlainObjectMetaMethodSite.doInvoke(PlainObjectMetaMethodSite.java:43)
at org.codehaus.groovy.runtime.callsite.PogoMetaMethodSite$PogoCachedMethodSiteNoUnwrapNoCoerce.invoke(PogoMetaMethodSite.java:198)
at org.codehaus.groovy.runtime.callsite.PogoMetaMethodSite.callCurrent(PogoMetaMethodSite.java:62)
at org.codehaus.groovy.runtime.callsite.AbstractCallSite.callCurrent(AbstractCallSite.java:185)
at io.restassured.internal.ResponseSpecificationImpl.statusCode(ResponseSpecificationImpl.groovy:135)
at io.restassured.specification.ResponseSpecification$statusCode$0.callCurrent(Unknown Source)
at io.restassured.internal.ResponseSpecificationImpl.statusCode(ResponseSpecificationImpl.groovy:143)
at io.restassured.internal.ValidatableResponseOptionsImpl.statusCode(ValidatableResponseOptionsImpl.java:89)
at in.biencaps.erp.api.bodyValidations.BodyValidation.responseValidation(BodyValidation.java:56)
at in.biencaps.erp.api.testcases.ProjectFolderAPITestCases.verify_Add_Project_With_Authorization(ProjectFolderAPITestCases.java:312)
at java.base/java.util.ArrayList.forEach(ArrayList.java:1511)
... Removed 36 stack frames]]>
    </failure>
  </testcase> <!-- verify_Add_Project_With_Authorization -->
  <testcase classname="in.biencaps.erp.api.testcases.ProjectFolderAPITestCases" name="verify_Add_Project_With_Authorization" time="1.038"/>
  <testcase classname="in.biencaps.erp.api.testcases.ProjectFolderAPITestCases" name="verify_Add_Project_With_Authorization" time="1.05">
    <failure type="java.lang.AssertionError" message="1 expectation failed.
Expected status code &amp;lt;404&amp;gt; but was &amp;lt;500&amp;gt;.
">
      <![CDATA[java.lang.AssertionError: 1 expectation failed.
Expected status code <404> but was <500>.

at org.codehaus.groovy.runtime.callsite.ConstructorSite$ConstructorSiteNoUnwrapNoCoerce.callConstructor(ConstructorSite.java:108)
at org.codehaus.groovy.runtime.callsite.AbstractCallSite.callConstructor(AbstractCallSite.java:277)
at io.restassured.internal.ResponseSpecificationImpl$HamcrestAssertionClosure.validate(ResponseSpecificationImpl.groovy:512)
at io.restassured.internal.ResponseSpecificationImpl$HamcrestAssertionClosure$validate$1.call(Unknown Source)
at io.restassured.internal.ResponseSpecificationImpl.validateResponseIfRequired(ResponseSpecificationImpl.groovy:696)
at io.restassured.internal.ResponseSpecificationImpl.this$2$validateResponseIfRequired(ResponseSpecificationImpl.groovy)
at org.codehaus.groovy.runtime.callsite.PlainObjectMetaMethodSite.doInvoke(PlainObjectMetaMethodSite.java:43)
at org.codehaus.groovy.runtime.callsite.PogoMetaMethodSite$PogoCachedMethodSiteNoUnwrapNoCoerce.invoke(PogoMetaMethodSite.java:198)
at org.codehaus.groovy.runtime.callsite.PogoMetaMethodSite.callCurrent(PogoMetaMethodSite.java:62)
at org.codehaus.groovy.runtime.callsite.AbstractCallSite.callCurrent(AbstractCallSite.java:185)
at io.restassured.internal.ResponseSpecificationImpl.statusCode(ResponseSpecificationImpl.groovy:135)
at io.restassured.specification.ResponseSpecification$statusCode$0.callCurrent(Unknown Source)
at io.restassured.internal.ResponseSpecificationImpl.statusCode(ResponseSpecificationImpl.groovy:143)
at io.restassured.internal.ValidatableResponseOptionsImpl.statusCode(ValidatableResponseOptionsImpl.java:89)
at in.biencaps.erp.api.bodyValidations.BodyValidation.responseValidation(BodyValidation.java:56)
at in.biencaps.erp.api.testcases.ProjectFolderAPITestCases.verify_Add_Project_With_Authorization(ProjectFolderAPITestCases.java:317)
at java.base/java.util.ArrayList.forEach(ArrayList.java:1511)
... Removed 36 stack frames]]>
    </failure>
  </testcase> <!-- verify_Add_Project_With_Authorization -->
  <testcase classname="in.biencaps.erp.api.testcases.ProjectFolderAPITestCases" name="verify_Add_Project_With_Authorization" time="0.969">
    <failure type="java.lang.AssertionError" message="1 expectation failed.
Expected status code &amp;lt;404&amp;gt; but was &amp;lt;500&amp;gt;.
">
      <![CDATA[java.lang.AssertionError: 1 expectation failed.
Expected status code <404> but was <500>.

at org.codehaus.groovy.runtime.callsite.ConstructorSite$ConstructorSiteNoUnwrapNoCoerce.callConstructor(ConstructorSite.java:108)
at org.codehaus.groovy.runtime.callsite.AbstractCallSite.callConstructor(AbstractCallSite.java:277)
at io.restassured.internal.ResponseSpecificationImpl$HamcrestAssertionClosure.validate(ResponseSpecificationImpl.groovy:512)
at io.restassured.internal.ResponseSpecificationImpl$HamcrestAssertionClosure$validate$1.call(Unknown Source)
at io.restassured.internal.ResponseSpecificationImpl.validateResponseIfRequired(ResponseSpecificationImpl.groovy:696)
at io.restassured.internal.ResponseSpecificationImpl.this$2$validateResponseIfRequired(ResponseSpecificationImpl.groovy)
at org.codehaus.groovy.runtime.callsite.PlainObjectMetaMethodSite.doInvoke(PlainObjectMetaMethodSite.java:43)
at org.codehaus.groovy.runtime.callsite.PogoMetaMethodSite$PogoCachedMethodSiteNoUnwrapNoCoerce.invoke(PogoMetaMethodSite.java:198)
at org.codehaus.groovy.runtime.callsite.PogoMetaMethodSite.callCurrent(PogoMetaMethodSite.java:62)
at org.codehaus.groovy.runtime.callsite.AbstractCallSite.callCurrent(AbstractCallSite.java:185)
at io.restassured.internal.ResponseSpecificationImpl.statusCode(ResponseSpecificationImpl.groovy:135)
at io.restassured.specification.ResponseSpecification$statusCode$0.callCurrent(Unknown Source)
at io.restassured.internal.ResponseSpecificationImpl.statusCode(ResponseSpecificationImpl.groovy:143)
at io.restassured.internal.ValidatableResponseOptionsImpl.statusCode(ValidatableResponseOptionsImpl.java:89)
at in.biencaps.erp.api.bodyValidations.BodyValidation.responseValidation(BodyValidation.java:56)
at in.biencaps.erp.api.testcases.ProjectFolderAPITestCases.verify_Add_Project_With_Authorization(ProjectFolderAPITestCases.java:317)
at java.base/java.util.ArrayList.forEach(ArrayList.java:1511)
... Removed 36 stack frames]]>
    </failure>
  </testcase> <!-- verify_Add_Project_With_Authorization -->
  <testcase classname="in.biencaps.erp.api.testcases.ProjectFolderAPITestCases" name="verify_Add_Project_With_Authorization" time="1.124">
    <failure type="java.lang.AssertionError" message="1 expectation failed.
Expected status code &amp;lt;404&amp;gt; but was &amp;lt;500&amp;gt;.
">
      <![CDATA[java.lang.AssertionError: 1 expectation failed.
Expected status code <404> but was <500>.

at org.codehaus.groovy.runtime.callsite.ConstructorSite$ConstructorSiteNoUnwrapNoCoerce.callConstructor(ConstructorSite.java:108)
at org.codehaus.groovy.runtime.callsite.AbstractCallSite.callConstructor(AbstractCallSite.java:277)
at io.restassured.internal.ResponseSpecificationImpl$HamcrestAssertionClosure.validate(ResponseSpecificationImpl.groovy:512)
at io.restassured.internal.ResponseSpecificationImpl$HamcrestAssertionClosure$validate$1.call(Unknown Source)
at io.restassured.internal.ResponseSpecificationImpl.validateResponseIfRequired(ResponseSpecificationImpl.groovy:696)
at io.restassured.internal.ResponseSpecificationImpl.this$2$validateResponseIfRequired(ResponseSpecificationImpl.groovy)
at org.codehaus.groovy.runtime.callsite.PlainObjectMetaMethodSite.doInvoke(PlainObjectMetaMethodSite.java:43)
at org.codehaus.groovy.runtime.callsite.PogoMetaMethodSite$PogoCachedMethodSiteNoUnwrapNoCoerce.invoke(PogoMetaMethodSite.java:198)
at org.codehaus.groovy.runtime.callsite.PogoMetaMethodSite.callCurrent(PogoMetaMethodSite.java:62)
at org.codehaus.groovy.runtime.callsite.AbstractCallSite.callCurrent(AbstractCallSite.java:185)
at io.restassured.internal.ResponseSpecificationImpl.statusCode(ResponseSpecificationImpl.groovy:135)
at io.restassured.specification.ResponseSpecification$statusCode$0.callCurrent(Unknown Source)
at io.restassured.internal.ResponseSpecificationImpl.statusCode(ResponseSpecificationImpl.groovy:143)
at io.restassured.internal.ValidatableResponseOptionsImpl.statusCode(ValidatableResponseOptionsImpl.java:89)
at in.biencaps.erp.api.bodyValidations.BodyValidation.responseValidation(BodyValidation.java:56)
at in.biencaps.erp.api.testcases.ProjectFolderAPITestCases.verify_Add_Project_With_Authorization(ProjectFolderAPITestCases.java:320)
at java.base/java.util.ArrayList.forEach(ArrayList.java:1511)
... Removed 36 stack frames]]>
    </failure>
  </testcase> <!-- verify_Add_Project_With_Authorization -->
  <testcase classname="in.biencaps.erp.api.testcases.ProjectFolderAPITestCases" name="verify_Add_Project_With_Authorization" time="1.052">
    <failure type="java.lang.AssertionError" message="1 expectation failed.
Expected status code &amp;lt;404&amp;gt; but was &amp;lt;500&amp;gt;.
">
      <![CDATA[java.lang.AssertionError: 1 expectation failed.
Expected status code <404> but was <500>.

at org.codehaus.groovy.runtime.callsite.ConstructorSite$ConstructorSiteNoUnwrapNoCoerce.callConstructor(ConstructorSite.java:108)
at org.codehaus.groovy.runtime.callsite.AbstractCallSite.callConstructor(AbstractCallSite.java:277)
at io.restassured.internal.ResponseSpecificationImpl$HamcrestAssertionClosure.validate(ResponseSpecificationImpl.groovy:512)
at io.restassured.internal.ResponseSpecificationImpl$HamcrestAssertionClosure$validate$1.call(Unknown Source)
at io.restassured.internal.ResponseSpecificationImpl.validateResponseIfRequired(ResponseSpecificationImpl.groovy:696)
at io.restassured.internal.ResponseSpecificationImpl.this$2$validateResponseIfRequired(ResponseSpecificationImpl.groovy)
at org.codehaus.groovy.runtime.callsite.PlainObjectMetaMethodSite.doInvoke(PlainObjectMetaMethodSite.java:43)
at org.codehaus.groovy.runtime.callsite.PogoMetaMethodSite$PogoCachedMethodSiteNoUnwrapNoCoerce.invoke(PogoMetaMethodSite.java:198)
at org.codehaus.groovy.runtime.callsite.PogoMetaMethodSite.callCurrent(PogoMetaMethodSite.java:62)
at org.codehaus.groovy.runtime.callsite.AbstractCallSite.callCurrent(AbstractCallSite.java:185)
at io.restassured.internal.ResponseSpecificationImpl.statusCode(ResponseSpecificationImpl.groovy:135)
at io.restassured.specification.ResponseSpecification$statusCode$0.callCurrent(Unknown Source)
at io.restassured.internal.ResponseSpecificationImpl.statusCode(ResponseSpecificationImpl.groovy:143)
at io.restassured.internal.ValidatableResponseOptionsImpl.statusCode(ValidatableResponseOptionsImpl.java:89)
at in.biencaps.erp.api.bodyValidations.BodyValidation.responseValidation(BodyValidation.java:56)
at in.biencaps.erp.api.testcases.ProjectFolderAPITestCases.verify_Add_Project_With_Authorization(ProjectFolderAPITestCases.java:320)
at java.base/java.util.ArrayList.forEach(ArrayList.java:1511)
... Removed 36 stack frames]]>
    </failure>
  </testcase> <!-- verify_Add_Project_With_Authorization -->
  <testcase classname="in.biencaps.erp.api.testcases.ProjectFolderAPITestCases" name="verify_Add_Project_With_Authorization" time="3.785"/>
  <testcase classname="in.biencaps.erp.api.testcases.ProjectFolderAPITestCases" name="verify_Add_Project_With_Authorization" time="0.808"/>
  <testcase classname="in.biencaps.erp.api.testcases.ProjectFolderAPITestCases" name="verify_Get_All_Tasks_For_Project_With_Authorization" time="1.121"/>
  <testcase classname="in.biencaps.erp.api.testcases.ProjectFolderAPITestCases" name="verify_Get_All_Tasks_For_Project_With_Authorization" time="0.925"/>
  <testcase classname="in.biencaps.erp.api.testcases.ProjectFolderAPITestCases" name="verify_Delete_Project_With_Authorization" time="1.016"/>
  <testcase classname="in.biencaps.erp.api.testcases.ProjectFolderAPITestCases" name="verify_Delete_Project_With_Authorization" time="0.972"/>
  <testcase classname="in.biencaps.erp.api.testcases.ProjectFolderAPITestCases" name="verify_Delete_Project_With_Authorization" time="0.857">
    <failure type="java.lang.AssertionError" message="1 expectation failed.
Expected status code &amp;lt;422&amp;gt; but was &amp;lt;404&amp;gt;.
">
      <![CDATA[java.lang.AssertionError: 1 expectation failed.
Expected status code <422> but was <404>.

at org.codehaus.groovy.runtime.callsite.ConstructorSite$ConstructorSiteNoUnwrapNoCoerce.callConstructor(ConstructorSite.java:108)
at org.codehaus.groovy.runtime.callsite.AbstractCallSite.callConstructor(AbstractCallSite.java:277)
at io.restassured.internal.ResponseSpecificationImpl$HamcrestAssertionClosure.validate(ResponseSpecificationImpl.groovy:512)
at io.restassured.internal.ResponseSpecificationImpl$HamcrestAssertionClosure$validate$1.call(Unknown Source)
at io.restassured.internal.ResponseSpecificationImpl.validateResponseIfRequired(ResponseSpecificationImpl.groovy:696)
at io.restassured.internal.ResponseSpecificationImpl.this$2$validateResponseIfRequired(ResponseSpecificationImpl.groovy)
at org.codehaus.groovy.runtime.callsite.PlainObjectMetaMethodSite.doInvoke(PlainObjectMetaMethodSite.java:43)
at org.codehaus.groovy.runtime.callsite.PogoMetaMethodSite$PogoCachedMethodSiteNoUnwrapNoCoerce.invoke(PogoMetaMethodSite.java:198)
at org.codehaus.groovy.runtime.callsite.PogoMetaMethodSite.callCurrent(PogoMetaMethodSite.java:62)
at org.codehaus.groovy.runtime.callsite.AbstractCallSite.callCurrent(AbstractCallSite.java:185)
at io.restassured.internal.ResponseSpecificationImpl.statusCode(ResponseSpecificationImpl.groovy:135)
at io.restassured.specification.ResponseSpecification$statusCode$0.callCurrent(Unknown Source)
at io.restassured.internal.ResponseSpecificationImpl.statusCode(ResponseSpecificationImpl.groovy:143)
at io.restassured.internal.ValidatableResponseOptionsImpl.statusCode(ValidatableResponseOptionsImpl.java:89)
at in.biencaps.erp.api.bodyValidations.BodyValidation.responseValidation(BodyValidation.java:56)
at in.biencaps.erp.api.testcases.ProjectFolderAPITestCases.verify_Delete_Project_With_Authorization(ProjectFolderAPITestCases.java:418)
at java.base/java.util.ArrayList.forEach(ArrayList.java:1511)
... Removed 36 stack frames]]>
    </failure>
  </testcase> <!-- verify_Delete_Project_With_Authorization -->
  <testcase classname="in.biencaps.erp.api.testcases.ProjectFolderAPITestCases" name="verify_Delete_Project_With_Authorization" time="1.132"/>
  <testcase classname="in.biencaps.erp.api.testcases.ProjectFolderAPITestCases" name="verify_Delete_Project_With_Authorization" time="3.695"/>
  <testcase classname="in.biencaps.erp.api.testcases.BaseTest" name="@AfterSuite flush_Extent_Report" time="0.0">
    <ignored/>
  </testcase> <!-- @AfterSuite flush_Extent_Report -->
  <testcase classname="in.biencaps.erp.api.testcases.BaseTest" name="@BeforeSuite startBackendServer" time="0.0">
    <ignored/>
  </testcase> <!-- @BeforeSuite startBackendServer -->
  <testcase classname="in.biencaps.erp.api.testcases.PriorityFolderAPITestCases" name="verify_Update_Priority_With_Authorization" time="0.0">
    <ignored/>
  </testcase> <!-- verify_Update_Priority_With_Authorization -->
  <testcase classname="in.biencaps.erp.api.testcases.RoleFolderAPITestCases" name="verify_Get_Role_By_Level_With_Authorization" time="0.0">
    <ignored/>
  </testcase> <!-- verify_Get_Role_By_Level_With_Authorization -->
  <testcase classname="in.biencaps.erp.api.testcases.DesignationFolderAPITestCases" name="verify_Delete_Designation_With_Authorization" time="0.0">
    <ignored/>
  </testcase> <!-- verify_Delete_Designation_With_Authorization -->
  <testcase classname="in.biencaps.erp.api.testcases.RoleFolderAPITestCases" name="verify_Add_Role_With_Authorization" time="0.0">
    <ignored/>
  </testcase> <!-- verify_Add_Role_With_Authorization -->
  <testcase classname="in.biencaps.erp.api.testcases.VerificationFolderAPITestCases" name="verify_Update_Verification_With_Authorization" time="0.0">
    <ignored/>
  </testcase> <!-- verify_Update_Verification_With_Authorization -->
  <testcase classname="in.biencaps.erp.api.testcases.RoleFolderAPITestCases" name="verify_Update_Role_With_Authorization" time="0.0">
    <ignored/>
  </testcase> <!-- verify_Update_Role_With_Authorization -->
  <testcase classname="in.biencaps.erp.api.testcases.PriorityFolderAPITestCases" name="verify_Add_Priority_With_Authorization" time="0.0">
    <ignored/>
  </testcase> <!-- verify_Add_Priority_With_Authorization -->
  <testcase classname="in.biencaps.erp.api.testcases.RoleFolderAPITestCases" name="verify_Get_Role_By_Level_Without_Authorization" time="0.0">
    <ignored/>
  </testcase> <!-- verify_Get_Role_By_Level_Without_Authorization -->
  <testcase classname="in.biencaps.erp.api.testcases.PriorityFolderAPITestCases" name="verify_Delete_Single_Priority_With_Authorization" time="0.0">
    <ignored/>
  </testcase> <!-- verify_Delete_Single_Priority_With_Authorization -->
  <testcase classname="in.biencaps.erp.api.testcases.StatusFolderAPITestCases" name="verify_Update_Status_With_Authorization" time="0.0">
    <ignored/>
  </testcase> <!-- verify_Update_Status_With_Authorization -->
  <testcase classname="in.biencaps.erp.api.testcases.ProjectFolderAPITestCases" name="verify_Update_Project_With_Authorization" time="0.0">
    <ignored/>
  </testcase> <!-- verify_Update_Project_With_Authorization -->
  <testcase classname="in.biencaps.erp.api.testcases.RoleFolderAPITestCases" name="verify_Update_Role_Without_Authorization" time="0.0">
    <ignored/>
  </testcase> <!-- verify_Update_Role_Without_Authorization -->
  <testcase classname="in.biencaps.erp.api.testcases.EmployeeFolderAPITestCases" name="verify_Add_Employee_With_Authorization" time="0.0">
    <ignored/>
  </testcase> <!-- verify_Add_Employee_With_Authorization -->
  <testcase classname="in.biencaps.erp.api.testcases.StatusFolderAPITestCases" name="verify_Add_Status_With_Authorization" time="0.0">
    <ignored/>
  </testcase> <!-- verify_Add_Status_With_Authorization -->
  <testcase classname="in.biencaps.erp.api.testcases.DepartmentFolderAPITestCases" name="verify_Add_Department_With_Authorization" time="0.0">
    <ignored/>
  </testcase> <!-- verify_Add_Department_With_Authorization -->
  <testcase classname="in.biencaps.erp.api.testcases.BaseTest" name="@BeforeSuite startBackendServer" time="0.0">
    <ignored/>
  </testcase> <!-- @BeforeSuite startBackendServer -->
  <testcase classname="in.biencaps.erp.api.testcases.RoleFolderAPITestCases" name="verify_Add_Role_Without_Authorization" time="0.0">
    <ignored/>
  </testcase> <!-- verify_Add_Role_Without_Authorization -->
  <testcase classname="in.biencaps.erp.api.testcases.BaseTest" name="@AfterSuite flush_Extent_Report" time="0.0">
    <ignored/>
  </testcase> <!-- @AfterSuite flush_Extent_Report -->
  <testcase classname="in.biencaps.erp.api.testcases.RoleFolderAPITestCases" name="verify_Delete_Role_Without_Authorization" time="0.0">
    <ignored/>
  </testcase> <!-- verify_Delete_Role_Without_Authorization -->
  <testcase classname="in.biencaps.erp.api.testcases.BaseTest" name="@AfterSuite flush_Extent_Report" time="0.0">
    <ignored/>
  </testcase> <!-- @AfterSuite flush_Extent_Report -->
  <testcase classname="in.biencaps.erp.api.testcases.BaseTest" name="@AfterSuite flush_Extent_Report" time="0.0">
    <ignored/>
  </testcase> <!-- @AfterSuite flush_Extent_Report -->
  <testcase classname="in.biencaps.erp.api.testcases.EmployeeFolderAPITestCases" name="verify_Get_All_Active_Users_Info_With_Authorization" time="0.0">
    <ignored/>
  </testcase> <!-- verify_Get_All_Active_Users_Info_With_Authorization -->
  <testcase classname="in.biencaps.erp.api.testcases.BaseTest" name="@AfterSuite flush_Extent_Report" time="0.0">
    <ignored/>
  </testcase> <!-- @AfterSuite flush_Extent_Report -->
  <testcase classname="in.biencaps.erp.api.testcases.BaseTest" name="@BeforeSuite startBackendServer" time="0.0">
    <ignored/>
  </testcase> <!-- @BeforeSuite startBackendServer -->
  <testcase classname="in.biencaps.erp.api.testcases.BaseTest" name="@BeforeSuite startBackendServer" time="0.0">
    <ignored/>
  </testcase> <!-- @BeforeSuite startBackendServer -->
  <testcase classname="in.biencaps.erp.api.testcases.BaseTest" name="@BeforeSuite startBackendServer" time="0.0">
    <ignored/>
  </testcase> <!-- @BeforeSuite startBackendServer -->
  <testcase classname="in.biencaps.erp.api.testcases.DepartmentFolderAPITestCases" name="verifyDeleteSingleDepartmentWithAuthorization" time="0.0">
    <ignored/>
  </testcase> <!-- verifyDeleteSingleDepartmentWithAuthorization -->
  <testcase classname="in.biencaps.erp.api.testcases.BaseTest" name="@AfterSuite flush_Extent_Report" time="0.0">
    <ignored/>
  </testcase> <!-- @AfterSuite flush_Extent_Report -->
  <testcase classname="in.biencaps.erp.api.testcases.BaseTest" name="@BeforeSuite startBackendServer" time="0.0">
    <ignored/>
  </testcase> <!-- @BeforeSuite startBackendServer -->
  <testcase classname="in.biencaps.erp.api.testcases.BaseTest" name="@BeforeSuite startBackendServer" time="0.0">
    <ignored/>
  </testcase> <!-- @BeforeSuite startBackendServer -->
  <testcase classname="in.biencaps.erp.api.testcases.RoleFolderAPITestCases" name="verify_Delete_Role_With_Authorization" time="0.0">
    <ignored/>
  </testcase> <!-- verify_Delete_Role_With_Authorization -->
  <testcase classname="in.biencaps.erp.api.testcases.DesignationFolderAPITestCases" name="verify_Add_Designation_With_Authorization" time="0.0">
    <ignored/>
  </testcase> <!-- verify_Add_Designation_With_Authorization -->
  <testcase classname="in.biencaps.erp.api.testcases.EmployeeFolderAPITestCases" name="verify_Update_Employee_With_Authorization" time="0.0">
    <ignored/>
  </testcase> <!-- verify_Update_Employee_With_Authorization -->
  <testcase classname="in.biencaps.erp.api.testcases.DesignationFolderAPITestCases" name="verify_Update_Designation_With_Authorization" time="0.0">
    <ignored/>
  </testcase> <!-- verify_Update_Designation_With_Authorization -->
  <testcase classname="in.biencaps.erp.api.testcases.StatusFolderAPITestCases" name="verify_Delete_Single_Status_With_Authorization" time="0.0">
    <ignored/>
  </testcase> <!-- verify_Delete_Single_Status_With_Authorization -->
  <testcase classname="in.biencaps.erp.api.testcases.BaseTest" name="@AfterSuite flush_Extent_Report" time="0.0">
    <ignored/>
  </testcase> <!-- @AfterSuite flush_Extent_Report -->
  <testcase classname="in.biencaps.erp.api.testcases.EmployeeFolderAPITestCases" name="verify_Update_Password_With_Authorization" time="0.0">
    <ignored/>
  </testcase> <!-- verify_Update_Password_With_Authorization -->
  <testcase classname="in.biencaps.erp.api.testcases.VerificationFolderAPITestCases" name="verify_Add_Verification_With_Authorization" time="0.0">
    <ignored/>
  </testcase> <!-- verify_Add_Verification_With_Authorization -->
  <testcase classname="in.biencaps.erp.api.testcases.BaseTest" name="@AfterSuite flush_Extent_Report" time="0.0">
    <ignored/>
  </testcase> <!-- @AfterSuite flush_Extent_Report -->
  <testcase classname="in.biencaps.erp.api.testcases.EmployeeFolderAPITestCases" name="verify_Add_Forgot_Password_With_Authorization" time="0.0">
    <ignored/>
  </testcase> <!-- verify_Add_Forgot_Password_With_Authorization -->
  <testcase classname="in.biencaps.erp.api.testcases.ProjectFolderAPITestCases" name="verify_Get_All_Projects_Assignee_With_Authorization" time="0.0">
    <ignored/>
  </testcase> <!-- verify_Get_All_Projects_Assignee_With_Authorization -->
  <testcase classname="in.biencaps.erp.api.testcases.BaseTest" name="@BeforeSuite startBackendServer" time="0.0">
    <ignored/>
  </testcase> <!-- @BeforeSuite startBackendServer -->
  <testcase classname="in.biencaps.erp.api.testcases.DepartmentFolderAPITestCases" name="verifyUpdateDepartmentWithAuthorization" time="0.0">
    <ignored/>
  </testcase> <!-- verifyUpdateDepartmentWithAuthorization -->
  <testcase classname="in.biencaps.erp.api.testcases.VerificationFolderAPITestCases" name="verify_Delete_Single_Verification_With_Authorization" time="0.0">
    <ignored/>
  </testcase> <!-- verify_Delete_Single_Verification_With_Authorization -->
</testsuite> <!-- Test -->
