<?xml version="1.0" encoding="UTF-8"?>
<!-- Generated by org.testng.reporters.JUnitXMLReporter -->
<testsuite ignored="7" hostname="DESKTOP-BG83L86" failures="10" tests="40" name="Test" time="49.175" errors="0" timestamp="2024-05-28T10:53:24 IST">
  <testcase classname="in.biencaps.erp.api.testcases.LoginEmployeeAPITestCases" name="verify_Login_Employee" time="2.665"/>
  <testcase classname="in.biencaps.erp.api.testcases.LoginEmployeeAPITestCases" name="verify_Login_Employee" time="1.121"/>
  <testcase classname="in.biencaps.erp.api.testcases.LoginEmployeeAPITestCases" name="verify_Login_Employee" time="0.493"/>
  <testcase classname="in.biencaps.erp.api.testcases.LoginEmployeeAPITestCases" name="verify_Login_Employee" time="1.077"/>
  <testcase classname="in.biencaps.erp.api.testcases.PriorityFolderAPITestCases" name="verify_Add_Priority_Without_Authorization" time="0.539"/>
  <testcase classname="in.biencaps.erp.api.testcases.PriorityFolderAPITestCases" name="verify_Get_All_Priority_Without_Authorization" time="0.528"/>
  <testcase classname="in.biencaps.erp.api.testcases.PriorityFolderAPITestCases" name="verify_Update_Priority_Without_Authorization" time="1.017"/>
  <testcase classname="in.biencaps.erp.api.testcases.PriorityFolderAPITestCases" name="verify_Delete_Single_Priority_Without_Authorization" time="0.468"/>
  <testcase classname="in.biencaps.erp.api.testcases.PriorityFolderAPITestCases" name="verify_Get_All_Priorities_With_Authorization" time="0.506"/>
  <testcase classname="in.biencaps.erp.api.testcases.PriorityFolderAPITestCases" name="verify_Add_Priority_With_Employee_Authorization" time="1.976"/>
  <testcase classname="in.biencaps.erp.api.testcases.PriorityFolderAPITestCases" name="verify_Add_Priority_With_Admin_Authorization" time="1.719"/>
  <testcase classname="in.biencaps.erp.api.testcases.PriorityFolderAPITestCases" name="verify_Add_Priority_With_Admin_Authorization" time="0.984"/>
  <testcase classname="in.biencaps.erp.api.testcases.PriorityFolderAPITestCases" name="verify_Add_Priority_With_Admin_Authorization" time="1.24"/>
  <testcase classname="in.biencaps.erp.api.testcases.PriorityFolderAPITestCases" name="verify_Add_Priority_With_Admin_Authorization" time="0.909">
    <failure type="java.lang.AssertionError" message="1 expectation failed.
Expected status code &amp;lt;422&amp;gt; but was &amp;lt;201&amp;gt;.
">
      <![CDATA[java.lang.AssertionError: 1 expectation failed.
Expected status code <422> but was <201>.

at org.codehaus.groovy.runtime.callsite.ConstructorSite$ConstructorSiteNoUnwrapNoCoerce.callConstructor(ConstructorSite.java:108)
at org.codehaus.groovy.runtime.callsite.CallSiteArray.defaultCallConstructor(CallSiteArray.java:57)
at org.codehaus.groovy.runtime.callsite.AbstractCallSite.callConstructor(AbstractCallSite.java:263)
at org.codehaus.groovy.runtime.callsite.AbstractCallSite.callConstructor(AbstractCallSite.java:277)
at io.restassured.internal.ResponseSpecificationImpl$HamcrestAssertionClosure.validate(ResponseSpecificationImpl.groovy:512)
at io.restassured.internal.ResponseSpecificationImpl$HamcrestAssertionClosure$validate$1.call(Unknown Source)
at io.restassured.internal.ResponseSpecificationImpl.validateResponseIfRequired(ResponseSpecificationImpl.groovy:696)
at io.restassured.internal.ResponseSpecificationImpl.this$2$validateResponseIfRequired(ResponseSpecificationImpl.groovy)
at org.codehaus.groovy.runtime.callsite.PlainObjectMetaMethodSite.doInvoke(PlainObjectMetaMethodSite.java:43)
at org.codehaus.groovy.runtime.callsite.PogoMetaMethodSite$PogoCachedMethodSiteNoUnwrapNoCoerce.invoke(PogoMetaMethodSite.java:198)
at org.codehaus.groovy.runtime.callsite.PogoMetaMethodSite.callCurrent(PogoMetaMethodSite.java:62)
at org.codehaus.groovy.runtime.callsite.AbstractCallSite.callCurrent(AbstractCallSite.java:185)
at io.restassured.internal.ResponseSpecificationImpl.statusCode(ResponseSpecificationImpl.groovy:135)
at io.restassured.specification.ResponseSpecification$statusCode$0.callCurrent(Unknown Source)
at io.restassured.internal.ResponseSpecificationImpl.statusCode(ResponseSpecificationImpl.groovy:143)
at io.restassured.internal.ValidatableResponseOptionsImpl.statusCode(ValidatableResponseOptionsImpl.java:89)
at in.biencaps.erp.api.bodyValidations.BodyValidation.responseValidation(BodyValidation.java:56)
at in.biencaps.erp.api.testcases.PriorityFolderAPITestCases.verify_Add_Priority_With_Admin_Authorization(PriorityFolderAPITestCases.java:127)
at java.base/java.util.ArrayList.forEach(ArrayList.java:1511)
... Removed 36 stack frames]]>
    </failure>
  </testcase> <!-- verify_Add_Priority_With_Admin_Authorization -->
  <testcase classname="in.biencaps.erp.api.testcases.PriorityFolderAPITestCases" name="verify_Add_Priority_With_Admin_Authorization" time="0.859"/>
  <testcase classname="in.biencaps.erp.api.testcases.PriorityFolderAPITestCases" name="verify_Add_Priority_With_Admin_Authorization" time="0.865">
    <failure type="java.lang.AssertionError" message="1 expectation failed.
Expected status code &amp;lt;422&amp;gt; but was &amp;lt;201&amp;gt;.
">
      <![CDATA[java.lang.AssertionError: 1 expectation failed.
Expected status code <422> but was <201>.

at org.codehaus.groovy.runtime.callsite.ConstructorSite$ConstructorSiteNoUnwrapNoCoerce.callConstructor(ConstructorSite.java:108)
at org.codehaus.groovy.runtime.callsite.AbstractCallSite.callConstructor(AbstractCallSite.java:277)
at io.restassured.internal.ResponseSpecificationImpl$HamcrestAssertionClosure.validate(ResponseSpecificationImpl.groovy:512)
at io.restassured.internal.ResponseSpecificationImpl$HamcrestAssertionClosure$validate$1.call(Unknown Source)
at io.restassured.internal.ResponseSpecificationImpl.validateResponseIfRequired(ResponseSpecificationImpl.groovy:696)
at io.restassured.internal.ResponseSpecificationImpl.this$2$validateResponseIfRequired(ResponseSpecificationImpl.groovy)
at org.codehaus.groovy.runtime.callsite.PlainObjectMetaMethodSite.doInvoke(PlainObjectMetaMethodSite.java:43)
at org.codehaus.groovy.runtime.callsite.PogoMetaMethodSite$PogoCachedMethodSiteNoUnwrapNoCoerce.invoke(PogoMetaMethodSite.java:198)
at org.codehaus.groovy.runtime.callsite.PogoMetaMethodSite.callCurrent(PogoMetaMethodSite.java:62)
at org.codehaus.groovy.runtime.callsite.AbstractCallSite.callCurrent(AbstractCallSite.java:185)
at io.restassured.internal.ResponseSpecificationImpl.statusCode(ResponseSpecificationImpl.groovy:135)
at io.restassured.specification.ResponseSpecification$statusCode$0.callCurrent(Unknown Source)
at io.restassured.internal.ResponseSpecificationImpl.statusCode(ResponseSpecificationImpl.groovy:143)
at io.restassured.internal.ValidatableResponseOptionsImpl.statusCode(ValidatableResponseOptionsImpl.java:89)
at in.biencaps.erp.api.bodyValidations.BodyValidation.responseValidation(BodyValidation.java:56)
at in.biencaps.erp.api.testcases.PriorityFolderAPITestCases.verify_Add_Priority_With_Admin_Authorization(PriorityFolderAPITestCases.java:127)
at java.base/java.util.ArrayList.forEach(ArrayList.java:1511)
... Removed 36 stack frames]]>
    </failure>
  </testcase> <!-- verify_Add_Priority_With_Admin_Authorization -->
  <testcase classname="in.biencaps.erp.api.testcases.PriorityFolderAPITestCases" name="verify_Add_Priority_With_Admin_Authorization" time="0.915"/>
  <testcase classname="in.biencaps.erp.api.testcases.PriorityFolderAPITestCases" name="verify_Add_Priority_With_Admin_Authorization" time="0.953">
    <failure type="java.lang.AssertionError" message="1 expectation failed.
Expected status code &amp;lt;422&amp;gt; but was &amp;lt;201&amp;gt;.
">
      <![CDATA[java.lang.AssertionError: 1 expectation failed.
Expected status code <422> but was <201>.

at org.codehaus.groovy.runtime.callsite.ConstructorSite$ConstructorSiteNoUnwrapNoCoerce.callConstructor(ConstructorSite.java:108)
at org.codehaus.groovy.runtime.callsite.AbstractCallSite.callConstructor(AbstractCallSite.java:277)
at io.restassured.internal.ResponseSpecificationImpl$HamcrestAssertionClosure.validate(ResponseSpecificationImpl.groovy:512)
at io.restassured.internal.ResponseSpecificationImpl$HamcrestAssertionClosure$validate$1.call(Unknown Source)
at io.restassured.internal.ResponseSpecificationImpl.validateResponseIfRequired(ResponseSpecificationImpl.groovy:696)
at io.restassured.internal.ResponseSpecificationImpl.this$2$validateResponseIfRequired(ResponseSpecificationImpl.groovy)
at org.codehaus.groovy.runtime.callsite.PlainObjectMetaMethodSite.doInvoke(PlainObjectMetaMethodSite.java:43)
at org.codehaus.groovy.runtime.callsite.PogoMetaMethodSite$PogoCachedMethodSiteNoUnwrapNoCoerce.invoke(PogoMetaMethodSite.java:198)
at org.codehaus.groovy.runtime.callsite.PogoMetaMethodSite.callCurrent(PogoMetaMethodSite.java:62)
at org.codehaus.groovy.runtime.callsite.AbstractCallSite.callCurrent(AbstractCallSite.java:185)
at io.restassured.internal.ResponseSpecificationImpl.statusCode(ResponseSpecificationImpl.groovy:135)
at io.restassured.specification.ResponseSpecification$statusCode$0.callCurrent(Unknown Source)
at io.restassured.internal.ResponseSpecificationImpl.statusCode(ResponseSpecificationImpl.groovy:143)
at io.restassured.internal.ValidatableResponseOptionsImpl.statusCode(ValidatableResponseOptionsImpl.java:89)
at in.biencaps.erp.api.bodyValidations.BodyValidation.responseValidation(BodyValidation.java:56)
at in.biencaps.erp.api.testcases.PriorityFolderAPITestCases.verify_Add_Priority_With_Admin_Authorization(PriorityFolderAPITestCases.java:127)
at java.base/java.util.ArrayList.forEach(ArrayList.java:1511)
... Removed 36 stack frames]]>
    </failure>
  </testcase> <!-- verify_Add_Priority_With_Admin_Authorization -->
  <testcase classname="in.biencaps.erp.api.testcases.PriorityFolderAPITestCases" name="verify_Update_Priority_With_Employee_Authorization" time="2.397"/>
  <testcase classname="in.biencaps.erp.api.testcases.PriorityFolderAPITestCases" name="verify_Update_Priority_With_Admin_Authorization" time="2.277">
    <failure type="java.lang.AssertionError" message="expected [dinosaur] but found [minnow]">
      <![CDATA[java.lang.AssertionError: expected [dinosaur] but found [minnow]
at in.biencaps.erp.api.testcases.PriorityFolderAPITestCases.verify_Update_Priority_With_Admin_Authorization(PriorityFolderAPITestCases.java:199)
at java.base/java.util.ArrayList.forEach(ArrayList.java:1511)
... Removed 33 stack frames]]>
    </failure>
  </testcase> <!-- verify_Update_Priority_With_Admin_Authorization -->
  <testcase classname="in.biencaps.erp.api.testcases.PriorityFolderAPITestCases" name="verify_Update_Priority_With_Admin_Authorization" time="1.486"/>
  <testcase classname="in.biencaps.erp.api.testcases.PriorityFolderAPITestCases" name="verify_Update_Priority_With_Admin_Authorization" time="1.52">
    <failure type="java.lang.AssertionError" message="1 expectation failed.
Expected status code &amp;lt;400&amp;gt; but was &amp;lt;200&amp;gt;.
">
      <![CDATA[java.lang.AssertionError: 1 expectation failed.
Expected status code <400> but was <200>.

at org.codehaus.groovy.runtime.callsite.ConstructorSite$ConstructorSiteNoUnwrapNoCoerce.callConstructor(ConstructorSite.java:108)
at org.codehaus.groovy.runtime.callsite.AbstractCallSite.callConstructor(AbstractCallSite.java:277)
at io.restassured.internal.ResponseSpecificationImpl$HamcrestAssertionClosure.validate(ResponseSpecificationImpl.groovy:512)
at io.restassured.internal.ResponseSpecificationImpl$HamcrestAssertionClosure$validate$1.call(Unknown Source)
at io.restassured.internal.ResponseSpecificationImpl.validateResponseIfRequired(ResponseSpecificationImpl.groovy:696)
at io.restassured.internal.ResponseSpecificationImpl.this$2$validateResponseIfRequired(ResponseSpecificationImpl.groovy)
at org.codehaus.groovy.runtime.callsite.PlainObjectMetaMethodSite.doInvoke(PlainObjectMetaMethodSite.java:43)
at org.codehaus.groovy.runtime.callsite.PogoMetaMethodSite$PogoCachedMethodSiteNoUnwrapNoCoerce.invoke(PogoMetaMethodSite.java:198)
at org.codehaus.groovy.runtime.callsite.PogoMetaMethodSite.callCurrent(PogoMetaMethodSite.java:62)
at org.codehaus.groovy.runtime.callsite.AbstractCallSite.callCurrent(AbstractCallSite.java:185)
at io.restassured.internal.ResponseSpecificationImpl.statusCode(ResponseSpecificationImpl.groovy:135)
at io.restassured.specification.ResponseSpecification$statusCode$0.callCurrent(Unknown Source)
at io.restassured.internal.ResponseSpecificationImpl.statusCode(ResponseSpecificationImpl.groovy:143)
at io.restassured.internal.ValidatableResponseOptionsImpl.statusCode(ValidatableResponseOptionsImpl.java:89)
at in.biencaps.erp.api.bodyValidations.BodyValidation.response400Validation(BodyValidation.java:38)
at in.biencaps.erp.api.testcases.PriorityFolderAPITestCases.verify_Update_Priority_With_Admin_Authorization(PriorityFolderAPITestCases.java:184)
at java.base/java.util.ArrayList.forEach(ArrayList.java:1511)
... Removed 36 stack frames]]>
    </failure>
  </testcase> <!-- verify_Update_Priority_With_Admin_Authorization -->
  <testcase classname="in.biencaps.erp.api.testcases.PriorityFolderAPITestCases" name="verify_Update_Priority_With_Admin_Authorization" time="1.48"/>
  <testcase classname="in.biencaps.erp.api.testcases.PriorityFolderAPITestCases" name="verify_Update_Priority_With_Admin_Authorization" time="1.331">
    <failure type="java.lang.AssertionError" message="1 expectation failed.
Expected status code &amp;lt;409&amp;gt; but was &amp;lt;200&amp;gt;.
">
      <![CDATA[java.lang.AssertionError: 1 expectation failed.
Expected status code <409> but was <200>.

at org.codehaus.groovy.runtime.callsite.ConstructorSite$ConstructorSiteNoUnwrapNoCoerce.callConstructor(ConstructorSite.java:108)
at org.codehaus.groovy.runtime.callsite.AbstractCallSite.callConstructor(AbstractCallSite.java:277)
at io.restassured.internal.ResponseSpecificationImpl$HamcrestAssertionClosure.validate(ResponseSpecificationImpl.groovy:512)
at io.restassured.internal.ResponseSpecificationImpl$HamcrestAssertionClosure$validate$1.call(Unknown Source)
at io.restassured.internal.ResponseSpecificationImpl.validateResponseIfRequired(ResponseSpecificationImpl.groovy:696)
at io.restassured.internal.ResponseSpecificationImpl.this$2$validateResponseIfRequired(ResponseSpecificationImpl.groovy)
at org.codehaus.groovy.runtime.callsite.PlainObjectMetaMethodSite.doInvoke(PlainObjectMetaMethodSite.java:43)
at org.codehaus.groovy.runtime.callsite.PogoMetaMethodSite$PogoCachedMethodSiteNoUnwrapNoCoerce.invoke(PogoMetaMethodSite.java:198)
at org.codehaus.groovy.runtime.callsite.PogoMetaMethodSite.callCurrent(PogoMetaMethodSite.java:62)
at org.codehaus.groovy.runtime.callsite.AbstractCallSite.callCurrent(AbstractCallSite.java:185)
at io.restassured.internal.ResponseSpecificationImpl.statusCode(ResponseSpecificationImpl.groovy:135)
at io.restassured.specification.ResponseSpecification$statusCode$0.callCurrent(Unknown Source)
at io.restassured.internal.ResponseSpecificationImpl.statusCode(ResponseSpecificationImpl.groovy:143)
at io.restassured.internal.ValidatableResponseOptionsImpl.statusCode(ValidatableResponseOptionsImpl.java:89)
at in.biencaps.erp.api.bodyValidations.BodyValidation.responseValidation(BodyValidation.java:56)
at in.biencaps.erp.api.testcases.PriorityFolderAPITestCases.verify_Update_Priority_With_Admin_Authorization(PriorityFolderAPITestCases.java:189)
at java.base/java.util.ArrayList.forEach(ArrayList.java:1511)
... Removed 36 stack frames]]>
    </failure>
  </testcase> <!-- verify_Update_Priority_With_Admin_Authorization -->
  <testcase classname="in.biencaps.erp.api.testcases.PriorityFolderAPITestCases" name="verify_Update_Priority_With_Admin_Authorization" time="1.421">
    <failure type="java.lang.AssertionError" message="1 expectation failed.
Expected status code &amp;lt;400&amp;gt; but was &amp;lt;200&amp;gt;.
">
      <![CDATA[java.lang.AssertionError: 1 expectation failed.
Expected status code <400> but was <200>.

at org.codehaus.groovy.runtime.callsite.ConstructorSite$ConstructorSiteNoUnwrapNoCoerce.callConstructor(ConstructorSite.java:108)
at org.codehaus.groovy.runtime.callsite.AbstractCallSite.callConstructor(AbstractCallSite.java:277)
at io.restassured.internal.ResponseSpecificationImpl$HamcrestAssertionClosure.validate(ResponseSpecificationImpl.groovy:512)
at io.restassured.internal.ResponseSpecificationImpl$HamcrestAssertionClosure$validate$1.call(Unknown Source)
at io.restassured.internal.ResponseSpecificationImpl.validateResponseIfRequired(ResponseSpecificationImpl.groovy:696)
at io.restassured.internal.ResponseSpecificationImpl.this$2$validateResponseIfRequired(ResponseSpecificationImpl.groovy)
at org.codehaus.groovy.runtime.callsite.PlainObjectMetaMethodSite.doInvoke(PlainObjectMetaMethodSite.java:43)
at org.codehaus.groovy.runtime.callsite.PogoMetaMethodSite$PogoCachedMethodSiteNoUnwrapNoCoerce.invoke(PogoMetaMethodSite.java:198)
at org.codehaus.groovy.runtime.callsite.PogoMetaMethodSite.callCurrent(PogoMetaMethodSite.java:62)
at org.codehaus.groovy.runtime.callsite.AbstractCallSite.callCurrent(AbstractCallSite.java:185)
at io.restassured.internal.ResponseSpecificationImpl.statusCode(ResponseSpecificationImpl.groovy:135)
at io.restassured.specification.ResponseSpecification$statusCode$0.callCurrent(Unknown Source)
at io.restassured.internal.ResponseSpecificationImpl.statusCode(ResponseSpecificationImpl.groovy:143)
at io.restassured.internal.ValidatableResponseOptionsImpl.statusCode(ValidatableResponseOptionsImpl.java:89)
at in.biencaps.erp.api.bodyValidations.BodyValidation.response400Validation(BodyValidation.java:38)
at in.biencaps.erp.api.testcases.PriorityFolderAPITestCases.verify_Update_Priority_With_Admin_Authorization(PriorityFolderAPITestCases.java:184)
at java.base/java.util.ArrayList.forEach(ArrayList.java:1511)
... Removed 36 stack frames]]>
    </failure>
  </testcase> <!-- verify_Update_Priority_With_Admin_Authorization -->
  <testcase classname="in.biencaps.erp.api.testcases.PriorityFolderAPITestCases" name="verify_Update_Priority_With_Admin_Authorization" time="1.305">
    <failure type="java.lang.AssertionError" message="1 expectation failed.
Expected status code &amp;lt;409&amp;gt; but was &amp;lt;200&amp;gt;.
">
      <![CDATA[java.lang.AssertionError: 1 expectation failed.
Expected status code <409> but was <200>.

at org.codehaus.groovy.runtime.callsite.ConstructorSite$ConstructorSiteNoUnwrapNoCoerce.callConstructor(ConstructorSite.java:108)
at org.codehaus.groovy.runtime.callsite.AbstractCallSite.callConstructor(AbstractCallSite.java:277)
at io.restassured.internal.ResponseSpecificationImpl$HamcrestAssertionClosure.validate(ResponseSpecificationImpl.groovy:512)
at io.restassured.internal.ResponseSpecificationImpl$HamcrestAssertionClosure$validate$1.call(Unknown Source)
at io.restassured.internal.ResponseSpecificationImpl.validateResponseIfRequired(ResponseSpecificationImpl.groovy:696)
at io.restassured.internal.ResponseSpecificationImpl.this$2$validateResponseIfRequired(ResponseSpecificationImpl.groovy)
at org.codehaus.groovy.runtime.callsite.PlainObjectMetaMethodSite.doInvoke(PlainObjectMetaMethodSite.java:43)
at org.codehaus.groovy.runtime.callsite.PogoMetaMethodSite$PogoCachedMethodSiteNoUnwrapNoCoerce.invoke(PogoMetaMethodSite.java:198)
at org.codehaus.groovy.runtime.callsite.PogoMetaMethodSite.callCurrent(PogoMetaMethodSite.java:62)
at org.codehaus.groovy.runtime.callsite.AbstractCallSite.callCurrent(AbstractCallSite.java:185)
at io.restassured.internal.ResponseSpecificationImpl.statusCode(ResponseSpecificationImpl.groovy:135)
at io.restassured.specification.ResponseSpecification$statusCode$0.callCurrent(Unknown Source)
at io.restassured.internal.ResponseSpecificationImpl.statusCode(ResponseSpecificationImpl.groovy:143)
at io.restassured.internal.ValidatableResponseOptionsImpl.statusCode(ValidatableResponseOptionsImpl.java:89)
at in.biencaps.erp.api.bodyValidations.BodyValidation.responseValidation(BodyValidation.java:56)
at in.biencaps.erp.api.testcases.PriorityFolderAPITestCases.verify_Update_Priority_With_Admin_Authorization(PriorityFolderAPITestCases.java:189)
at java.base/java.util.ArrayList.forEach(ArrayList.java:1511)
... Removed 36 stack frames]]>
    </failure>
  </testcase> <!-- verify_Update_Priority_With_Admin_Authorization -->
  <testcase classname="in.biencaps.erp.api.testcases.PriorityFolderAPITestCases" name="verify_Update_Priority_With_Admin_Authorization" time="1.354">
    <failure type="java.lang.AssertionError" message="1 expectation failed.
Expected status code &amp;lt;400&amp;gt; but was &amp;lt;200&amp;gt;.
">
      <![CDATA[java.lang.AssertionError: 1 expectation failed.
Expected status code <400> but was <200>.

at org.codehaus.groovy.runtime.callsite.ConstructorSite$ConstructorSiteNoUnwrapNoCoerce.callConstructor(ConstructorSite.java:108)
at org.codehaus.groovy.runtime.callsite.AbstractCallSite.callConstructor(AbstractCallSite.java:277)
at io.restassured.internal.ResponseSpecificationImpl$HamcrestAssertionClosure.validate(ResponseSpecificationImpl.groovy:512)
at io.restassured.internal.ResponseSpecificationImpl$HamcrestAssertionClosure$validate$1.call(Unknown Source)
at io.restassured.internal.ResponseSpecificationImpl.validateResponseIfRequired(ResponseSpecificationImpl.groovy:696)
at io.restassured.internal.ResponseSpecificationImpl.this$2$validateResponseIfRequired(ResponseSpecificationImpl.groovy)
at org.codehaus.groovy.runtime.callsite.PlainObjectMetaMethodSite.doInvoke(PlainObjectMetaMethodSite.java:43)
at org.codehaus.groovy.runtime.callsite.PogoMetaMethodSite$PogoCachedMethodSiteNoUnwrapNoCoerce.invoke(PogoMetaMethodSite.java:198)
at org.codehaus.groovy.runtime.callsite.PogoMetaMethodSite.callCurrent(PogoMetaMethodSite.java:62)
at org.codehaus.groovy.runtime.callsite.AbstractCallSite.callCurrent(AbstractCallSite.java:185)
at io.restassured.internal.ResponseSpecificationImpl.statusCode(ResponseSpecificationImpl.groovy:135)
at io.restassured.specification.ResponseSpecification$statusCode$0.callCurrent(Unknown Source)
at io.restassured.internal.ResponseSpecificationImpl.statusCode(ResponseSpecificationImpl.groovy:143)
at io.restassured.internal.ValidatableResponseOptionsImpl.statusCode(ValidatableResponseOptionsImpl.java:89)
at in.biencaps.erp.api.bodyValidations.BodyValidation.response400Validation(BodyValidation.java:38)
at in.biencaps.erp.api.testcases.PriorityFolderAPITestCases.verify_Update_Priority_With_Admin_Authorization(PriorityFolderAPITestCases.java:184)
at java.base/java.util.ArrayList.forEach(ArrayList.java:1511)
... Removed 36 stack frames]]>
    </failure>
  </testcase> <!-- verify_Update_Priority_With_Admin_Authorization -->
  <testcase classname="in.biencaps.erp.api.testcases.PriorityFolderAPITestCases" name="verify_Update_Priority_With_Admin_Authorization" time="1.304">
    <failure type="java.lang.AssertionError" message="1 expectation failed.
Expected status code &amp;lt;409&amp;gt; but was &amp;lt;200&amp;gt;.
">
      <![CDATA[java.lang.AssertionError: 1 expectation failed.
Expected status code <409> but was <200>.

at org.codehaus.groovy.runtime.callsite.ConstructorSite$ConstructorSiteNoUnwrapNoCoerce.callConstructor(ConstructorSite.java:108)
at org.codehaus.groovy.runtime.callsite.AbstractCallSite.callConstructor(AbstractCallSite.java:277)
at io.restassured.internal.ResponseSpecificationImpl$HamcrestAssertionClosure.validate(ResponseSpecificationImpl.groovy:512)
at io.restassured.internal.ResponseSpecificationImpl$HamcrestAssertionClosure$validate$1.call(Unknown Source)
at io.restassured.internal.ResponseSpecificationImpl.validateResponseIfRequired(ResponseSpecificationImpl.groovy:696)
at io.restassured.internal.ResponseSpecificationImpl.this$2$validateResponseIfRequired(ResponseSpecificationImpl.groovy)
at org.codehaus.groovy.runtime.callsite.PlainObjectMetaMethodSite.doInvoke(PlainObjectMetaMethodSite.java:43)
at org.codehaus.groovy.runtime.callsite.PogoMetaMethodSite$PogoCachedMethodSiteNoUnwrapNoCoerce.invoke(PogoMetaMethodSite.java:198)
at org.codehaus.groovy.runtime.callsite.PogoMetaMethodSite.callCurrent(PogoMetaMethodSite.java:62)
at org.codehaus.groovy.runtime.callsite.AbstractCallSite.callCurrent(AbstractCallSite.java:185)
at io.restassured.internal.ResponseSpecificationImpl.statusCode(ResponseSpecificationImpl.groovy:135)
at io.restassured.specification.ResponseSpecification$statusCode$0.callCurrent(Unknown Source)
at io.restassured.internal.ResponseSpecificationImpl.statusCode(ResponseSpecificationImpl.groovy:143)
at io.restassured.internal.ValidatableResponseOptionsImpl.statusCode(ValidatableResponseOptionsImpl.java:89)
at in.biencaps.erp.api.bodyValidations.BodyValidation.responseValidation(BodyValidation.java:56)
at in.biencaps.erp.api.testcases.PriorityFolderAPITestCases.verify_Update_Priority_With_Admin_Authorization(PriorityFolderAPITestCases.java:189)
at java.base/java.util.ArrayList.forEach(ArrayList.java:1511)
... Removed 36 stack frames]]>
    </failure>
  </testcase> <!-- verify_Update_Priority_With_Admin_Authorization -->
  <testcase classname="in.biencaps.erp.api.testcases.PriorityFolderAPITestCases" name="verify_Delete_Priority_With_Employee_Authorization" time="1.802"/>
  <testcase classname="in.biencaps.erp.api.testcases.PriorityFolderAPITestCases" name="verify_Delete_Single_Priority_With_Admin_Authorization" time="0.908"/>
  <testcase classname="in.biencaps.erp.api.testcases.PriorityFolderAPITestCases" name="verify_Delete_Single_Priority_With_Admin_Authorization" time="1.468"/>
  <testcase classname="in.biencaps.erp.api.testcases.PriorityFolderAPITestCases" name="verify_Delete_Single_Priority_With_Admin_Authorization" time="0.821"/>
  <testcase classname="in.biencaps.erp.api.testcases.StatusFolderAPITestCases" name="verify_Add_Status_Without_Authorization" time="0.504"/>
  <testcase classname="in.biencaps.erp.api.testcases.StatusFolderAPITestCases" name="verify_Get_All_Status_Without_Authorization" time="0.46"/>
  <testcase classname="in.biencaps.erp.api.testcases.StatusFolderAPITestCases" name="verify_Update_Status_Without_Authorization" time="0.949"/>
  <testcase classname="in.biencaps.erp.api.testcases.StatusFolderAPITestCases" name="verify_Delete_Status_Without_Authorization" time="0.497"/>
  <testcase classname="in.biencaps.erp.api.testcases.StatusFolderAPITestCases" name="verify_Get_All_Status_With_Authorization" time="0.489"/>
  <testcase classname="in.biencaps.erp.api.testcases.StatusFolderAPITestCases" name="verify_Add_Status_With_Employee_Authorization" time="2.002"/>
  <testcase classname="in.biencaps.erp.api.testcases.StatusFolderAPITestCases" name="verify_Update_Status_With_Employee_Authorization" time="2.39"/>
  <testcase classname="in.biencaps.erp.api.testcases.StatusFolderAPITestCases" name="verify_Delete_Status_With_Employee_Authorization" time="1.705"/>
  <testcase classname="in.biencaps.erp.api.testcases.BaseTest" name="@BeforeSuite startBackendServer" time="0.0">
    <ignored/>
  </testcase> <!-- @BeforeSuite startBackendServer -->
  <testcase classname="in.biencaps.erp.api.testcases.StatusFolderAPITestCases" name="verify_Add_Status_With_Admin_Authorization" time="0.0">
    <ignored/>
  </testcase> <!-- verify_Add_Status_With_Admin_Authorization -->
  <testcase classname="in.biencaps.erp.api.testcases.BaseTest" name="@BeforeSuite startBackendServer" time="0.0">
    <ignored/>
  </testcase> <!-- @BeforeSuite startBackendServer -->
  <testcase classname="in.biencaps.erp.api.testcases.StatusFolderAPITestCases" name="verify_Delete_Single_Status_With_Admin_Authorization" time="0.0">
    <ignored/>
  </testcase> <!-- verify_Delete_Single_Status_With_Admin_Authorization -->
  <testcase classname="in.biencaps.erp.api.testcases.StatusFolderAPITestCases" name="verify_Update_Status_With_Admin_Authorization" time="0.0">
    <ignored/>
  </testcase> <!-- verify_Update_Status_With_Admin_Authorization -->
  <testcase classname="in.biencaps.erp.api.testcases.BaseTest" name="@AfterSuite flush_Extent_Report" time="0.0">
    <ignored/>
  </testcase> <!-- @AfterSuite flush_Extent_Report -->
  <testcase classname="in.biencaps.erp.api.testcases.BaseTest" name="@AfterSuite flush_Extent_Report" time="0.0">
    <ignored/>
  </testcase> <!-- @AfterSuite flush_Extent_Report -->
</testsuite> <!-- Test -->
