<?xml version="1.0" encoding="UTF-8"?>
<testng-results ignored="0" total="113" passed="107" failed="6" skipped="0">
  <reporter-output>
  </reporter-output>
  <suite started-at="2024-05-24T14:43:00 IST" name="Suite" finished-at="2024-05-24T14:44:14 IST" duration-ms="73425">
    <groups>
    </groups>
    <test started-at="2024-05-24T14:43:00 IST" name="Test" finished-at="2024-05-24T14:44:14 IST" duration-ms="73425">
      <class name="in.task_erp_api.testcases.VerificationStatusFolderAPITestCases">
        <test-method is-config="true" signature="extent_Report_Setup()[pri:0, instance:in.task_erp_api.testcases.VerificationStatusFolderAPITestCases@40f1be1b]" started-at="2024-05-24T14:43:29 IST" name="extent_Report_Setup" finished-at="2024-05-24T14:43:29 IST" duration-ms="1" status="PASS">
          <reporter-output>
          </reporter-output>
        </test-method> <!-- extent_Report_Setup -->
        <test-method signature="verify_Add_Verification_Status_Without_Authorization()[pri:1, instance:in.task_erp_api.testcases.VerificationStatusFolderAPITestCases@40f1be1b]" started-at="2024-05-24T14:43:29 IST" name="verify_Add_Verification_Status_Without_Authorization" finished-at="2024-05-24T14:43:29 IST" duration-ms="493" status="PASS">
          <reporter-output>
          </reporter-output>
        </test-method> <!-- verify_Add_Verification_Status_Without_Authorization -->
        <test-method is-config="true" signature="test_Method_Exection_Result(org.testng.ITestResult)[pri:0, instance:in.task_erp_api.testcases.VerificationStatusFolderAPITestCases@40f1be1b]" started-at="2024-05-24T14:43:29 IST" name="test_Method_Exection_Result" finished-at="2024-05-24T14:43:29 IST" duration-ms="1" status="PASS">
          <params>
            <param index="0">
              <value>
                <![CDATA[[TestResult name=verify_Add_Verification_Status_Without_Authorization status=SUCCESS method=VerificationStatusFolderAPITestCases.verify_Add_Verification_Status_Without_Authorization()[pri:1, instance:in.task_erp_api.testcases.VerificationStatusFolderAPITestCases@40f1be1b] output={null}]]]>
              </value>
            </param>
          </params>
          <reporter-output>
          </reporter-output>
        </test-method> <!-- test_Method_Exection_Result -->
        <test-method signature="verify_Get_All_Verification_Statuses_Without_Authorization()[pri:2, instance:in.task_erp_api.testcases.VerificationStatusFolderAPITestCases@40f1be1b]" started-at="2024-05-24T14:43:29 IST" name="verify_Get_All_Verification_Statuses_Without_Authorization" finished-at="2024-05-24T14:43:30 IST" duration-ms="491" status="PASS">
          <reporter-output>
          </reporter-output>
        </test-method> <!-- verify_Get_All_Verification_Statuses_Without_Authorization -->
        <test-method signature="verify_Update_Verification_Status_Without_Authorization()[pri:3, instance:in.task_erp_api.testcases.VerificationStatusFolderAPITestCases@40f1be1b]" started-at="2024-05-24T14:43:30 IST" name="verify_Update_Verification_Status_Without_Authorization" finished-at="2024-05-24T14:43:31 IST" duration-ms="952" status="PASS">
          <reporter-output>
          </reporter-output>
        </test-method> <!-- verify_Update_Verification_Status_Without_Authorization -->
        <test-method is-config="true" signature="test_Method_Exection_Result(org.testng.ITestResult)[pri:0, instance:in.task_erp_api.testcases.VerificationStatusFolderAPITestCases@40f1be1b]" started-at="2024-05-24T14:43:30 IST" name="test_Method_Exection_Result" finished-at="2024-05-24T14:43:30 IST" duration-ms="0" status="PASS">
          <params>
            <param index="0">
              <value>
                <![CDATA[[TestResult name=verify_Get_All_Verification_Statuses_Without_Authorization status=SUCCESS method=VerificationStatusFolderAPITestCases.verify_Get_All_Verification_Statuses_Without_Authorization()[pri:2, instance:in.task_erp_api.testcases.VerificationStatusFolderAPITestCases@40f1be1b] output={null}]]]>
              </value>
            </param>
          </params>
          <reporter-output>
          </reporter-output>
        </test-method> <!-- test_Method_Exection_Result -->
        <test-method is-config="true" signature="test_Method_Exection_Result(org.testng.ITestResult)[pri:0, instance:in.task_erp_api.testcases.VerificationStatusFolderAPITestCases@40f1be1b]" started-at="2024-05-24T14:43:31 IST" name="test_Method_Exection_Result" finished-at="2024-05-24T14:43:31 IST" duration-ms="0" status="PASS">
          <params>
            <param index="0">
              <value>
                <![CDATA[[TestResult name=verify_Update_Verification_Status_Without_Authorization status=SUCCESS method=VerificationStatusFolderAPITestCases.verify_Update_Verification_Status_Without_Authorization()[pri:3, instance:in.task_erp_api.testcases.VerificationStatusFolderAPITestCases@40f1be1b] output={null}]]]>
              </value>
            </param>
          </params>
          <reporter-output>
          </reporter-output>
        </test-method> <!-- test_Method_Exection_Result -->
        <test-method signature="verify_Delete_Verification_Status_Without_Authorization()[pri:4, instance:in.task_erp_api.testcases.VerificationStatusFolderAPITestCases@40f1be1b]" started-at="2024-05-24T14:43:31 IST" name="verify_Delete_Verification_Status_Without_Authorization" finished-at="2024-05-24T14:43:31 IST" duration-ms="467" status="PASS">
          <reporter-output>
          </reporter-output>
        </test-method> <!-- verify_Delete_Verification_Status_Without_Authorization -->
        <test-method is-config="true" signature="test_Method_Exection_Result(org.testng.ITestResult)[pri:0, instance:in.task_erp_api.testcases.VerificationStatusFolderAPITestCases@40f1be1b]" started-at="2024-05-24T14:43:31 IST" name="test_Method_Exection_Result" finished-at="2024-05-24T14:43:31 IST" duration-ms="0" status="PASS">
          <params>
            <param index="0">
              <value>
                <![CDATA[[TestResult name=verify_Delete_Verification_Status_Without_Authorization status=SUCCESS method=VerificationStatusFolderAPITestCases.verify_Delete_Verification_Status_Without_Authorization()[pri:4, instance:in.task_erp_api.testcases.VerificationStatusFolderAPITestCases@40f1be1b] output={null}]]]>
              </value>
            </param>
          </params>
          <reporter-output>
          </reporter-output>
        </test-method> <!-- test_Method_Exection_Result -->
        <test-method signature="verify_Get_All_Verification_Statuses_With_Authorization()[pri:5, instance:in.task_erp_api.testcases.VerificationStatusFolderAPITestCases@40f1be1b]" started-at="2024-05-24T14:43:31 IST" name="verify_Get_All_Verification_Statuses_With_Authorization" finished-at="2024-05-24T14:43:32 IST" duration-ms="533" status="PASS">
          <reporter-output>
          </reporter-output>
        </test-method> <!-- verify_Get_All_Verification_Statuses_With_Authorization -->
        <test-method is-config="true" signature="test_Method_Exection_Result(org.testng.ITestResult)[pri:0, instance:in.task_erp_api.testcases.VerificationStatusFolderAPITestCases@40f1be1b]" started-at="2024-05-24T14:43:32 IST" name="test_Method_Exection_Result" finished-at="2024-05-24T14:43:32 IST" duration-ms="0" status="PASS">
          <params>
            <param index="0">
              <value>
                <![CDATA[[TestResult name=verify_Get_All_Verification_Statuses_With_Authorization status=SUCCESS method=VerificationStatusFolderAPITestCases.verify_Get_All_Verification_Statuses_With_Authorization()[pri:5, instance:in.task_erp_api.testcases.VerificationStatusFolderAPITestCases@40f1be1b] output={null}]]]>
              </value>
            </param>
          </params>
          <reporter-output>
          </reporter-output>
        </test-method> <!-- test_Method_Exection_Result -->
      </class> <!-- in.task_erp_api.testcases.VerificationStatusFolderAPITestCases -->
      <class name="in.task_erp_api.testcases.StatusFolderAPITestCases">
        <test-method is-config="true" signature="extent_Report_Setup()[pri:0, instance:in.task_erp_api.testcases.StatusFolderAPITestCases@57ac5227]" started-at="2024-05-24T14:43:08 IST" name="extent_Report_Setup" finished-at="2024-05-24T14:43:08 IST" duration-ms="0" status="PASS">
          <reporter-output>
          </reporter-output>
        </test-method> <!-- extent_Report_Setup -->
        <test-method signature="verify_Add_Status_Without_Authorization()[pri:1, instance:in.task_erp_api.testcases.StatusFolderAPITestCases@57ac5227]" started-at="2024-05-24T14:43:08 IST" name="verify_Add_Status_Without_Authorization" finished-at="2024-05-24T14:43:09 IST" duration-ms="513" status="PASS">
          <reporter-output>
          </reporter-output>
        </test-method> <!-- verify_Add_Status_Without_Authorization -->
        <test-method is-config="true" signature="test_Method_Exection_Result(org.testng.ITestResult)[pri:0, instance:in.task_erp_api.testcases.StatusFolderAPITestCases@57ac5227]" started-at="2024-05-24T14:43:09 IST" name="test_Method_Exection_Result" finished-at="2024-05-24T14:43:09 IST" duration-ms="2" status="PASS">
          <params>
            <param index="0">
              <value>
                <![CDATA[[TestResult name=verify_Add_Status_Without_Authorization status=SUCCESS method=StatusFolderAPITestCases.verify_Add_Status_Without_Authorization()[pri:1, instance:in.task_erp_api.testcases.StatusFolderAPITestCases@57ac5227] output={null}]]]>
              </value>
            </param>
          </params>
          <reporter-output>
          </reporter-output>
        </test-method> <!-- test_Method_Exection_Result -->
        <test-method signature="verify_Get_All_Status_Without_Authorization()[pri:2, instance:in.task_erp_api.testcases.StatusFolderAPITestCases@57ac5227]" started-at="2024-05-24T14:43:09 IST" name="verify_Get_All_Status_Without_Authorization" finished-at="2024-05-24T14:43:09 IST" duration-ms="514" status="PASS">
          <reporter-output>
          </reporter-output>
        </test-method> <!-- verify_Get_All_Status_Without_Authorization -->
        <test-method is-config="true" signature="test_Method_Exection_Result(org.testng.ITestResult)[pri:0, instance:in.task_erp_api.testcases.StatusFolderAPITestCases@57ac5227]" started-at="2024-05-24T14:43:09 IST" name="test_Method_Exection_Result" finished-at="2024-05-24T14:43:09 IST" duration-ms="1" status="PASS">
          <params>
            <param index="0">
              <value>
                <![CDATA[[TestResult name=verify_Get_All_Status_Without_Authorization status=SUCCESS method=StatusFolderAPITestCases.verify_Get_All_Status_Without_Authorization()[pri:2, instance:in.task_erp_api.testcases.StatusFolderAPITestCases@57ac5227] output={null}]]]>
              </value>
            </param>
          </params>
          <reporter-output>
          </reporter-output>
        </test-method> <!-- test_Method_Exection_Result -->
        <test-method signature="verify_Update_Status_Without_Authorization()[pri:3, instance:in.task_erp_api.testcases.StatusFolderAPITestCases@57ac5227]" started-at="2024-05-24T14:43:09 IST" name="verify_Update_Status_Without_Authorization" finished-at="2024-05-24T14:43:10 IST" duration-ms="946" status="PASS">
          <reporter-output>
          </reporter-output>
        </test-method> <!-- verify_Update_Status_Without_Authorization -->
        <test-method is-config="true" signature="test_Method_Exection_Result(org.testng.ITestResult)[pri:0, instance:in.task_erp_api.testcases.StatusFolderAPITestCases@57ac5227]" started-at="2024-05-24T14:43:10 IST" name="test_Method_Exection_Result" finished-at="2024-05-24T14:43:10 IST" duration-ms="1" status="PASS">
          <params>
            <param index="0">
              <value>
                <![CDATA[[TestResult name=verify_Update_Status_Without_Authorization status=SUCCESS method=StatusFolderAPITestCases.verify_Update_Status_Without_Authorization()[pri:3, instance:in.task_erp_api.testcases.StatusFolderAPITestCases@57ac5227] output={null}]]]>
              </value>
            </param>
          </params>
          <reporter-output>
          </reporter-output>
        </test-method> <!-- test_Method_Exection_Result -->
        <test-method signature="verify_Delete_Status_Without_Authorization()[pri:4, instance:in.task_erp_api.testcases.StatusFolderAPITestCases@57ac5227]" started-at="2024-05-24T14:43:10 IST" name="verify_Delete_Status_Without_Authorization" finished-at="2024-05-24T14:43:11 IST" duration-ms="507" status="PASS">
          <reporter-output>
          </reporter-output>
        </test-method> <!-- verify_Delete_Status_Without_Authorization -->
        <test-method is-config="true" signature="test_Method_Exection_Result(org.testng.ITestResult)[pri:0, instance:in.task_erp_api.testcases.StatusFolderAPITestCases@57ac5227]" started-at="2024-05-24T14:43:11 IST" name="test_Method_Exection_Result" finished-at="2024-05-24T14:43:11 IST" duration-ms="1" status="PASS">
          <params>
            <param index="0">
              <value>
                <![CDATA[[TestResult name=verify_Delete_Status_Without_Authorization status=SUCCESS method=StatusFolderAPITestCases.verify_Delete_Status_Without_Authorization()[pri:4, instance:in.task_erp_api.testcases.StatusFolderAPITestCases@57ac5227] output={null}]]]>
              </value>
            </param>
          </params>
          <reporter-output>
          </reporter-output>
        </test-method> <!-- test_Method_Exection_Result -->
        <test-method signature="verify_Get_All_Status_With_Authorization()[pri:5, instance:in.task_erp_api.testcases.StatusFolderAPITestCases@57ac5227]" started-at="2024-05-24T14:43:11 IST" name="verify_Get_All_Status_With_Authorization" finished-at="2024-05-24T14:43:11 IST" duration-ms="556" status="PASS">
          <reporter-output>
          </reporter-output>
        </test-method> <!-- verify_Get_All_Status_With_Authorization -->
        <test-method is-config="true" signature="test_Method_Exection_Result(org.testng.ITestResult)[pri:0, instance:in.task_erp_api.testcases.StatusFolderAPITestCases@57ac5227]" started-at="2024-05-24T14:43:11 IST" name="test_Method_Exection_Result" finished-at="2024-05-24T14:43:11 IST" duration-ms="0" status="PASS">
          <params>
            <param index="0">
              <value>
                <![CDATA[[TestResult name=verify_Get_All_Status_With_Authorization status=SUCCESS method=StatusFolderAPITestCases.verify_Get_All_Status_With_Authorization()[pri:5, instance:in.task_erp_api.testcases.StatusFolderAPITestCases@57ac5227] output={null}]]]>
              </value>
            </param>
          </params>
          <reporter-output>
          </reporter-output>
        </test-method> <!-- test_Method_Exection_Result -->
      </class> <!-- in.task_erp_api.testcases.StatusFolderAPITestCases -->
      <class name="in.task_erp_api.testcases.DepartmentFolderAPITestCases">
        <test-method is-config="true" signature="extent_Report_Setup()[pri:0, instance:in.task_erp_api.testcases.DepartmentFolderAPITestCases@4cc6fa2a]" started-at="2024-05-24T14:43:17 IST" name="extent_Report_Setup" finished-at="2024-05-24T14:43:17 IST" duration-ms="1" status="PASS">
          <reporter-output>
          </reporter-output>
        </test-method> <!-- extent_Report_Setup -->
        <test-method signature="verify_Add_Department_Without_Authorization()[pri:1, instance:in.task_erp_api.testcases.DepartmentFolderAPITestCases@4cc6fa2a]" started-at="2024-05-24T14:43:17 IST" name="verify_Add_Department_Without_Authorization" finished-at="2024-05-24T14:43:18 IST" duration-ms="571" status="PASS">
          <reporter-output>
          </reporter-output>
        </test-method> <!-- verify_Add_Department_Without_Authorization -->
        <test-method is-config="true" signature="test_Method_Exection_Result(org.testng.ITestResult)[pri:0, instance:in.task_erp_api.testcases.DepartmentFolderAPITestCases@4cc6fa2a]" started-at="2024-05-24T14:43:18 IST" name="test_Method_Exection_Result" finished-at="2024-05-24T14:43:18 IST" duration-ms="1" status="PASS">
          <params>
            <param index="0">
              <value>
                <![CDATA[[TestResult name=verify_Add_Department_Without_Authorization status=SUCCESS method=DepartmentFolderAPITestCases.verify_Add_Department_Without_Authorization()[pri:1, instance:in.task_erp_api.testcases.DepartmentFolderAPITestCases@4cc6fa2a] output={null}]]]>
              </value>
            </param>
          </params>
          <reporter-output>
          </reporter-output>
        </test-method> <!-- test_Method_Exection_Result -->
        <test-method signature="verify_Get_User_Id_Without_Authorization()[pri:2, instance:in.task_erp_api.testcases.DepartmentFolderAPITestCases@4cc6fa2a]" started-at="2024-05-24T14:43:18 IST" name="verify_Get_User_Id_Without_Authorization" finished-at="2024-05-24T14:43:18 IST" duration-ms="455" status="PASS">
          <reporter-output>
          </reporter-output>
        </test-method> <!-- verify_Get_User_Id_Without_Authorization -->
        <test-method is-config="true" signature="test_Method_Exection_Result(org.testng.ITestResult)[pri:0, instance:in.task_erp_api.testcases.DepartmentFolderAPITestCases@4cc6fa2a]" started-at="2024-05-24T14:43:18 IST" name="test_Method_Exection_Result" finished-at="2024-05-24T14:43:18 IST" duration-ms="1" status="PASS">
          <params>
            <param index="0">
              <value>
                <![CDATA[[TestResult name=verify_Get_User_Id_Without_Authorization status=SUCCESS method=DepartmentFolderAPITestCases.verify_Get_User_Id_Without_Authorization()[pri:2, instance:in.task_erp_api.testcases.DepartmentFolderAPITestCases@4cc6fa2a] output={null}]]]>
              </value>
            </param>
          </params>
          <reporter-output>
          </reporter-output>
        </test-method> <!-- test_Method_Exection_Result -->
        <test-method signature="verify_Get_All_Departments_Without_Authorization()[pri:3, instance:in.task_erp_api.testcases.DepartmentFolderAPITestCases@4cc6fa2a]" started-at="2024-05-24T14:43:18 IST" name="verify_Get_All_Departments_Without_Authorization" finished-at="2024-05-24T14:43:19 IST" duration-ms="497" status="PASS">
          <reporter-output>
          </reporter-output>
        </test-method> <!-- verify_Get_All_Departments_Without_Authorization -->
        <test-method is-config="true" signature="test_Method_Exection_Result(org.testng.ITestResult)[pri:0, instance:in.task_erp_api.testcases.DepartmentFolderAPITestCases@4cc6fa2a]" started-at="2024-05-24T14:43:19 IST" name="test_Method_Exection_Result" finished-at="2024-05-24T14:43:19 IST" duration-ms="1" status="PASS">
          <params>
            <param index="0">
              <value>
                <![CDATA[[TestResult name=verify_Get_All_Departments_Without_Authorization status=SUCCESS method=DepartmentFolderAPITestCases.verify_Get_All_Departments_Without_Authorization()[pri:3, instance:in.task_erp_api.testcases.DepartmentFolderAPITestCases@4cc6fa2a] output={null}]]]>
              </value>
            </param>
          </params>
          <reporter-output>
          </reporter-output>
        </test-method> <!-- test_Method_Exection_Result -->
        <test-method signature="verify_Get_Employees_By_Department_Name_Without_Authorization()[pri:4, instance:in.task_erp_api.testcases.DepartmentFolderAPITestCases@4cc6fa2a]" started-at="2024-05-24T14:43:19 IST" name="verify_Get_Employees_By_Department_Name_Without_Authorization" finished-at="2024-05-24T14:43:19 IST" duration-ms="506" status="PASS">
          <reporter-output>
          </reporter-output>
        </test-method> <!-- verify_Get_Employees_By_Department_Name_Without_Authorization -->
        <test-method is-config="true" signature="test_Method_Exection_Result(org.testng.ITestResult)[pri:0, instance:in.task_erp_api.testcases.DepartmentFolderAPITestCases@4cc6fa2a]" started-at="2024-05-24T14:43:19 IST" name="test_Method_Exection_Result" finished-at="2024-05-24T14:43:19 IST" duration-ms="0" status="PASS">
          <params>
            <param index="0">
              <value>
                <![CDATA[[TestResult name=verify_Get_Employees_By_Department_Name_Without_Authorization status=SUCCESS method=DepartmentFolderAPITestCases.verify_Get_Employees_By_Department_Name_Without_Authorization()[pri:4, instance:in.task_erp_api.testcases.DepartmentFolderAPITestCases@4cc6fa2a] output={null}]]]>
              </value>
            </param>
          </params>
          <reporter-output>
          </reporter-output>
        </test-method> <!-- test_Method_Exection_Result -->
        <test-method signature="verify_Get_All_Employees_By_Designation_Name_Without_Authorization()[pri:5, instance:in.task_erp_api.testcases.DepartmentFolderAPITestCases@4cc6fa2a]" started-at="2024-05-24T14:43:19 IST" name="verify_Get_All_Employees_By_Designation_Name_Without_Authorization" finished-at="2024-05-24T14:43:20 IST" duration-ms="493" status="PASS">
          <reporter-output>
          </reporter-output>
        </test-method> <!-- verify_Get_All_Employees_By_Designation_Name_Without_Authorization -->
        <test-method is-config="true" signature="test_Method_Exection_Result(org.testng.ITestResult)[pri:0, instance:in.task_erp_api.testcases.DepartmentFolderAPITestCases@4cc6fa2a]" started-at="2024-05-24T14:43:20 IST" name="test_Method_Exection_Result" finished-at="2024-05-24T14:43:20 IST" duration-ms="1" status="PASS">
          <params>
            <param index="0">
              <value>
                <![CDATA[[TestResult name=verify_Get_All_Employees_By_Designation_Name_Without_Authorization status=SUCCESS method=DepartmentFolderAPITestCases.verify_Get_All_Employees_By_Designation_Name_Without_Authorization()[pri:5, instance:in.task_erp_api.testcases.DepartmentFolderAPITestCases@4cc6fa2a] output={null}]]]>
              </value>
            </param>
          </params>
          <reporter-output>
          </reporter-output>
        </test-method> <!-- test_Method_Exection_Result -->
        <test-method signature="verify_Get_All_Assignee_Without_Authorization()[pri:6, instance:in.task_erp_api.testcases.DepartmentFolderAPITestCases@4cc6fa2a]" started-at="2024-05-24T14:43:20 IST" name="verify_Get_All_Assignee_Without_Authorization" finished-at="2024-05-24T14:43:20 IST" duration-ms="511" status="PASS">
          <reporter-output>
          </reporter-output>
        </test-method> <!-- verify_Get_All_Assignee_Without_Authorization -->
        <test-method is-config="true" signature="test_Method_Exection_Result(org.testng.ITestResult)[pri:0, instance:in.task_erp_api.testcases.DepartmentFolderAPITestCases@4cc6fa2a]" started-at="2024-05-24T14:43:20 IST" name="test_Method_Exection_Result" finished-at="2024-05-24T14:43:20 IST" duration-ms="0" status="PASS">
          <params>
            <param index="0">
              <value>
                <![CDATA[[TestResult name=verify_Get_All_Assignee_Without_Authorization status=SUCCESS method=DepartmentFolderAPITestCases.verify_Get_All_Assignee_Without_Authorization()[pri:6, instance:in.task_erp_api.testcases.DepartmentFolderAPITestCases@4cc6fa2a] output={null}]]]>
              </value>
            </param>
          </params>
          <reporter-output>
          </reporter-output>
        </test-method> <!-- test_Method_Exection_Result -->
        <test-method signature="verify_Get_Higher_Authority_Without_Authorization()[pri:7, instance:in.task_erp_api.testcases.DepartmentFolderAPITestCases@4cc6fa2a]" started-at="2024-05-24T14:43:20 IST" name="verify_Get_Higher_Authority_Without_Authorization" finished-at="2024-05-24T14:43:21 IST" duration-ms="531" status="PASS">
          <reporter-output>
          </reporter-output>
        </test-method> <!-- verify_Get_Higher_Authority_Without_Authorization -->
        <test-method is-config="true" signature="test_Method_Exection_Result(org.testng.ITestResult)[pri:0, instance:in.task_erp_api.testcases.DepartmentFolderAPITestCases@4cc6fa2a]" started-at="2024-05-24T14:43:21 IST" name="test_Method_Exection_Result" finished-at="2024-05-24T14:43:21 IST" duration-ms="1" status="PASS">
          <params>
            <param index="0">
              <value>
                <![CDATA[[TestResult name=verify_Get_Higher_Authority_Without_Authorization status=SUCCESS method=DepartmentFolderAPITestCases.verify_Get_Higher_Authority_Without_Authorization()[pri:7, instance:in.task_erp_api.testcases.DepartmentFolderAPITestCases@4cc6fa2a] output={null}]]]>
              </value>
            </param>
          </params>
          <reporter-output>
          </reporter-output>
        </test-method> <!-- test_Method_Exection_Result -->
        <test-method signature="verify_Update_Department_Without_Authorization()[pri:8, instance:in.task_erp_api.testcases.DepartmentFolderAPITestCases@4cc6fa2a]" started-at="2024-05-24T14:43:21 IST" name="verify_Update_Department_Without_Authorization" finished-at="2024-05-24T14:43:22 IST" duration-ms="926" status="PASS">
          <reporter-output>
          </reporter-output>
        </test-method> <!-- verify_Update_Department_Without_Authorization -->
        <test-method is-config="true" signature="test_Method_Exection_Result(org.testng.ITestResult)[pri:0, instance:in.task_erp_api.testcases.DepartmentFolderAPITestCases@4cc6fa2a]" started-at="2024-05-24T14:43:22 IST" name="test_Method_Exection_Result" finished-at="2024-05-24T14:43:22 IST" duration-ms="0" status="PASS">
          <params>
            <param index="0">
              <value>
                <![CDATA[[TestResult name=verify_Update_Department_Without_Authorization status=SUCCESS method=DepartmentFolderAPITestCases.verify_Update_Department_Without_Authorization()[pri:8, instance:in.task_erp_api.testcases.DepartmentFolderAPITestCases@4cc6fa2a] output={null}]]]>
              </value>
            </param>
          </params>
          <reporter-output>
          </reporter-output>
        </test-method> <!-- test_Method_Exection_Result -->
        <test-method signature="verify_Delete_Department_Without_Authorization()[pri:9, instance:in.task_erp_api.testcases.DepartmentFolderAPITestCases@4cc6fa2a]" started-at="2024-05-24T14:43:22 IST" name="verify_Delete_Department_Without_Authorization" finished-at="2024-05-24T14:43:22 IST" duration-ms="500" status="PASS">
          <reporter-output>
          </reporter-output>
        </test-method> <!-- verify_Delete_Department_Without_Authorization -->
        <test-method is-config="true" signature="test_Method_Exection_Result(org.testng.ITestResult)[pri:0, instance:in.task_erp_api.testcases.DepartmentFolderAPITestCases@4cc6fa2a]" started-at="2024-05-24T14:43:22 IST" name="test_Method_Exection_Result" finished-at="2024-05-24T14:43:22 IST" duration-ms="0" status="PASS">
          <params>
            <param index="0">
              <value>
                <![CDATA[[TestResult name=verify_Delete_Department_Without_Authorization status=SUCCESS method=DepartmentFolderAPITestCases.verify_Delete_Department_Without_Authorization()[pri:9, instance:in.task_erp_api.testcases.DepartmentFolderAPITestCases@4cc6fa2a] output={null}]]]>
              </value>
            </param>
          </params>
          <reporter-output>
          </reporter-output>
        </test-method> <!-- test_Method_Exection_Result -->
        <test-method signature="verify_Get_All_Departments_With_Authorization()[pri:10, instance:in.task_erp_api.testcases.DepartmentFolderAPITestCases@4cc6fa2a]" started-at="2024-05-24T14:43:22 IST" name="verify_Get_All_Departments_With_Authorization" finished-at="2024-05-24T14:43:23 IST" duration-ms="534" status="PASS">
          <reporter-output>
          </reporter-output>
        </test-method> <!-- verify_Get_All_Departments_With_Authorization -->
        <test-method signature="verify_Get_User_Id_With_Authorization()[pri:14, instance:in.task_erp_api.testcases.DepartmentFolderAPITestCases@4cc6fa2a]" started-at="2024-05-24T14:43:23 IST" name="verify_Get_User_Id_With_Authorization" finished-at="2024-05-24T14:43:24 IST" duration-ms="1485" status="PASS">
          <reporter-output>
          </reporter-output>
        </test-method> <!-- verify_Get_User_Id_With_Authorization -->
        <test-method is-config="true" signature="test_Method_Exection_Result(org.testng.ITestResult)[pri:0, instance:in.task_erp_api.testcases.DepartmentFolderAPITestCases@4cc6fa2a]" started-at="2024-05-24T14:43:23 IST" name="test_Method_Exection_Result" finished-at="2024-05-24T14:43:23 IST" duration-ms="0" status="PASS">
          <params>
            <param index="0">
              <value>
                <![CDATA[[TestResult name=verify_Get_All_Departments_With_Authorization status=SUCCESS method=DepartmentFolderAPITestCases.verify_Get_All_Departments_With_Authorization()[pri:10, instance:in.task_erp_api.testcases.DepartmentFolderAPITestCases@4cc6fa2a] output={null}]]]>
              </value>
            </param>
          </params>
          <reporter-output>
          </reporter-output>
        </test-method> <!-- test_Method_Exection_Result -->
        <test-method is-config="true" signature="test_Method_Exection_Result(org.testng.ITestResult)[pri:0, instance:in.task_erp_api.testcases.DepartmentFolderAPITestCases@4cc6fa2a]" started-at="2024-05-24T14:43:24 IST" name="test_Method_Exection_Result" finished-at="2024-05-24T14:43:24 IST" duration-ms="1" status="PASS">
          <params>
            <param index="0">
              <value>
                <![CDATA[[TestResult name=verify_Get_User_Id_With_Authorization status=SUCCESS method=DepartmentFolderAPITestCases.verify_Get_User_Id_With_Authorization()[pri:14, instance:in.task_erp_api.testcases.DepartmentFolderAPITestCases@4cc6fa2a] output={null}]]]>
              </value>
            </param>
          </params>
          <reporter-output>
          </reporter-output>
        </test-method> <!-- test_Method_Exection_Result -->
        <test-method signature="verify_Get_Employees_By_Department_Name_With_Authorization()[pri:15, instance:in.task_erp_api.testcases.DepartmentFolderAPITestCases@4cc6fa2a]" started-at="2024-05-24T14:43:24 IST" name="verify_Get_Employees_By_Department_Name_With_Authorization" finished-at="2024-05-24T14:43:25 IST" duration-ms="490" status="FAIL">
          <exception class="java.lang.AssertionError">
            <message>
              <![CDATA[1 expectation failed.
Expected status code <200> but was <404>.
]]>
            </message>
            <full-stacktrace>
              <![CDATA[java.lang.AssertionError: 1 expectation failed.
Expected status code <200> but was <404>.

at java.base/jdk.internal.reflect.NativeConstructorAccessorImpl.newInstance0(Native Method)
at java.base/jdk.internal.reflect.NativeConstructorAccessorImpl.newInstance(NativeConstructorAccessorImpl.java:77)
at java.base/jdk.internal.reflect.DelegatingConstructorAccessorImpl.newInstance(DelegatingConstructorAccessorImpl.java:45)
at java.base/java.lang.reflect.Constructor.newInstanceWithCaller(Constructor.java:499)
at java.base/java.lang.reflect.Constructor.newInstance(Constructor.java:480)
at org.codehaus.groovy.reflection.CachedConstructor.invoke(CachedConstructor.java:73)
at org.codehaus.groovy.runtime.callsite.ConstructorSite$ConstructorSiteNoUnwrapNoCoerce.callConstructor(ConstructorSite.java:108)
at org.codehaus.groovy.runtime.callsite.CallSiteArray.defaultCallConstructor(CallSiteArray.java:57)
at org.codehaus.groovy.runtime.callsite.AbstractCallSite.callConstructor(AbstractCallSite.java:263)
at org.codehaus.groovy.runtime.callsite.AbstractCallSite.callConstructor(AbstractCallSite.java:277)
at io.restassured.internal.ResponseSpecificationImpl$HamcrestAssertionClosure.validate(ResponseSpecificationImpl.groovy:512)
at io.restassured.internal.ResponseSpecificationImpl$HamcrestAssertionClosure$validate$1.call(Unknown Source)
at io.restassured.internal.ResponseSpecificationImpl.validateResponseIfRequired(ResponseSpecificationImpl.groovy:696)
at io.restassured.internal.ResponseSpecificationImpl.this$2$validateResponseIfRequired(ResponseSpecificationImpl.groovy)
at jdk.internal.reflect.GeneratedMethodAccessor26.invoke(Unknown Source)
at java.base/jdk.internal.reflect.DelegatingMethodAccessorImpl.invoke(DelegatingMethodAccessorImpl.java:43)
at java.base/java.lang.reflect.Method.invoke(Method.java:568)
at org.codehaus.groovy.runtime.callsite.PlainObjectMetaMethodSite.doInvoke(PlainObjectMetaMethodSite.java:43)
at org.codehaus.groovy.runtime.callsite.PogoMetaMethodSite$PogoCachedMethodSiteNoUnwrapNoCoerce.invoke(PogoMetaMethodSite.java:198)
at org.codehaus.groovy.runtime.callsite.PogoMetaMethodSite.callCurrent(PogoMetaMethodSite.java:62)
at org.codehaus.groovy.runtime.callsite.AbstractCallSite.callCurrent(AbstractCallSite.java:185)
at io.restassured.internal.ResponseSpecificationImpl.statusCode(ResponseSpecificationImpl.groovy:135)
at io.restassured.specification.ResponseSpecification$statusCode$0.callCurrent(Unknown Source)
at io.restassured.internal.ResponseSpecificationImpl.statusCode(ResponseSpecificationImpl.groovy:143)
at io.restassured.internal.ValidatableResponseOptionsImpl.statusCode(ValidatableResponseOptionsImpl.java:89)
at in.task_erp_api.bodyValidations.BodyValidation.responseValidation(BodyValidation.java:10)
at in.task_erp_api.testcases.DepartmentFolderAPITestCases.verify_Get_Employees_By_Department_Name_With_Authorization(DepartmentFolderAPITestCases.java:350)
at java.base/jdk.internal.reflect.NativeMethodAccessorImpl.invoke0(Native Method)
at java.base/jdk.internal.reflect.NativeMethodAccessorImpl.invoke(NativeMethodAccessorImpl.java:77)
at java.base/jdk.internal.reflect.DelegatingMethodAccessorImpl.invoke(DelegatingMethodAccessorImpl.java:43)
at java.base/java.lang.reflect.Method.invoke(Method.java:568)
at org.testng.internal.invokers.MethodInvocationHelper.invokeMethod(MethodInvocationHelper.java:139)
at org.testng.internal.invokers.TestInvoker.invokeMethod(TestInvoker.java:664)
at org.testng.internal.invokers.TestInvoker.invokeTestMethod(TestInvoker.java:228)
at org.testng.internal.invokers.MethodRunner.runInSequence(MethodRunner.java:63)
at org.testng.internal.invokers.TestInvoker$MethodInvocationAgent.invoke(TestInvoker.java:961)
at org.testng.internal.invokers.TestInvoker.invokeTestMethods(TestInvoker.java:201)
at org.testng.internal.invokers.TestMethodWorker.invokeTestMethods(TestMethodWorker.java:148)
at org.testng.internal.invokers.TestMethodWorker.run(TestMethodWorker.java:128)
at java.base/java.util.ArrayList.forEach(ArrayList.java:1511)
at org.testng.TestRunner.privateRun(TestRunner.java:819)
at org.testng.TestRunner.run(TestRunner.java:619)
at org.testng.SuiteRunner.runTest(SuiteRunner.java:443)
at org.testng.SuiteRunner.runSequentially(SuiteRunner.java:437)
at org.testng.SuiteRunner.privateRun(SuiteRunner.java:397)
at org.testng.SuiteRunner.run(SuiteRunner.java:336)
at org.testng.SuiteRunnerWorker.runSuite(SuiteRunnerWorker.java:52)
at org.testng.SuiteRunnerWorker.run(SuiteRunnerWorker.java:95)
at org.testng.TestNG.runSuitesSequentially(TestNG.java:1301)
at org.testng.TestNG.runSuitesLocally(TestNG.java:1228)
at org.testng.TestNG.runSuites(TestNG.java:1134)
at org.testng.TestNG.run(TestNG.java:1101)
at org.testng.remote.AbstractRemoteTestNG.run(AbstractRemoteTestNG.java:115)
at org.testng.remote.RemoteTestNG.initAndRun(RemoteTestNG.java:251)
at org.testng.remote.RemoteTestNG.main(RemoteTestNG.java:77)
]]>
            </full-stacktrace>
          </exception> <!-- java.lang.AssertionError -->
          <reporter-output>
          </reporter-output>
        </test-method> <!-- verify_Get_Employees_By_Department_Name_With_Authorization -->
        <test-method is-config="true" signature="test_Method_Exection_Result(org.testng.ITestResult)[pri:0, instance:in.task_erp_api.testcases.DepartmentFolderAPITestCases@4cc6fa2a]" started-at="2024-05-24T14:43:25 IST" name="test_Method_Exection_Result" finished-at="2024-05-24T14:43:25 IST" duration-ms="1" status="PASS">
          <params>
            <param index="0">
              <value>
                <![CDATA[[TestResult name=verify_Get_Employees_By_Department_Name_With_Authorization status=FAILURE method=DepartmentFolderAPITestCases.verify_Get_Employees_By_Department_Name_With_Authorization()[pri:15, instance:in.task_erp_api.testcases.DepartmentFolderAPITestCases@4cc6fa2a] output={null}]]]>
              </value>
            </param>
          </params>
          <reporter-output>
          </reporter-output>
        </test-method> <!-- test_Method_Exection_Result -->
        <test-method signature="verify_Get_Employees_By_Department_By_Giving_Invalid_Department()[pri:16, instance:in.task_erp_api.testcases.DepartmentFolderAPITestCases@4cc6fa2a]" started-at="2024-05-24T14:43:25 IST" name="verify_Get_Employees_By_Department_By_Giving_Invalid_Department" finished-at="2024-05-24T14:43:26 IST" duration-ms="638" status="PASS">
          <reporter-output>
          </reporter-output>
        </test-method> <!-- verify_Get_Employees_By_Department_By_Giving_Invalid_Department -->
        <test-method is-config="true" signature="test_Method_Exection_Result(org.testng.ITestResult)[pri:0, instance:in.task_erp_api.testcases.DepartmentFolderAPITestCases@4cc6fa2a]" started-at="2024-05-24T14:43:26 IST" name="test_Method_Exection_Result" finished-at="2024-05-24T14:43:26 IST" duration-ms="1" status="PASS">
          <params>
            <param index="0">
              <value>
                <![CDATA[[TestResult name=verify_Get_Employees_By_Department_By_Giving_Invalid_Department status=SUCCESS method=DepartmentFolderAPITestCases.verify_Get_Employees_By_Department_By_Giving_Invalid_Department()[pri:16, instance:in.task_erp_api.testcases.DepartmentFolderAPITestCases@4cc6fa2a] output={null}]]]>
              </value>
            </param>
          </params>
          <reporter-output>
          </reporter-output>
        </test-method> <!-- test_Method_Exection_Result -->
        <test-method signature="verify_Get_All_Employees_By_Designation_With_Authorization()[pri:17, instance:in.task_erp_api.testcases.DepartmentFolderAPITestCases@4cc6fa2a]" started-at="2024-05-24T14:43:26 IST" name="verify_Get_All_Employees_By_Designation_With_Authorization" finished-at="2024-05-24T14:43:26 IST" duration-ms="633" status="PASS">
          <reporter-output>
          </reporter-output>
        </test-method> <!-- verify_Get_All_Employees_By_Designation_With_Authorization -->
        <test-method is-config="true" signature="test_Method_Exection_Result(org.testng.ITestResult)[pri:0, instance:in.task_erp_api.testcases.DepartmentFolderAPITestCases@4cc6fa2a]" started-at="2024-05-24T14:43:26 IST" name="test_Method_Exection_Result" finished-at="2024-05-24T14:43:26 IST" duration-ms="1" status="PASS">
          <params>
            <param index="0">
              <value>
                <![CDATA[[TestResult name=verify_Get_All_Employees_By_Designation_With_Authorization status=SUCCESS method=DepartmentFolderAPITestCases.verify_Get_All_Employees_By_Designation_With_Authorization()[pri:17, instance:in.task_erp_api.testcases.DepartmentFolderAPITestCases@4cc6fa2a] output={null}]]]>
              </value>
            </param>
          </params>
          <reporter-output>
          </reporter-output>
        </test-method> <!-- test_Method_Exection_Result -->
        <test-method signature="verify_Get_All_Employees_By_Designation_By_Giving_Invalid_Designation()[pri:18, instance:in.task_erp_api.testcases.DepartmentFolderAPITestCases@4cc6fa2a]" started-at="2024-05-24T14:43:26 IST" name="verify_Get_All_Employees_By_Designation_By_Giving_Invalid_Designation" finished-at="2024-05-24T14:43:27 IST" duration-ms="481" status="PASS">
          <reporter-output>
          </reporter-output>
        </test-method> <!-- verify_Get_All_Employees_By_Designation_By_Giving_Invalid_Designation -->
        <test-method is-config="true" signature="test_Method_Exection_Result(org.testng.ITestResult)[pri:0, instance:in.task_erp_api.testcases.DepartmentFolderAPITestCases@4cc6fa2a]" started-at="2024-05-24T14:43:27 IST" name="test_Method_Exection_Result" finished-at="2024-05-24T14:43:27 IST" duration-ms="0" status="PASS">
          <params>
            <param index="0">
              <value>
                <![CDATA[[TestResult name=verify_Get_All_Employees_By_Designation_By_Giving_Invalid_Designation status=SUCCESS method=DepartmentFolderAPITestCases.verify_Get_All_Employees_By_Designation_By_Giving_Invalid_Designation()[pri:18, instance:in.task_erp_api.testcases.DepartmentFolderAPITestCases@4cc6fa2a] output={null}]]]>
              </value>
            </param>
          </params>
          <reporter-output>
          </reporter-output>
        </test-method> <!-- test_Method_Exection_Result -->
        <test-method signature="verify_Get_All_Assignee_With_Authorization_By_Giving_Valid_Role_Level()[pri:19, instance:in.task_erp_api.testcases.DepartmentFolderAPITestCases@4cc6fa2a]" started-at="2024-05-24T14:43:27 IST" name="verify_Get_All_Assignee_With_Authorization_By_Giving_Valid_Role_Level" finished-at="2024-05-24T14:43:27 IST" duration-ms="813" status="PASS">
          <reporter-output>
          </reporter-output>
        </test-method> <!-- verify_Get_All_Assignee_With_Authorization_By_Giving_Valid_Role_Level -->
        <test-method is-config="true" signature="test_Method_Exection_Result(org.testng.ITestResult)[pri:0, instance:in.task_erp_api.testcases.DepartmentFolderAPITestCases@4cc6fa2a]" started-at="2024-05-24T14:43:27 IST" name="test_Method_Exection_Result" finished-at="2024-05-24T14:43:27 IST" duration-ms="1" status="PASS">
          <params>
            <param index="0">
              <value>
                <![CDATA[[TestResult name=verify_Get_All_Assignee_With_Authorization_By_Giving_Valid_Role_Level status=SUCCESS method=DepartmentFolderAPITestCases.verify_Get_All_Assignee_With_Authorization_By_Giving_Valid_Role_Level()[pri:19, instance:in.task_erp_api.testcases.DepartmentFolderAPITestCases@4cc6fa2a] output={null}]]]>
              </value>
            </param>
          </params>
          <reporter-output>
          </reporter-output>
        </test-method> <!-- test_Method_Exection_Result -->
        <test-method signature="verify_Get_Higher_Authority_With_Authorization()[pri:20, instance:in.task_erp_api.testcases.DepartmentFolderAPITestCases@4cc6fa2a]" started-at="2024-05-24T14:43:27 IST" name="verify_Get_Higher_Authority_With_Authorization" finished-at="2024-05-24T14:43:28 IST" duration-ms="671" status="PASS">
          <reporter-output>
          </reporter-output>
        </test-method> <!-- verify_Get_Higher_Authority_With_Authorization -->
        <test-method is-config="true" signature="test_Method_Exection_Result(org.testng.ITestResult)[pri:0, instance:in.task_erp_api.testcases.DepartmentFolderAPITestCases@4cc6fa2a]" started-at="2024-05-24T14:43:28 IST" name="test_Method_Exection_Result" finished-at="2024-05-24T14:43:28 IST" duration-ms="1" status="PASS">
          <params>
            <param index="0">
              <value>
                <![CDATA[[TestResult name=verify_Get_Higher_Authority_With_Authorization status=SUCCESS method=DepartmentFolderAPITestCases.verify_Get_Higher_Authority_With_Authorization()[pri:20, instance:in.task_erp_api.testcases.DepartmentFolderAPITestCases@4cc6fa2a] output={null}]]]>
              </value>
            </param>
          </params>
          <reporter-output>
          </reporter-output>
        </test-method> <!-- test_Method_Exection_Result -->
        <test-method signature="verify_Get_Higher_Authority_By_Giving_Invalid_Department()[pri:21, instance:in.task_erp_api.testcases.DepartmentFolderAPITestCases@4cc6fa2a]" started-at="2024-05-24T14:43:28 IST" name="verify_Get_Higher_Authority_By_Giving_Invalid_Department" finished-at="2024-05-24T14:43:29 IST" duration-ms="822" status="PASS">
          <reporter-output>
          </reporter-output>
        </test-method> <!-- verify_Get_Higher_Authority_By_Giving_Invalid_Department -->
        <test-method is-config="true" signature="test_Method_Exection_Result(org.testng.ITestResult)[pri:0, instance:in.task_erp_api.testcases.DepartmentFolderAPITestCases@4cc6fa2a]" started-at="2024-05-24T14:43:29 IST" name="test_Method_Exection_Result" finished-at="2024-05-24T14:43:29 IST" duration-ms="1" status="PASS">
          <params>
            <param index="0">
              <value>
                <![CDATA[[TestResult name=verify_Get_Higher_Authority_By_Giving_Invalid_Department status=SUCCESS method=DepartmentFolderAPITestCases.verify_Get_Higher_Authority_By_Giving_Invalid_Department()[pri:21, instance:in.task_erp_api.testcases.DepartmentFolderAPITestCases@4cc6fa2a] output={null}]]]>
              </value>
            </param>
          </params>
          <reporter-output>
          </reporter-output>
        </test-method> <!-- test_Method_Exection_Result -->
      </class> <!-- in.task_erp_api.testcases.DepartmentFolderAPITestCases -->
      <class name="in.task_erp_api.testcases.PriorityFolderAPITestCases">
        <test-method signature="verify_Add_Priority_Without_Authorization()[pri:1, instance:in.task_erp_api.testcases.PriorityFolderAPITestCases@43aaf813]" started-at="2024-05-24T14:43:05 IST" name="verify_Add_Priority_Without_Authorization" finished-at="2024-05-24T14:43:05 IST" duration-ms="558" status="PASS">
          <reporter-output>
          </reporter-output>
        </test-method> <!-- verify_Add_Priority_Without_Authorization -->
        <test-method is-config="true" signature="extent_Report_Setup()[pri:0, instance:in.task_erp_api.testcases.PriorityFolderAPITestCases@43aaf813]" started-at="2024-05-24T14:43:05 IST" name="extent_Report_Setup" finished-at="2024-05-24T14:43:05 IST" duration-ms="0" status="PASS">
          <reporter-output>
          </reporter-output>
        </test-method> <!-- extent_Report_Setup -->
        <test-method is-config="true" signature="test_Method_Exection_Result(org.testng.ITestResult)[pri:0, instance:in.task_erp_api.testcases.PriorityFolderAPITestCases@43aaf813]" started-at="2024-05-24T14:43:05 IST" name="test_Method_Exection_Result" finished-at="2024-05-24T14:43:05 IST" duration-ms="1" status="PASS">
          <params>
            <param index="0">
              <value>
                <![CDATA[[TestResult name=verify_Add_Priority_Without_Authorization status=SUCCESS method=PriorityFolderAPITestCases.verify_Add_Priority_Without_Authorization()[pri:1, instance:in.task_erp_api.testcases.PriorityFolderAPITestCases@43aaf813] output={null}]]]>
              </value>
            </param>
          </params>
          <reporter-output>
          </reporter-output>
        </test-method> <!-- test_Method_Exection_Result -->
        <test-method signature="verify_Get_All_Priority_Without_Authorization()[pri:2, instance:in.task_erp_api.testcases.PriorityFolderAPITestCases@43aaf813]" started-at="2024-05-24T14:43:05 IST" name="verify_Get_All_Priority_Without_Authorization" finished-at="2024-05-24T14:43:06 IST" duration-ms="529" status="PASS">
          <reporter-output>
          </reporter-output>
        </test-method> <!-- verify_Get_All_Priority_Without_Authorization -->
        <test-method is-config="true" signature="test_Method_Exection_Result(org.testng.ITestResult)[pri:0, instance:in.task_erp_api.testcases.PriorityFolderAPITestCases@43aaf813]" started-at="2024-05-24T14:43:06 IST" name="test_Method_Exection_Result" finished-at="2024-05-24T14:43:06 IST" duration-ms="0" status="PASS">
          <params>
            <param index="0">
              <value>
                <![CDATA[[TestResult name=verify_Get_All_Priority_Without_Authorization status=SUCCESS method=PriorityFolderAPITestCases.verify_Get_All_Priority_Without_Authorization()[pri:2, instance:in.task_erp_api.testcases.PriorityFolderAPITestCases@43aaf813] output={null}]]]>
              </value>
            </param>
          </params>
          <reporter-output>
          </reporter-output>
        </test-method> <!-- test_Method_Exection_Result -->
        <test-method signature="verify_Update_Priority_Without_Authorization()[pri:3, instance:in.task_erp_api.testcases.PriorityFolderAPITestCases@43aaf813]" started-at="2024-05-24T14:43:06 IST" name="verify_Update_Priority_Without_Authorization" finished-at="2024-05-24T14:43:07 IST" duration-ms="1025" status="PASS">
          <reporter-output>
          </reporter-output>
        </test-method> <!-- verify_Update_Priority_Without_Authorization -->
        <test-method is-config="true" signature="test_Method_Exection_Result(org.testng.ITestResult)[pri:0, instance:in.task_erp_api.testcases.PriorityFolderAPITestCases@43aaf813]" started-at="2024-05-24T14:43:07 IST" name="test_Method_Exection_Result" finished-at="2024-05-24T14:43:07 IST" duration-ms="1" status="PASS">
          <params>
            <param index="0">
              <value>
                <![CDATA[[TestResult name=verify_Update_Priority_Without_Authorization status=SUCCESS method=PriorityFolderAPITestCases.verify_Update_Priority_Without_Authorization()[pri:3, instance:in.task_erp_api.testcases.PriorityFolderAPITestCases@43aaf813] output={null}]]]>
              </value>
            </param>
          </params>
          <reporter-output>
          </reporter-output>
        </test-method> <!-- test_Method_Exection_Result -->
        <test-method signature="verify_Delete_Single_Priority_Without_Authorization()[pri:4, instance:in.task_erp_api.testcases.PriorityFolderAPITestCases@43aaf813]" started-at="2024-05-24T14:43:07 IST" name="verify_Delete_Single_Priority_Without_Authorization" finished-at="2024-05-24T14:43:08 IST" duration-ms="570" status="PASS">
          <reporter-output>
          </reporter-output>
        </test-method> <!-- verify_Delete_Single_Priority_Without_Authorization -->
        <test-method is-config="true" signature="test_Method_Exection_Result(org.testng.ITestResult)[pri:0, instance:in.task_erp_api.testcases.PriorityFolderAPITestCases@43aaf813]" started-at="2024-05-24T14:43:08 IST" name="test_Method_Exection_Result" finished-at="2024-05-24T14:43:08 IST" duration-ms="1" status="PASS">
          <params>
            <param index="0">
              <value>
                <![CDATA[[TestResult name=verify_Delete_Single_Priority_Without_Authorization status=SUCCESS method=PriorityFolderAPITestCases.verify_Delete_Single_Priority_Without_Authorization()[pri:4, instance:in.task_erp_api.testcases.PriorityFolderAPITestCases@43aaf813] output={null}]]]>
              </value>
            </param>
          </params>
          <reporter-output>
          </reporter-output>
        </test-method> <!-- test_Method_Exection_Result -->
        <test-method signature="verify_Get_All_Priorities_With_Authorization()[pri:5, instance:in.task_erp_api.testcases.PriorityFolderAPITestCases@43aaf813]" started-at="2024-05-24T14:43:08 IST" name="verify_Get_All_Priorities_With_Authorization" finished-at="2024-05-24T14:43:08 IST" duration-ms="566" status="PASS">
          <reporter-output>
          </reporter-output>
        </test-method> <!-- verify_Get_All_Priorities_With_Authorization -->
        <test-method is-config="true" signature="test_Method_Exection_Result(org.testng.ITestResult)[pri:0, instance:in.task_erp_api.testcases.PriorityFolderAPITestCases@43aaf813]" started-at="2024-05-24T14:43:08 IST" name="test_Method_Exection_Result" finished-at="2024-05-24T14:43:08 IST" duration-ms="0" status="PASS">
          <params>
            <param index="0">
              <value>
                <![CDATA[[TestResult name=verify_Get_All_Priorities_With_Authorization status=SUCCESS method=PriorityFolderAPITestCases.verify_Get_All_Priorities_With_Authorization()[pri:5, instance:in.task_erp_api.testcases.PriorityFolderAPITestCases@43aaf813] output={null}]]]>
              </value>
            </param>
          </params>
          <reporter-output>
          </reporter-output>
        </test-method> <!-- test_Method_Exection_Result -->
      </class> <!-- in.task_erp_api.testcases.PriorityFolderAPITestCases -->
      <class name="in.task_erp_api.testcases.EmployeeFolderAPITestCases">
        <test-method is-config="true" signature="extent_Report_Setup()[pri:0, instance:in.task_erp_api.testcases.EmployeeFolderAPITestCases@14c01636]" started-at="2024-05-24T14:43:32 IST" name="extent_Report_Setup" finished-at="2024-05-24T14:43:32 IST" duration-ms="1" status="PASS">
          <reporter-output>
          </reporter-output>
        </test-method> <!-- extent_Report_Setup -->
        <test-method signature="verify_Add_Employee_Without_Authorization()[pri:1, instance:in.task_erp_api.testcases.EmployeeFolderAPITestCases@14c01636]" started-at="2024-05-24T14:43:32 IST" name="verify_Add_Employee_Without_Authorization" finished-at="2024-05-24T14:43:32 IST" duration-ms="485" status="PASS">
          <reporter-output>
          </reporter-output>
        </test-method> <!-- verify_Add_Employee_Without_Authorization -->
        <test-method is-config="true" signature="test_Method_Exection_Result(org.testng.ITestResult)[pri:0, instance:in.task_erp_api.testcases.EmployeeFolderAPITestCases@14c01636]" started-at="2024-05-24T14:43:32 IST" name="test_Method_Exection_Result" finished-at="2024-05-24T14:43:32 IST" duration-ms="1" status="PASS">
          <params>
            <param index="0">
              <value>
                <![CDATA[[TestResult name=verify_Add_Employee_Without_Authorization status=SUCCESS method=EmployeeFolderAPITestCases.verify_Add_Employee_Without_Authorization()[pri:1, instance:in.task_erp_api.testcases.EmployeeFolderAPITestCases@14c01636] output={null}]]]>
              </value>
            </param>
          </params>
          <reporter-output>
          </reporter-output>
        </test-method> <!-- test_Method_Exection_Result -->
        <test-method signature="verify_Get_Single_Employee_Without_Authorization()[pri:2, instance:in.task_erp_api.testcases.EmployeeFolderAPITestCases@14c01636]" started-at="2024-05-24T14:43:32 IST" name="verify_Get_Single_Employee_Without_Authorization" finished-at="2024-05-24T14:43:33 IST" duration-ms="481" status="PASS">
          <reporter-output>
          </reporter-output>
        </test-method> <!-- verify_Get_Single_Employee_Without_Authorization -->
        <test-method is-config="true" signature="test_Method_Exection_Result(org.testng.ITestResult)[pri:0, instance:in.task_erp_api.testcases.EmployeeFolderAPITestCases@14c01636]" started-at="2024-05-24T14:43:33 IST" name="test_Method_Exection_Result" finished-at="2024-05-24T14:43:33 IST" duration-ms="0" status="PASS">
          <params>
            <param index="0">
              <value>
                <![CDATA[[TestResult name=verify_Get_Single_Employee_Without_Authorization status=SUCCESS method=EmployeeFolderAPITestCases.verify_Get_Single_Employee_Without_Authorization()[pri:2, instance:in.task_erp_api.testcases.EmployeeFolderAPITestCases@14c01636] output={null}]]]>
              </value>
            </param>
          </params>
          <reporter-output>
          </reporter-output>
        </test-method> <!-- test_Method_Exection_Result -->
        <test-method signature="verify_Get_UserId_Without_Authorization()[pri:3, instance:in.task_erp_api.testcases.EmployeeFolderAPITestCases@14c01636]" started-at="2024-05-24T14:43:33 IST" name="verify_Get_UserId_Without_Authorization" finished-at="2024-05-24T14:43:33 IST" duration-ms="500" status="PASS">
          <reporter-output>
          </reporter-output>
        </test-method> <!-- verify_Get_UserId_Without_Authorization -->
        <test-method is-config="true" signature="test_Method_Exection_Result(org.testng.ITestResult)[pri:0, instance:in.task_erp_api.testcases.EmployeeFolderAPITestCases@14c01636]" started-at="2024-05-24T14:43:33 IST" name="test_Method_Exection_Result" finished-at="2024-05-24T14:43:33 IST" duration-ms="0" status="PASS">
          <params>
            <param index="0">
              <value>
                <![CDATA[[TestResult name=verify_Get_UserId_Without_Authorization status=SUCCESS method=EmployeeFolderAPITestCases.verify_Get_UserId_Without_Authorization()[pri:3, instance:in.task_erp_api.testcases.EmployeeFolderAPITestCases@14c01636] output={null}]]]>
              </value>
            </param>
          </params>
          <reporter-output>
          </reporter-output>
        </test-method> <!-- test_Method_Exection_Result -->
        <test-method signature="verify_Get_All_Reporting_Authorities_Without_Authorization()[pri:5, instance:in.task_erp_api.testcases.EmployeeFolderAPITestCases@14c01636]" started-at="2024-05-24T14:43:33 IST" name="verify_Get_All_Reporting_Authorities_Without_Authorization" finished-at="2024-05-24T14:43:34 IST" duration-ms="508" status="PASS">
          <reporter-output>
          </reporter-output>
        </test-method> <!-- verify_Get_All_Reporting_Authorities_Without_Authorization -->
        <test-method is-config="true" signature="test_Method_Exection_Result(org.testng.ITestResult)[pri:0, instance:in.task_erp_api.testcases.EmployeeFolderAPITestCases@14c01636]" started-at="2024-05-24T14:43:34 IST" name="test_Method_Exection_Result" finished-at="2024-05-24T14:43:34 IST" duration-ms="1" status="PASS">
          <params>
            <param index="0">
              <value>
                <![CDATA[[TestResult name=verify_Get_All_Reporting_Authorities_Without_Authorization status=SUCCESS method=EmployeeFolderAPITestCases.verify_Get_All_Reporting_Authorities_Without_Authorization()[pri:5, instance:in.task_erp_api.testcases.EmployeeFolderAPITestCases@14c01636] output={null}]]]>
              </value>
            </param>
          </params>
          <reporter-output>
          </reporter-output>
        </test-method> <!-- test_Method_Exection_Result -->
        <test-method signature="verify_Get_All_Assignees_Without_Authorization()[pri:6, instance:in.task_erp_api.testcases.EmployeeFolderAPITestCases@14c01636]" started-at="2024-05-24T14:43:34 IST" name="verify_Get_All_Assignees_Without_Authorization" finished-at="2024-05-24T14:43:34 IST" duration-ms="479" status="PASS">
          <reporter-output>
          </reporter-output>
        </test-method> <!-- verify_Get_All_Assignees_Without_Authorization -->
        <test-method is-config="true" signature="test_Method_Exection_Result(org.testng.ITestResult)[pri:0, instance:in.task_erp_api.testcases.EmployeeFolderAPITestCases@14c01636]" started-at="2024-05-24T14:43:34 IST" name="test_Method_Exection_Result" finished-at="2024-05-24T14:43:34 IST" duration-ms="0" status="PASS">
          <params>
            <param index="0">
              <value>
                <![CDATA[[TestResult name=verify_Get_All_Assignees_Without_Authorization status=SUCCESS method=EmployeeFolderAPITestCases.verify_Get_All_Assignees_Without_Authorization()[pri:6, instance:in.task_erp_api.testcases.EmployeeFolderAPITestCases@14c01636] output={null}]]]>
              </value>
            </param>
          </params>
          <reporter-output>
          </reporter-output>
        </test-method> <!-- test_Method_Exection_Result -->
        <test-method signature="verify_Get_All_Employees_Without_Authorization()[pri:7, instance:in.task_erp_api.testcases.EmployeeFolderAPITestCases@14c01636]" started-at="2024-05-24T14:43:34 IST" name="verify_Get_All_Employees_Without_Authorization" finished-at="2024-05-24T14:43:35 IST" duration-ms="499" status="PASS">
          <reporter-output>
          </reporter-output>
        </test-method> <!-- verify_Get_All_Employees_Without_Authorization -->
        <test-method is-config="true" signature="test_Method_Exection_Result(org.testng.ITestResult)[pri:0, instance:in.task_erp_api.testcases.EmployeeFolderAPITestCases@14c01636]" started-at="2024-05-24T14:43:35 IST" name="test_Method_Exection_Result" finished-at="2024-05-24T14:43:35 IST" duration-ms="1" status="PASS">
          <params>
            <param index="0">
              <value>
                <![CDATA[[TestResult name=verify_Get_All_Employees_Without_Authorization status=SUCCESS method=EmployeeFolderAPITestCases.verify_Get_All_Employees_Without_Authorization()[pri:7, instance:in.task_erp_api.testcases.EmployeeFolderAPITestCases@14c01636] output={null}]]]>
              </value>
            </param>
          </params>
          <reporter-output>
          </reporter-output>
        </test-method> <!-- test_Method_Exection_Result -->
        <test-method signature="verify_Get_All_Active_Users_Info_Without_Authorization()[pri:8, instance:in.task_erp_api.testcases.EmployeeFolderAPITestCases@14c01636]" started-at="2024-05-24T14:43:35 IST" name="verify_Get_All_Active_Users_Info_Without_Authorization" finished-at="2024-05-24T14:43:35 IST" duration-ms="466" status="PASS">
          <reporter-output>
          </reporter-output>
        </test-method> <!-- verify_Get_All_Active_Users_Info_Without_Authorization -->
        <test-method is-config="true" signature="test_Method_Exection_Result(org.testng.ITestResult)[pri:0, instance:in.task_erp_api.testcases.EmployeeFolderAPITestCases@14c01636]" started-at="2024-05-24T14:43:35 IST" name="test_Method_Exection_Result" finished-at="2024-05-24T14:43:35 IST" duration-ms="1" status="PASS">
          <params>
            <param index="0">
              <value>
                <![CDATA[[TestResult name=verify_Get_All_Active_Users_Info_Without_Authorization status=SUCCESS method=EmployeeFolderAPITestCases.verify_Get_All_Active_Users_Info_Without_Authorization()[pri:8, instance:in.task_erp_api.testcases.EmployeeFolderAPITestCases@14c01636] output={null}]]]>
              </value>
            </param>
          </params>
          <reporter-output>
          </reporter-output>
        </test-method> <!-- test_Method_Exection_Result -->
        <test-method signature="verify_Get_All_Employees_Ids_And_Names_Without_Authorization()[pri:9, instance:in.task_erp_api.testcases.EmployeeFolderAPITestCases@14c01636]" started-at="2024-05-24T14:43:35 IST" name="verify_Get_All_Employees_Ids_And_Names_Without_Authorization" finished-at="2024-05-24T14:43:36 IST" duration-ms="490" status="PASS">
          <reporter-output>
          </reporter-output>
        </test-method> <!-- verify_Get_All_Employees_Ids_And_Names_Without_Authorization -->
        <test-method is-config="true" signature="test_Method_Exection_Result(org.testng.ITestResult)[pri:0, instance:in.task_erp_api.testcases.EmployeeFolderAPITestCases@14c01636]" started-at="2024-05-24T14:43:36 IST" name="test_Method_Exection_Result" finished-at="2024-05-24T14:43:36 IST" duration-ms="0" status="PASS">
          <params>
            <param index="0">
              <value>
                <![CDATA[[TestResult name=verify_Get_All_Employees_Ids_And_Names_Without_Authorization status=SUCCESS method=EmployeeFolderAPITestCases.verify_Get_All_Employees_Ids_And_Names_Without_Authorization()[pri:9, instance:in.task_erp_api.testcases.EmployeeFolderAPITestCases@14c01636] output={null}]]]>
              </value>
            </param>
          </params>
          <reporter-output>
          </reporter-output>
        </test-method> <!-- test_Method_Exection_Result -->
        <test-method signature="verify_Get_Assigned_Task_Info_By_Role_Without_Authorization()[pri:10, instance:in.task_erp_api.testcases.EmployeeFolderAPITestCases@14c01636]" started-at="2024-05-24T14:43:36 IST" name="verify_Get_Assigned_Task_Info_By_Role_Without_Authorization" finished-at="2024-05-24T14:43:36 IST" duration-ms="464" status="PASS">
          <reporter-output>
          </reporter-output>
        </test-method> <!-- verify_Get_Assigned_Task_Info_By_Role_Without_Authorization -->
        <test-method is-config="true" signature="test_Method_Exection_Result(org.testng.ITestResult)[pri:0, instance:in.task_erp_api.testcases.EmployeeFolderAPITestCases@14c01636]" started-at="2024-05-24T14:43:36 IST" name="test_Method_Exection_Result" finished-at="2024-05-24T14:43:36 IST" duration-ms="0" status="PASS">
          <params>
            <param index="0">
              <value>
                <![CDATA[[TestResult name=verify_Get_Assigned_Task_Info_By_Role_Without_Authorization status=SUCCESS method=EmployeeFolderAPITestCases.verify_Get_Assigned_Task_Info_By_Role_Without_Authorization()[pri:10, instance:in.task_erp_api.testcases.EmployeeFolderAPITestCases@14c01636] output={null}]]]>
              </value>
            </param>
          </params>
          <reporter-output>
          </reporter-output>
        </test-method> <!-- test_Method_Exection_Result -->
        <test-method signature="verify_Get_Search_Employee_In_Level_Without_Authorization()[pri:11, instance:in.task_erp_api.testcases.EmployeeFolderAPITestCases@14c01636]" started-at="2024-05-24T14:43:36 IST" name="verify_Get_Search_Employee_In_Level_Without_Authorization" finished-at="2024-05-24T14:43:37 IST" duration-ms="483" status="PASS">
          <reporter-output>
          </reporter-output>
        </test-method> <!-- verify_Get_Search_Employee_In_Level_Without_Authorization -->
        <test-method is-config="true" signature="test_Method_Exection_Result(org.testng.ITestResult)[pri:0, instance:in.task_erp_api.testcases.EmployeeFolderAPITestCases@14c01636]" started-at="2024-05-24T14:43:37 IST" name="test_Method_Exection_Result" finished-at="2024-05-24T14:43:37 IST" duration-ms="0" status="PASS">
          <params>
            <param index="0">
              <value>
                <![CDATA[[TestResult name=verify_Get_Search_Employee_In_Level_Without_Authorization status=SUCCESS method=EmployeeFolderAPITestCases.verify_Get_Search_Employee_In_Level_Without_Authorization()[pri:11, instance:in.task_erp_api.testcases.EmployeeFolderAPITestCases@14c01636] output={null}]]]>
              </value>
            </param>
          </params>
          <reporter-output>
          </reporter-output>
        </test-method> <!-- test_Method_Exection_Result -->
        <test-method signature="verify_Add_Token_For_Web_Without_Authorization()[pri:12, instance:in.task_erp_api.testcases.EmployeeFolderAPITestCases@14c01636]" started-at="2024-05-24T14:43:37 IST" name="verify_Add_Token_For_Web_Without_Authorization" finished-at="2024-05-24T14:43:37 IST" duration-ms="506" status="PASS">
          <reporter-output>
          </reporter-output>
        </test-method> <!-- verify_Add_Token_For_Web_Without_Authorization -->
        <test-method is-config="true" signature="test_Method_Exection_Result(org.testng.ITestResult)[pri:0, instance:in.task_erp_api.testcases.EmployeeFolderAPITestCases@14c01636]" started-at="2024-05-24T14:43:37 IST" name="test_Method_Exection_Result" finished-at="2024-05-24T14:43:37 IST" duration-ms="0" status="PASS">
          <params>
            <param index="0">
              <value>
                <![CDATA[[TestResult name=verify_Add_Token_For_Web_Without_Authorization status=SUCCESS method=EmployeeFolderAPITestCases.verify_Add_Token_For_Web_Without_Authorization()[pri:12, instance:in.task_erp_api.testcases.EmployeeFolderAPITestCases@14c01636] output={null}]]]>
              </value>
            </param>
          </params>
          <reporter-output>
          </reporter-output>
        </test-method> <!-- test_Method_Exection_Result -->
        <test-method signature="verify_Add_Token_For_Mobile_Without_Authorization()[pri:13, instance:in.task_erp_api.testcases.EmployeeFolderAPITestCases@14c01636]" started-at="2024-05-24T14:43:37 IST" name="verify_Add_Token_For_Mobile_Without_Authorization" finished-at="2024-05-24T14:43:38 IST" duration-ms="552" status="PASS">
          <reporter-output>
          </reporter-output>
        </test-method> <!-- verify_Add_Token_For_Mobile_Without_Authorization -->
        <test-method is-config="true" signature="test_Method_Exection_Result(org.testng.ITestResult)[pri:0, instance:in.task_erp_api.testcases.EmployeeFolderAPITestCases@14c01636]" started-at="2024-05-24T14:43:38 IST" name="test_Method_Exection_Result" finished-at="2024-05-24T14:43:38 IST" duration-ms="0" status="PASS">
          <params>
            <param index="0">
              <value>
                <![CDATA[[TestResult name=verify_Add_Token_For_Mobile_Without_Authorization status=SUCCESS method=EmployeeFolderAPITestCases.verify_Add_Token_For_Mobile_Without_Authorization()[pri:13, instance:in.task_erp_api.testcases.EmployeeFolderAPITestCases@14c01636] output={null}]]]>
              </value>
            </param>
          </params>
          <reporter-output>
          </reporter-output>
        </test-method> <!-- test_Method_Exection_Result -->
        <test-method signature="verify_Update_Employee_Without_Authorization()[pri:14, instance:in.task_erp_api.testcases.EmployeeFolderAPITestCases@14c01636]" started-at="2024-05-24T14:43:38 IST" name="verify_Update_Employee_Without_Authorization" finished-at="2024-05-24T14:43:38 IST" duration-ms="511" status="PASS">
          <reporter-output>
          </reporter-output>
        </test-method> <!-- verify_Update_Employee_Without_Authorization -->
        <test-method is-config="true" signature="test_Method_Exection_Result(org.testng.ITestResult)[pri:0, instance:in.task_erp_api.testcases.EmployeeFolderAPITestCases@14c01636]" started-at="2024-05-24T14:43:38 IST" name="test_Method_Exection_Result" finished-at="2024-05-24T14:43:38 IST" duration-ms="0" status="PASS">
          <params>
            <param index="0">
              <value>
                <![CDATA[[TestResult name=verify_Update_Employee_Without_Authorization status=SUCCESS method=EmployeeFolderAPITestCases.verify_Update_Employee_Without_Authorization()[pri:14, instance:in.task_erp_api.testcases.EmployeeFolderAPITestCases@14c01636] output={null}]]]>
              </value>
            </param>
          </params>
          <reporter-output>
          </reporter-output>
        </test-method> <!-- test_Method_Exection_Result -->
        <test-method signature="verify_Update_Password_Without_Authorization()[pri:15, instance:in.task_erp_api.testcases.EmployeeFolderAPITestCases@14c01636]" started-at="2024-05-24T14:43:38 IST" name="verify_Update_Password_Without_Authorization" finished-at="2024-05-24T14:43:39 IST" duration-ms="512" status="PASS">
          <reporter-output>
          </reporter-output>
        </test-method> <!-- verify_Update_Password_Without_Authorization -->
        <test-method is-config="true" signature="test_Method_Exection_Result(org.testng.ITestResult)[pri:0, instance:in.task_erp_api.testcases.EmployeeFolderAPITestCases@14c01636]" started-at="2024-05-24T14:43:39 IST" name="test_Method_Exection_Result" finished-at="2024-05-24T14:43:39 IST" duration-ms="1" status="PASS">
          <params>
            <param index="0">
              <value>
                <![CDATA[[TestResult name=verify_Update_Password_Without_Authorization status=SUCCESS method=EmployeeFolderAPITestCases.verify_Update_Password_Without_Authorization()[pri:15, instance:in.task_erp_api.testcases.EmployeeFolderAPITestCases@14c01636] output={null}]]]>
              </value>
            </param>
          </params>
          <reporter-output>
          </reporter-output>
        </test-method> <!-- test_Method_Exection_Result -->
        <test-method signature="verify_Get_Task_Owners_Without_Authorization()[pri:16, instance:in.task_erp_api.testcases.EmployeeFolderAPITestCases@14c01636]" started-at="2024-05-24T14:43:39 IST" name="verify_Get_Task_Owners_Without_Authorization" finished-at="2024-05-24T14:43:39 IST" duration-ms="493" status="PASS">
          <reporter-output>
          </reporter-output>
        </test-method> <!-- verify_Get_Task_Owners_Without_Authorization -->
        <test-method is-config="true" signature="test_Method_Exection_Result(org.testng.ITestResult)[pri:0, instance:in.task_erp_api.testcases.EmployeeFolderAPITestCases@14c01636]" started-at="2024-05-24T14:43:39 IST" name="test_Method_Exection_Result" finished-at="2024-05-24T14:43:39 IST" duration-ms="0" status="PASS">
          <params>
            <param index="0">
              <value>
                <![CDATA[[TestResult name=verify_Get_Task_Owners_Without_Authorization status=SUCCESS method=EmployeeFolderAPITestCases.verify_Get_Task_Owners_Without_Authorization()[pri:16, instance:in.task_erp_api.testcases.EmployeeFolderAPITestCases@14c01636] output={null}]]]>
              </value>
            </param>
          </params>
          <reporter-output>
          </reporter-output>
        </test-method> <!-- test_Method_Exection_Result -->
        <test-method signature="verify_Get_All_Employee_With_Authorization(java.lang.String)[pri:17, instance:in.task_erp_api.testcases.EmployeeFolderAPITestCases@14c01636]" started-at="2024-05-24T14:43:39 IST" name="verify_Get_All_Employee_With_Authorization" data-provider="TestDataForGetAllEmployees" finished-at="2024-05-24T14:43:41 IST" duration-ms="1220" status="PASS">
          <params>
            <param index="0">
              <value>
                <![CDATA[eyJhbGciOiJIUzUxMiJ9.eyJzdWIiOiJJTkMwMDQiLCJpYXQiOjE3MTY1NDE5ODIsImV4cCI6MTcxNzYyMTk4Mn0.4vPMJNf6WD6ebYlRbsIeSTmdIKiDl88-NNnZhlTNrYEcYyGck_f17gJeFWhICZbgqaQPyJ7AoFybnSA61HtDdg]]>
              </value>
            </param>
          </params>
          <reporter-output>
          </reporter-output>
        </test-method> <!-- verify_Get_All_Employee_With_Authorization -->
        <test-method is-config="true" signature="test_Method_Exection_Result(org.testng.ITestResult)[pri:0, instance:in.task_erp_api.testcases.EmployeeFolderAPITestCases@14c01636]" started-at="2024-05-24T14:43:41 IST" name="test_Method_Exection_Result" finished-at="2024-05-24T14:43:41 IST" duration-ms="1" status="PASS">
          <params>
            <param index="0">
              <value>
                <![CDATA[[TestResult name=verify_Get_All_Employee_With_Authorization status=SUCCESS method=EmployeeFolderAPITestCases.verify_Get_All_Employee_With_Authorization(java.lang.String)[pri:17, instance:in.task_erp_api.testcases.EmployeeFolderAPITestCases@14c01636] output={null}]]]>
              </value>
            </param>
          </params>
          <reporter-output>
          </reporter-output>
        </test-method> <!-- test_Method_Exection_Result -->
        <test-method signature="verify_Get_Single_Employee_With_Authorization()[pri:18, instance:in.task_erp_api.testcases.EmployeeFolderAPITestCases@14c01636]" started-at="2024-05-24T14:43:41 IST" name="verify_Get_Single_Employee_With_Authorization" finished-at="2024-05-24T14:43:41 IST" depends-on-methods="in.task_erp_api.testcases.EmployeeFolderAPITestCases.verify_Get_All_Employee_With_Authorization" duration-ms="761" status="PASS">
          <reporter-output>
          </reporter-output>
        </test-method> <!-- verify_Get_Single_Employee_With_Authorization -->
        <test-method is-config="true" signature="test_Method_Exection_Result(org.testng.ITestResult)[pri:0, instance:in.task_erp_api.testcases.EmployeeFolderAPITestCases@14c01636]" started-at="2024-05-24T14:43:41 IST" name="test_Method_Exection_Result" finished-at="2024-05-24T14:43:41 IST" duration-ms="1" status="PASS">
          <params>
            <param index="0">
              <value>
                <![CDATA[[TestResult name=verify_Get_Single_Employee_With_Authorization status=SUCCESS method=EmployeeFolderAPITestCases.verify_Get_Single_Employee_With_Authorization()[pri:18, instance:in.task_erp_api.testcases.EmployeeFolderAPITestCases@14c01636] output={null}]]]>
              </value>
            </param>
          </params>
          <reporter-output>
          </reporter-output>
        </test-method> <!-- test_Method_Exection_Result -->
        <test-method signature="verify_Get_Single_Employee_By_Giving_Invalid_UserId()[pri:19, instance:in.task_erp_api.testcases.EmployeeFolderAPITestCases@14c01636]" started-at="2024-05-24T14:43:41 IST" name="verify_Get_Single_Employee_By_Giving_Invalid_UserId" finished-at="2024-05-24T14:43:42 IST" depends-on-methods="in.task_erp_api.testcases.EmployeeFolderAPITestCases.verify_Get_All_Employee_With_Authorization" duration-ms="479" status="PASS">
          <reporter-output>
          </reporter-output>
        </test-method> <!-- verify_Get_Single_Employee_By_Giving_Invalid_UserId -->
        <test-method is-config="true" signature="test_Method_Exection_Result(org.testng.ITestResult)[pri:0, instance:in.task_erp_api.testcases.EmployeeFolderAPITestCases@14c01636]" started-at="2024-05-24T14:43:42 IST" name="test_Method_Exection_Result" finished-at="2024-05-24T14:43:42 IST" duration-ms="0" status="PASS">
          <params>
            <param index="0">
              <value>
                <![CDATA[[TestResult name=verify_Get_Single_Employee_By_Giving_Invalid_UserId status=SUCCESS method=EmployeeFolderAPITestCases.verify_Get_Single_Employee_By_Giving_Invalid_UserId()[pri:19, instance:in.task_erp_api.testcases.EmployeeFolderAPITestCases@14c01636] output={null}]]]>
              </value>
            </param>
          </params>
          <reporter-output>
          </reporter-output>
        </test-method> <!-- test_Method_Exection_Result -->
        <test-method signature="verify_Get_Task_Owners_With_Authorization()[pri:20, instance:in.task_erp_api.testcases.EmployeeFolderAPITestCases@14c01636]" started-at="2024-05-24T14:43:42 IST" name="verify_Get_Task_Owners_With_Authorization" finished-at="2024-05-24T14:43:43 IST" duration-ms="690" status="PASS">
          <reporter-output>
          </reporter-output>
        </test-method> <!-- verify_Get_Task_Owners_With_Authorization -->
        <test-method is-config="true" signature="test_Method_Exection_Result(org.testng.ITestResult)[pri:0, instance:in.task_erp_api.testcases.EmployeeFolderAPITestCases@14c01636]" started-at="2024-05-24T14:43:43 IST" name="test_Method_Exection_Result" finished-at="2024-05-24T14:43:43 IST" duration-ms="1" status="PASS">
          <params>
            <param index="0">
              <value>
                <![CDATA[[TestResult name=verify_Get_Task_Owners_With_Authorization status=SUCCESS method=EmployeeFolderAPITestCases.verify_Get_Task_Owners_With_Authorization()[pri:20, instance:in.task_erp_api.testcases.EmployeeFolderAPITestCases@14c01636] output={null}]]]>
              </value>
            </param>
          </params>
          <reporter-output>
          </reporter-output>
        </test-method> <!-- test_Method_Exection_Result -->
        <test-method signature="verify_Get_User_Id_With_Authorization()[pri:22, instance:in.task_erp_api.testcases.EmployeeFolderAPITestCases@14c01636]" started-at="2024-05-24T14:43:43 IST" name="verify_Get_User_Id_With_Authorization" finished-at="2024-05-24T14:43:43 IST" depends-on-methods="in.task_erp_api.testcases.EmployeeFolderAPITestCases.verify_Get_All_Employee_With_Authorization" duration-ms="676" status="PASS">
          <reporter-output>
          </reporter-output>
        </test-method> <!-- verify_Get_User_Id_With_Authorization -->
        <test-method is-config="true" signature="test_Method_Exection_Result(org.testng.ITestResult)[pri:0, instance:in.task_erp_api.testcases.EmployeeFolderAPITestCases@14c01636]" started-at="2024-05-24T14:43:43 IST" name="test_Method_Exection_Result" finished-at="2024-05-24T14:43:43 IST" duration-ms="0" status="PASS">
          <params>
            <param index="0">
              <value>
                <![CDATA[[TestResult name=verify_Get_User_Id_With_Authorization status=SUCCESS method=EmployeeFolderAPITestCases.verify_Get_User_Id_With_Authorization()[pri:22, instance:in.task_erp_api.testcases.EmployeeFolderAPITestCases@14c01636] output={null}]]]>
              </value>
            </param>
          </params>
          <reporter-output>
[...]
          <params>
            <param index="0">
              <value>
                <![CDATA[]]>
              </value>
            </param>
            <param index="1">
              <value>
                <![CDATA[INC001]]>
              </value>
            </param>
          </params>
          <reporter-output>
          </reporter-output>
        </test-method> <!-- verify_Add_Token_For_Mobile_With_Authorization -->
        <test-method is-config="true" signature="test_Method_Exection_Result(org.testng.ITestResult)[pri:0, instance:in.task_erp_api.testcases.EmployeeFolderAPITestCases@14c01636]" started-at="2024-05-24T14:44:14 IST" name="test_Method_Exection_Result" finished-at="2024-05-24T14:44:14 IST" duration-ms="1" status="PASS">
          <params>
            <param index="0">
              <value>
                <![CDATA[[TestResult name=verify_Add_Token_For_Mobile_With_Authorization status=SUCCESS method=EmployeeFolderAPITestCases.verify_Add_Token_For_Mobile_With_Authorization(java.lang.String,java.lang.String)[pri:35, instance:in.task_erp_api.testcases.EmployeeFolderAPITestCases@14c01636] output={null}]]]>
              </value>
            </param>
          </params>
          <reporter-output>
          </reporter-output>
        </test-method> <!-- test_Method_Exection_Result -->
      </class> <!-- in.task_erp_api.testcases.EmployeeFolderAPITestCases -->
      <class name="in.task_erp_api.testcases.RoleFolderAPITestCases">
        <test-method is-config="true" signature="extent_Report_Setup()[pri:0, instance:in.task_erp_api.testcases.RoleFolderAPITestCases@e98770d]" started-at="2024-05-24T14:43:16 IST" name="extent_Report_Setup" finished-at="2024-05-24T14:43:16 IST" duration-ms="1" status="PASS">
          <reporter-output>
          </reporter-output>
        </test-method> <!-- extent_Report_Setup -->
        <test-method signature="verify_Get_All_Roles_Without_Authorization()[pri:2, instance:in.task_erp_api.testcases.RoleFolderAPITestCases@e98770d]" started-at="2024-05-24T14:43:16 IST" name="verify_Get_All_Roles_Without_Authorization" finished-at="2024-05-24T14:43:17 IST" duration-ms="466" status="PASS">
          <reporter-output>
          </reporter-output>
        </test-method> <!-- verify_Get_All_Roles_Without_Authorization -->
        <test-method is-config="true" signature="test_Method_Exection_Result(org.testng.ITestResult)[pri:0, instance:in.task_erp_api.testcases.RoleFolderAPITestCases@e98770d]" started-at="2024-05-24T14:43:17 IST" name="test_Method_Exection_Result" finished-at="2024-05-24T14:43:17 IST" duration-ms="0" status="PASS">
          <params>
            <param index="0">
              <value>
                <![CDATA[[TestResult name=verify_Get_All_Roles_Without_Authorization status=SUCCESS method=RoleFolderAPITestCases.verify_Get_All_Roles_Without_Authorization()[pri:2, instance:in.task_erp_api.testcases.RoleFolderAPITestCases@e98770d] output={null}]]]>
              </value>
            </param>
          </params>
          <reporter-output>
          </reporter-output>
        </test-method> <!-- test_Method_Exection_Result -->
        <test-method signature="verify_Get_All_Roles_With_Authorization()[pri:6, instance:in.task_erp_api.testcases.RoleFolderAPITestCases@e98770d]" started-at="2024-05-24T14:43:17 IST" name="verify_Get_All_Roles_With_Authorization" finished-at="2024-05-24T14:43:17 IST" duration-ms="509" status="PASS">
          <reporter-output>
          </reporter-output>
        </test-method> <!-- verify_Get_All_Roles_With_Authorization -->
        <test-method is-config="true" signature="test_Method_Exection_Result(org.testng.ITestResult)[pri:0, instance:in.task_erp_api.testcases.RoleFolderAPITestCases@e98770d]" started-at="2024-05-24T14:43:17 IST" name="test_Method_Exection_Result" finished-at="2024-05-24T14:43:17 IST" duration-ms="0" status="PASS">
          <params>
            <param index="0">
              <value>
                <![CDATA[[TestResult name=verify_Get_All_Roles_With_Authorization status=SUCCESS method=RoleFolderAPITestCases.verify_Get_All_Roles_With_Authorization()[pri:6, instance:in.task_erp_api.testcases.RoleFolderAPITestCases@e98770d] output={null}]]]>
              </value>
            </param>
          </params>
          <reporter-output>
          </reporter-output>
        </test-method> <!-- test_Method_Exection_Result -->
      </class> <!-- in.task_erp_api.testcases.RoleFolderAPITestCases -->
      <class name="in.task_erp_api.testcases.DesignationFolderAPITestCases">
        <test-method is-config="true" signature="extent_Report_Setup()[pri:0, instance:in.task_erp_api.testcases.DesignationFolderAPITestCases@4ba302e0]" started-at="2024-05-24T14:43:11 IST" name="extent_Report_Setup" finished-at="2024-05-24T14:43:11 IST" duration-ms="1" status="PASS">
          <reporter-output>
          </reporter-output>
        </test-method> <!-- extent_Report_Setup -->
        <test-method signature="verify_Add_Designation_Without_Authorization()[pri:1, instance:in.task_erp_api.testcases.DesignationFolderAPITestCases@4ba302e0]" started-at="2024-05-24T14:43:11 IST" name="verify_Add_Designation_Without_Authorization" finished-at="2024-05-24T14:43:12 IST" duration-ms="544" status="PASS">
          <reporter-output>
          </reporter-output>
        </test-method> <!-- verify_Add_Designation_Without_Authorization -->
        <test-method signature="verify_Get_All_Designation_By_Department_Without_Authorization()[pri:2, instance:in.task_erp_api.testcases.DesignationFolderAPITestCases@4ba302e0]" started-at="2024-05-24T14:43:12 IST" name="verify_Get_All_Designation_By_Department_Without_Authorization" finished-at="2024-05-24T14:43:12 IST" duration-ms="544" status="PASS">
          <reporter-output>
          </reporter-output>
        </test-method> <!-- verify_Get_All_Designation_By_Department_Without_Authorization -->
        <test-method is-config="true" signature="test_Method_Exection_Result(org.testng.ITestResult)[pri:0, instance:in.task_erp_api.testcases.DesignationFolderAPITestCases@4ba302e0]" started-at="2024-05-24T14:43:12 IST" name="test_Method_Exection_Result" finished-at="2024-05-24T14:43:12 IST" duration-ms="0" status="PASS">
          <params>
            <param index="0">
              <value>
                <![CDATA[[TestResult name=verify_Add_Designation_Without_Authorization status=SUCCESS method=DesignationFolderAPITestCases.verify_Add_Designation_Without_Authorization()[pri:1, instance:in.task_erp_api.testcases.DesignationFolderAPITestCases@4ba302e0] output={null}]]]>
              </value>
            </param>
          </params>
          <reporter-output>
          </reporter-output>
        </test-method> <!-- test_Method_Exection_Result -->
        <test-method is-config="true" signature="test_Method_Exection_Result(org.testng.ITestResult)[pri:0, instance:in.task_erp_api.testcases.DesignationFolderAPITestCases@4ba302e0]" started-at="2024-05-24T14:43:12 IST" name="test_Method_Exection_Result" finished-at="2024-05-24T14:43:12 IST" duration-ms="1" status="PASS">
          <params>
            <param index="0">
              <value>
                <![CDATA[[TestResult name=verify_Get_All_Designation_By_Department_Without_Authorization status=SUCCESS method=DesignationFolderAPITestCases.verify_Get_All_Designation_By_Department_Without_Authorization()[pri:2, instance:in.task_erp_api.testcases.DesignationFolderAPITestCases@4ba302e0] output={null}]]]>
              </value>
            </param>
          </params>
          <reporter-output>
          </reporter-output>
        </test-method> <!-- test_Method_Exection_Result -->
        <test-method signature="verify_Get_All_Designation_Without_Authorization()[pri:3, instance:in.task_erp_api.testcases.DesignationFolderAPITestCases@4ba302e0]" started-at="2024-05-24T14:43:12 IST" name="verify_Get_All_Designation_Without_Authorization" finished-at="2024-05-24T14:43:13 IST" duration-ms="546" status="PASS">
          <reporter-output>
          </reporter-output>
        </test-method> <!-- verify_Get_All_Designation_Without_Authorization -->
        <test-method is-config="true" signature="test_Method_Exection_Result(org.testng.ITestResult)[pri:0, instance:in.task_erp_api.testcases.DesignationFolderAPITestCases@4ba302e0]" started-at="2024-05-24T14:43:13 IST" name="test_Method_Exection_Result" finished-at="2024-05-24T14:43:13 IST" duration-ms="2" status="PASS">
          <params>
            <param index="0">
              <value>
                <![CDATA[[TestResult name=verify_Get_All_Designation_Without_Authorization status=SUCCESS method=DesignationFolderAPITestCases.verify_Get_All_Designation_Without_Authorization()[pri:3, instance:in.task_erp_api.testcases.DesignationFolderAPITestCases@4ba302e0] output={null}]]]>
              </value>
            </param>
          </params>
          <reporter-output>
          </reporter-output>
        </test-method> <!-- test_Method_Exection_Result -->
        <test-method signature="verify_Update_Designation_Without_Authorization()[pri:4, instance:in.task_erp_api.testcases.DesignationFolderAPITestCases@4ba302e0]" started-at="2024-05-24T14:43:13 IST" name="verify_Update_Designation_Without_Authorization" finished-at="2024-05-24T14:43:14 IST" duration-ms="1408" status="PASS">
          <reporter-output>
          </reporter-output>
        </test-method> <!-- verify_Update_Designation_Without_Authorization -->
        <test-method is-config="true" signature="test_Method_Exection_Result(org.testng.ITestResult)[pri:0, instance:in.task_erp_api.testcases.DesignationFolderAPITestCases@4ba302e0]" started-at="2024-05-24T14:43:14 IST" name="test_Method_Exection_Result" finished-at="2024-05-24T14:43:14 IST" duration-ms="1" status="PASS">
          <params>
            <param index="0">
              <value>
                <![CDATA[[TestResult name=verify_Update_Designation_Without_Authorization status=SUCCESS method=DesignationFolderAPITestCases.verify_Update_Designation_Without_Authorization()[pri:4, instance:in.task_erp_api.testcases.DesignationFolderAPITestCases@4ba302e0] output={null}]]]>
              </value>
            </param>
          </params>
          <reporter-output>
          </reporter-output>
        </test-method> <!-- test_Method_Exection_Result -->
        <test-method signature="verify_Delete_Designation_Without_Authorization()[pri:5, instance:in.task_erp_api.testcases.DesignationFolderAPITestCases@4ba302e0]" started-at="2024-05-24T14:43:14 IST" name="verify_Delete_Designation_Without_Authorization" finished-at="2024-05-24T14:43:15 IST" duration-ms="509" status="PASS">
          <reporter-output>
          </reporter-output>
        </test-method> <!-- verify_Delete_Designation_Without_Authorization -->
        <test-method is-config="true" signature="test_Method_Exection_Result(org.testng.ITestResult)[pri:0, instance:in.task_erp_api.testcases.DesignationFolderAPITestCases@4ba302e0]" started-at="2024-05-24T14:43:15 IST" name="test_Method_Exection_Result" finished-at="2024-05-24T14:43:15 IST" duration-ms="1" status="PASS">
          <params>
            <param index="0">
              <value>
                <![CDATA[[TestResult name=verify_Delete_Designation_Without_Authorization status=SUCCESS method=DesignationFolderAPITestCases.verify_Delete_Designation_Without_Authorization()[pri:5, instance:in.task_erp_api.testcases.DesignationFolderAPITestCases@4ba302e0] output={null}]]]>
              </value>
            </param>
          </params>
          <reporter-output>
          </reporter-output>
        </test-method> <!-- test_Method_Exection_Result -->
        <test-method signature="verify_Get_All_Designation_With_Authorization()[pri:6, instance:in.task_erp_api.testcases.DesignationFolderAPITestCases@4ba302e0]" started-at="2024-05-24T14:43:15 IST" name="verify_Get_All_Designation_With_Authorization" finished-at="2024-05-24T14:43:15 IST" duration-ms="665" status="PASS">
          <reporter-output>
          </reporter-output>
        </test-method> <!-- verify_Get_All_Designation_With_Authorization -->
        <test-method is-config="true" signature="test_Method_Exection_Result(org.testng.ITestResult)[pri:0, instance:in.task_erp_api.testcases.DesignationFolderAPITestCases@4ba302e0]" started-at="2024-05-24T14:43:15 IST" name="test_Method_Exection_Result" finished-at="2024-05-24T14:43:15 IST" duration-ms="0" status="PASS">
          <params>
            <param index="0">
              <value>
                <![CDATA[[TestResult name=verify_Get_All_Designation_With_Authorization status=SUCCESS method=DesignationFolderAPITestCases.verify_Get_All_Designation_With_Authorization()[pri:6, instance:in.task_erp_api.testcases.DesignationFolderAPITestCases@4ba302e0] output={null}]]]>
              </value>
            </param>
          </params>
          <reporter-output>
          </reporter-output>
        </test-method> <!-- test_Method_Exection_Result -->
        <test-method signature="verify_Get_All_Designation_By_Department_With_Authorization()[pri:8, instance:in.task_erp_api.testcases.DesignationFolderAPITestCases@4ba302e0]" started-at="2024-05-24T14:43:15 IST" name="verify_Get_All_Designation_By_Department_With_Authorization" finished-at="2024-05-24T14:43:16 IST" duration-ms="931" status="PASS">
          <reporter-output>
          </reporter-output>
        </test-method> <!-- verify_Get_All_Designation_By_Department_With_Authorization -->
        <test-method is-config="true" signature="test_Method_Exection_Result(org.testng.ITestResult)[pri:0, instance:in.task_erp_api.testcases.DesignationFolderAPITestCases@4ba302e0]" started-at="2024-05-24T14:43:16 IST" name="test_Method_Exection_Result" finished-at="2024-05-24T14:43:16 IST" duration-ms="0" status="PASS">
          <params>
            <param index="0">
              <value>
                <![CDATA[[TestResult name=verify_Get_All_Designation_By_Department_With_Authorization status=SUCCESS method=DesignationFolderAPITestCases.verify_Get_All_Designation_By_Department_With_Authorization()[pri:8, instance:in.task_erp_api.testcases.DesignationFolderAPITestCases@4ba302e0] output={null}]]]>
              </value>
            </param>
          </params>
          <reporter-output>
          </reporter-output>
        </test-method> <!-- test_Method_Exection_Result -->
      </class> <!-- in.task_erp_api.testcases.DesignationFolderAPITestCases -->
      <class name="in.task_erp_api.testcases.LoginEmployeeAPITestCases">
        <test-method is-config="true" signature="startBackendServer()[pri:0, instance:in.task_erp_api.testcases.LoginEmployeeAPITestCases@25bc0606]" started-at="2024-05-24T14:43:00 IST" name="startBackendServer" finished-at="2024-05-24T14:43:00 IST" duration-ms="393" status="PASS">
          <reporter-output>
          </reporter-output>
        </test-method> <!-- startBackendServer -->
        <test-method is-config="true" signature="extent_Report_Setup()[pri:0, instance:in.task_erp_api.testcases.LoginEmployeeAPITestCases@25bc0606]" started-at="2024-05-24T14:43:00 IST" name="extent_Report_Setup" finished-at="2024-05-24T14:43:00 IST" duration-ms="153" status="PASS">
          <reporter-output>
          </reporter-output>
        </test-method> <!-- extent_Report_Setup -->
        <test-method signature="verify_Login_Employee_By_Giving_Valid_Data()[pri:1, instance:in.task_erp_api.testcases.LoginEmployeeAPITestCases@25bc0606]" started-at="2024-05-24T14:43:00 IST" name="verify_Login_Employee_By_Giving_Valid_Data" finished-at="2024-05-24T14:43:03 IST" duration-ms="2911" status="PASS">
          <reporter-output>
          </reporter-output>
        </test-method> <!-- verify_Login_Employee_By_Giving_Valid_Data -->
        <test-method is-config="true" signature="test_Method_Exection_Result(org.testng.ITestResult)[pri:0, instance:in.task_erp_api.testcases.LoginEmployeeAPITestCases@25bc0606]" started-at="2024-05-24T14:43:03 IST" name="test_Method_Exection_Result" finished-at="2024-05-24T14:43:03 IST" duration-ms="12" status="PASS">
          <params>
            <param index="0">
              <value>
                <![CDATA[[TestResult name=verify_Login_Employee_By_Giving_Valid_Data status=SUCCESS method=LoginEmployeeAPITestCases.verify_Login_Employee_By_Giving_Valid_Data()[pri:1, instance:in.task_erp_api.testcases.LoginEmployeeAPITestCases@25bc0606] output={null}]]]>
              </value>
            </param>
          </params>
          <reporter-output>
          </reporter-output>
        </test-method> <!-- test_Method_Exection_Result -->
        <test-method signature="verify_Login_Employee_By_Giving_Invalid_LoginId()[pri:2, instance:in.task_erp_api.testcases.LoginEmployeeAPITestCases@25bc0606]" started-at="2024-05-24T14:43:03 IST" name="verify_Login_Employee_By_Giving_Invalid_LoginId" finished-at="2024-05-24T14:43:04 IST" duration-ms="568" status="PASS">
          <reporter-output>
          </reporter-output>
        </test-method> <!-- verify_Login_Employee_By_Giving_Invalid_LoginId -->
        <test-method is-config="true" signature="test_Method_Exection_Result(org.testng.ITestResult)[pri:0, instance:in.task_erp_api.testcases.LoginEmployeeAPITestCases@25bc0606]" started-at="2024-05-24T14:43:04 IST" name="test_Method_Exection_Result" finished-at="2024-05-24T14:43:04 IST" duration-ms="1" status="PASS">
          <params>
            <param index="0">
              <value>
                <![CDATA[[TestResult name=verify_Login_Employee_By_Giving_Invalid_LoginId status=SUCCESS method=LoginEmployeeAPITestCases.verify_Login_Employee_By_Giving_Invalid_LoginId()[pri:2, instance:in.task_erp_api.testcases.LoginEmployeeAPITestCases@25bc0606] output={null}]]]>
              </value>
            </param>
          </params>
          <reporter-output>
          </reporter-output>
        </test-method> <!-- test_Method_Exection_Result -->
        <test-method signature="verify_Login_Employee_By_Giving_Invalid_Password()[pri:3, instance:in.task_erp_api.testcases.LoginEmployeeAPITestCases@25bc0606]" started-at="2024-05-24T14:43:04 IST" name="verify_Login_Employee_By_Giving_Invalid_Password" finished-at="2024-05-24T14:43:05 IST" duration-ms="1101" status="PASS">
          <reporter-output>
          </reporter-output>
        </test-method> <!-- verify_Login_Employee_By_Giving_Invalid_Password -->
        <test-method is-config="true" signature="test_Method_Exection_Result(org.testng.ITestResult)[pri:0, instance:in.task_erp_api.testcases.LoginEmployeeAPITestCases@25bc0606]" started-at="2024-05-24T14:43:05 IST" name="test_Method_Exection_Result" finished-at="2024-05-24T14:43:05 IST" duration-ms="0" status="PASS">
          <params>
            <param index="0">
              <value>
                <![CDATA[[TestResult name=verify_Login_Employee_By_Giving_Invalid_Password status=SUCCESS method=LoginEmployeeAPITestCases.verify_Login_Employee_By_Giving_Invalid_Password()[pri:3, instance:in.task_erp_api.testcases.LoginEmployeeAPITestCases@25bc0606] output={null}]]]>
              </value>
            </param>
          </params>
          <reporter-output>
          </reporter-output>
        </test-method> <!-- test_Method_Exection_Result -->
        <test-method is-config="true" signature="flush_Extent_Report()[pri:0, instance:in.task_erp_api.testcases.LoginEmployeeAPITestCases@25bc0606]" started-at="2024-05-24T14:44:14 IST" name="flush_Extent_Report" finished-at="2024-05-24T14:44:14 IST" duration-ms="537" status="PASS">
          <reporter-output>
          </reporter-output>
        </test-method> <!-- flush_Extent_Report -->
      </class> <!-- in.task_erp_api.testcases.LoginEmployeeAPITestCases -->
    </test> <!-- Test -->
  </suite> <!-- Suite -->
</testng-results>
