<?xml version="1.0" encoding="UTF-8"?>
<testng-results ignored="0" total="127" passed="118" failed="9" skipped="0">
  <reporter-output>
  </reporter-output>
  <suite started-at="2024-05-27T16:55:00 IST" name="Suite" finished-at="2024-05-27T16:56:40 IST" duration-ms="100393">
    <groups>
    </groups>
    <test started-at="2024-05-27T16:55:00 IST" name="Test" finished-at="2024-05-27T16:56:40 IST" duration-ms="100393">
      <class name="in.biencaps.erp.api.testcases.PriorityFolderAPITestCases">
        <test-method signature="verify_Add_Priority_Without_Authorization()[pri:1, instance:in.biencaps.erp.api.testcases.PriorityFolderAPITestCases@3542162a]" started-at="2024-05-27T16:55:05 IST" name="verify_Add_Priority_Without_Authorization" finished-at="2024-05-27T16:55:06 IST" duration-ms="405" status="PASS">
          <reporter-output>
          </reporter-output>
        </test-method> <!-- verify_Add_Priority_Without_Authorization -->
        <test-method is-config="true" signature="extent_Report_Setup()[pri:0, instance:in.biencaps.erp.api.testcases.PriorityFolderAPITestCases@3542162a]" started-at="2024-05-27T16:55:05 IST" name="extent_Report_Setup" finished-at="2024-05-27T16:55:05 IST" duration-ms="0" status="PASS">
          <reporter-output>
          </reporter-output>
        </test-method> <!-- extent_Report_Setup -->
        <test-method is-config="true" signature="test_Method_Exection_Result(org.testng.ITestResult)[pri:0, instance:in.biencaps.erp.api.testcases.PriorityFolderAPITestCases@3542162a]" started-at="2024-05-27T16:55:06 IST" name="test_Method_Exection_Result" finished-at="2024-05-27T16:55:06 IST" duration-ms="1" status="PASS">
          <params>
            <param index="0">
              <value>
                <![CDATA[[TestResult name=verify_Add_Priority_Without_Authorization status=SUCCESS method=PriorityFolderAPITestCases.verify_Add_Priority_Without_Authorization()[pri:1, instance:in.biencaps.erp.api.testcases.PriorityFolderAPITestCases@3542162a] output={null}]]]>
              </value>
            </param>
          </params>
          <reporter-output>
          </reporter-output>
        </test-method> <!-- test_Method_Exection_Result -->
        <test-method signature="verify_Get_All_Priority_Without_Authorization()[pri:2, instance:in.biencaps.erp.api.testcases.PriorityFolderAPITestCases@3542162a]" started-at="2024-05-27T16:55:06 IST" name="verify_Get_All_Priority_Without_Authorization" finished-at="2024-05-27T16:55:06 IST" duration-ms="429" status="PASS">
          <reporter-output>
          </reporter-output>
        </test-method> <!-- verify_Get_All_Priority_Without_Authorization -->
        <test-method is-config="true" signature="test_Method_Exection_Result(org.testng.ITestResult)[pri:0, instance:in.biencaps.erp.api.testcases.PriorityFolderAPITestCases@3542162a]" started-at="2024-05-27T16:55:06 IST" name="test_Method_Exection_Result" finished-at="2024-05-27T16:55:06 IST" duration-ms="1" status="PASS">
          <params>
            <param index="0">
              <value>
                <![CDATA[[TestResult name=verify_Get_All_Priority_Without_Authorization status=SUCCESS method=PriorityFolderAPITestCases.verify_Get_All_Priority_Without_Authorization()[pri:2, instance:in.biencaps.erp.api.testcases.PriorityFolderAPITestCases@3542162a] output={null}]]]>
              </value>
            </param>
          </params>
          <reporter-output>
          </reporter-output>
        </test-method> <!-- test_Method_Exection_Result -->
        <test-method signature="verify_Update_Priority_Without_Authorization()[pri:3, instance:in.biencaps.erp.api.testcases.PriorityFolderAPITestCases@3542162a]" started-at="2024-05-27T16:55:06 IST" name="verify_Update_Priority_Without_Authorization" finished-at="2024-05-27T16:55:07 IST" duration-ms="984" status="PASS">
          <reporter-output>
          </reporter-output>
        </test-method> <!-- verify_Update_Priority_Without_Authorization -->
        <test-method is-config="true" signature="test_Method_Exection_Result(org.testng.ITestResult)[pri:0, instance:in.biencaps.erp.api.testcases.PriorityFolderAPITestCases@3542162a]" started-at="2024-05-27T16:55:07 IST" name="test_Method_Exection_Result" finished-at="2024-05-27T16:55:07 IST" duration-ms="0" status="PASS">
          <params>
            <param index="0">
              <value>
                <![CDATA[[TestResult name=verify_Update_Priority_Without_Authorization status=SUCCESS method=PriorityFolderAPITestCases.verify_Update_Priority_Without_Authorization()[pri:3, instance:in.biencaps.erp.api.testcases.PriorityFolderAPITestCases@3542162a] output={null}]]]>
              </value>
            </param>
          </params>
          <reporter-output>
          </reporter-output>
        </test-method> <!-- test_Method_Exection_Result -->
        <test-method signature="verify_Delete_Single_Priority_Without_Authorization()[pri:4, instance:in.biencaps.erp.api.testcases.PriorityFolderAPITestCases@3542162a]" started-at="2024-05-27T16:55:07 IST" name="verify_Delete_Single_Priority_Without_Authorization" finished-at="2024-05-27T16:55:07 IST" duration-ms="384" status="PASS">
          <reporter-output>
          </reporter-output>
        </test-method> <!-- verify_Delete_Single_Priority_Without_Authorization -->
        <test-method is-config="true" signature="test_Method_Exection_Result(org.testng.ITestResult)[pri:0, instance:in.biencaps.erp.api.testcases.PriorityFolderAPITestCases@3542162a]" started-at="2024-05-27T16:55:07 IST" name="test_Method_Exection_Result" finished-at="2024-05-27T16:55:07 IST" duration-ms="0" status="PASS">
          <params>
            <param index="0">
              <value>
                <![CDATA[[TestResult name=verify_Delete_Single_Priority_Without_Authorization status=SUCCESS method=PriorityFolderAPITestCases.verify_Delete_Single_Priority_Without_Authorization()[pri:4, instance:in.biencaps.erp.api.testcases.PriorityFolderAPITestCases@3542162a] output={null}]]]>
              </value>
            </param>
          </params>
          <reporter-output>
          </reporter-output>
        </test-method> <!-- test_Method_Exection_Result -->
        <test-method signature="verify_Get_All_Priorities_With_Authorization()[pri:5, instance:in.biencaps.erp.api.testcases.PriorityFolderAPITestCases@3542162a]" started-at="2024-05-27T16:55:07 IST" name="verify_Get_All_Priorities_With_Authorization" finished-at="2024-05-27T16:55:08 IST" duration-ms="411" status="PASS">
          <reporter-output>
          </reporter-output>
        </test-method> <!-- verify_Get_All_Priorities_With_Authorization -->
        <test-method is-config="true" signature="test_Method_Exection_Result(org.testng.ITestResult)[pri:0, instance:in.biencaps.erp.api.testcases.PriorityFolderAPITestCases@3542162a]" started-at="2024-05-27T16:55:08 IST" name="test_Method_Exection_Result" finished-at="2024-05-27T16:55:08 IST" duration-ms="1" status="PASS">
          <params>
            <param index="0">
              <value>
                <![CDATA[[TestResult name=verify_Get_All_Priorities_With_Authorization status=SUCCESS method=PriorityFolderAPITestCases.verify_Get_All_Priorities_With_Authorization()[pri:5, instance:in.biencaps.erp.api.testcases.PriorityFolderAPITestCases@3542162a] output={null}]]]>
              </value>
            </param>
          </params>
          <reporter-output>
          </reporter-output>
        </test-method> <!-- test_Method_Exection_Result -->
      </class> <!-- in.biencaps.erp.api.testcases.PriorityFolderAPITestCases -->
      <class name="in.biencaps.erp.api.testcases.LoginEmployeeAPITestCases">
        <test-method is-config="true" signature="startBackendServer()[pri:0, instance:in.biencaps.erp.api.testcases.LoginEmployeeAPITestCases@b6b1987]" started-at="2024-05-27T16:55:00 IST" name="startBackendServer" finished-at="2024-05-27T16:55:00 IST" duration-ms="447" status="PASS">
          <reporter-output>
          </reporter-output>
        </test-method> <!-- startBackendServer -->
        <test-method is-config="true" signature="extent_Report_Setup()[pri:0, instance:in.biencaps.erp.api.testcases.LoginEmployeeAPITestCases@b6b1987]" started-at="2024-05-27T16:55:00 IST" name="extent_Report_Setup" finished-at="2024-05-27T16:55:00 IST" duration-ms="169" status="PASS">
          <reporter-output>
          </reporter-output>
        </test-method> <!-- extent_Report_Setup -->
        <test-method signature="verify_Login_Employee_By_Giving_Valid_Data()[pri:1, instance:in.biencaps.erp.api.testcases.LoginEmployeeAPITestCases@b6b1987]" started-at="2024-05-27T16:55:00 IST" name="verify_Login_Employee_By_Giving_Valid_Data" finished-at="2024-05-27T16:55:03 IST" duration-ms="3187" status="PASS">
          <reporter-output>
          </reporter-output>
        </test-method> <!-- verify_Login_Employee_By_Giving_Valid_Data -->
        <test-method is-config="true" signature="test_Method_Exection_Result(org.testng.ITestResult)[pri:0, instance:in.biencaps.erp.api.testcases.LoginEmployeeAPITestCases@b6b1987]" started-at="2024-05-27T16:55:03 IST" name="test_Method_Exection_Result" finished-at="2024-05-27T16:55:03 IST" duration-ms="7" status="PASS">
          <params>
            <param index="0">
              <value>
                <![CDATA[[TestResult name=verify_Login_Employee_By_Giving_Valid_Data status=SUCCESS method=LoginEmployeeAPITestCases.verify_Login_Employee_By_Giving_Valid_Data()[pri:1, instance:in.biencaps.erp.api.testcases.LoginEmployeeAPITestCases@b6b1987] output={null}]]]>
              </value>
            </param>
          </params>
          <reporter-output>
          </reporter-output>
        </test-method> <!-- test_Method_Exection_Result -->
        <test-method signature="verify_Login_Employee_By_Giving_Invalid_LoginId()[pri:2, instance:in.biencaps.erp.api.testcases.LoginEmployeeAPITestCases@b6b1987]" started-at="2024-05-27T16:55:03 IST" name="verify_Login_Employee_By_Giving_Invalid_LoginId" finished-at="2024-05-27T16:55:04 IST" duration-ms="647" status="PASS">
          <reporter-output>
          </reporter-output>
        </test-method> <!-- verify_Login_Employee_By_Giving_Invalid_LoginId -->
        <test-method is-config="true" signature="test_Method_Exection_Result(org.testng.ITestResult)[pri:0, instance:in.biencaps.erp.api.testcases.LoginEmployeeAPITestCases@b6b1987]" started-at="2024-05-27T16:55:04 IST" name="test_Method_Exection_Result" finished-at="2024-05-27T16:55:04 IST" duration-ms="1" status="PASS">
          <params>
            <param index="0">
              <value>
                <![CDATA[[TestResult name=verify_Login_Employee_By_Giving_Invalid_LoginId status=SUCCESS method=LoginEmployeeAPITestCases.verify_Login_Employee_By_Giving_Invalid_LoginId()[pri:2, instance:in.biencaps.erp.api.testcases.LoginEmployeeAPITestCases@b6b1987] output={null}]]]>
              </value>
            </param>
          </params>
          <reporter-output>
          </reporter-output>
        </test-method> <!-- test_Method_Exection_Result -->
        <test-method signature="verify_Login_Employee_By_Giving_Invalid_Password()[pri:3, instance:in.biencaps.erp.api.testcases.LoginEmployeeAPITestCases@b6b1987]" started-at="2024-05-27T16:55:04 IST" name="verify_Login_Employee_By_Giving_Invalid_Password" finished-at="2024-05-27T16:55:05 IST" duration-ms="1005" status="PASS">
          <reporter-output>
          </reporter-output>
        </test-method> <!-- verify_Login_Employee_By_Giving_Invalid_Password -->
        <test-method is-config="true" signature="test_Method_Exection_Result(org.testng.ITestResult)[pri:0, instance:in.biencaps.erp.api.testcases.LoginEmployeeAPITestCases@b6b1987]" started-at="2024-05-27T16:55:05 IST" name="test_Method_Exection_Result" finished-at="2024-05-27T16:55:05 IST" duration-ms="1" status="PASS">
          <params>
            <param index="0">
              <value>
                <![CDATA[[TestResult name=verify_Login_Employee_By_Giving_Invalid_Password status=SUCCESS method=LoginEmployeeAPITestCases.verify_Login_Employee_By_Giving_Invalid_Password()[pri:3, instance:in.biencaps.erp.api.testcases.LoginEmployeeAPITestCases@b6b1987] output={null}]]]>
              </value>
            </param>
          </params>
          <reporter-output>
          </reporter-output>
        </test-method> <!-- test_Method_Exection_Result -->
        <test-method is-config="true" signature="flush_Extent_Report()[pri:0, instance:in.biencaps.erp.api.testcases.LoginEmployeeAPITestCases@b6b1987]" started-at="2024-05-27T16:56:41 IST" name="flush_Extent_Report" finished-at="2024-05-27T16:56:41 IST" duration-ms="316" status="PASS">
          <reporter-output>
          </reporter-output>
        </test-method> <!-- flush_Extent_Report -->
      </class> <!-- in.biencaps.erp.api.testcases.LoginEmployeeAPITestCases -->
      <class name="in.biencaps.erp.api.testcases.VerificationFolderAPITestCases">
        <test-method is-config="true" signature="extent_Report_Setup()[pri:0, instance:in.biencaps.erp.api.testcases.VerificationFolderAPITestCases@47605f2f]" started-at="2024-05-27T16:55:29 IST" name="extent_Report_Setup" finished-at="2024-05-27T16:55:29 IST" duration-ms="1" status="PASS">
          <reporter-output>
          </reporter-output>
        </test-method> <!-- extent_Report_Setup -->
        <test-method signature="verify_Add_Verification_Without_Authorization()[pri:1, instance:in.biencaps.erp.api.testcases.VerificationFolderAPITestCases@47605f2f]" started-at="2024-05-27T16:55:29 IST" name="verify_Add_Verification_Without_Authorization" finished-at="2024-05-27T16:55:29 IST" duration-ms="416" status="PASS">
          <reporter-output>
          </reporter-output>
        </test-method> <!-- verify_Add_Verification_Without_Authorization -->
        <test-method is-config="true" signature="test_Method_Exection_Result(org.testng.ITestResult)[pri:0, instance:in.biencaps.erp.api.testcases.VerificationFolderAPITestCases@47605f2f]" started-at="2024-05-27T16:55:29 IST" name="test_Method_Exection_Result" finished-at="2024-05-27T16:55:29 IST" duration-ms="9" status="PASS">
          <params>
            <param index="0">
              <value>
                <![CDATA[[TestResult name=verify_Add_Verification_Without_Authorization status=SUCCESS method=VerificationFolderAPITestCases.verify_Add_Verification_Without_Authorization()[pri:1, instance:in.biencaps.erp.api.testcases.VerificationFolderAPITestCases@47605f2f] output={null}]]]>
              </value>
            </param>
          </params>
          <reporter-output>
          </reporter-output>
        </test-method> <!-- test_Method_Exection_Result -->
        <test-method signature="verify_Get_All_Verificationes_Without_Authorization()[pri:2, instance:in.biencaps.erp.api.testcases.VerificationFolderAPITestCases@47605f2f]" started-at="2024-05-27T16:55:29 IST" name="verify_Get_All_Verificationes_Without_Authorization" finished-at="2024-05-27T16:55:29 IST" duration-ms="368" status="PASS">
          <reporter-output>
          </reporter-output>
        </test-method> <!-- verify_Get_All_Verificationes_Without_Authorization -->
        <test-method is-config="true" signature="test_Method_Exection_Result(org.testng.ITestResult)[pri:0, instance:in.biencaps.erp.api.testcases.VerificationFolderAPITestCases@47605f2f]" started-at="2024-05-27T16:55:29 IST" name="test_Method_Exection_Result" finished-at="2024-05-27T16:55:29 IST" duration-ms="0" status="PASS">
          <params>
            <param index="0">
              <value>
                <![CDATA[[TestResult name=verify_Get_All_Verificationes_Without_Authorization status=SUCCESS method=VerificationFolderAPITestCases.verify_Get_All_Verificationes_Without_Authorization()[pri:2, instance:in.biencaps.erp.api.testcases.VerificationFolderAPITestCases@47605f2f] output={null}]]]>
              </value>
            </param>
          </params>
          <reporter-output>
          </reporter-output>
        </test-method> <!-- test_Method_Exection_Result -->
        <test-method signature="verify_Update_Verification_Without_Authorization()[pri:3, instance:in.biencaps.erp.api.testcases.VerificationFolderAPITestCases@47605f2f]" started-at="2024-05-27T16:55:29 IST" name="verify_Update_Verification_Without_Authorization" finished-at="2024-05-27T16:55:30 IST" duration-ms="742" status="PASS">
          <reporter-output>
          </reporter-output>
        </test-method> <!-- verify_Update_Verification_Without_Authorization -->
        <test-method is-config="true" signature="test_Method_Exection_Result(org.testng.ITestResult)[pri:0, instance:in.biencaps.erp.api.testcases.VerificationFolderAPITestCases@47605f2f]" started-at="2024-05-27T16:55:30 IST" name="test_Method_Exection_Result" finished-at="2024-05-27T16:55:30 IST" duration-ms="1" status="PASS">
          <params>
            <param index="0">
              <value>
                <![CDATA[[TestResult name=verify_Update_Verification_Without_Authorization status=SUCCESS method=VerificationFolderAPITestCases.verify_Update_Verification_Without_Authorization()[pri:3, instance:in.biencaps.erp.api.testcases.VerificationFolderAPITestCases@47605f2f] output={null}]]]>
              </value>
            </param>
          </params>
          <reporter-output>
          </reporter-output>
        </test-method> <!-- test_Method_Exection_Result -->
        <test-method signature="verify_Delete_Verification_Without_Authorization()[pri:4, instance:in.biencaps.erp.api.testcases.VerificationFolderAPITestCases@47605f2f]" started-at="2024-05-27T16:55:30 IST" name="verify_Delete_Verification_Without_Authorization" finished-at="2024-05-27T16:55:31 IST" duration-ms="355" status="PASS">
          <reporter-output>
          </reporter-output>
        </test-method> <!-- verify_Delete_Verification_Without_Authorization -->
        <test-method is-config="true" signature="test_Method_Exection_Result(org.testng.ITestResult)[pri:0, instance:in.biencaps.erp.api.testcases.VerificationFolderAPITestCases@47605f2f]" started-at="2024-05-27T16:55:31 IST" name="test_Method_Exection_Result" finished-at="2024-05-27T16:55:31 IST" duration-ms="1" status="PASS">
          <params>
            <param index="0">
              <value>
                <![CDATA[[TestResult name=verify_Delete_Verification_Without_Authorization status=SUCCESS method=VerificationFolderAPITestCases.verify_Delete_Verification_Without_Authorization()[pri:4, instance:in.biencaps.erp.api.testcases.VerificationFolderAPITestCases@47605f2f] output={null}]]]>
              </value>
            </param>
          </params>
          <reporter-output>
          </reporter-output>
        </test-method> <!-- test_Method_Exection_Result -->
        <test-method signature="verify_Get_All_Verificationes_With_Authorization()[pri:5, instance:in.biencaps.erp.api.testcases.VerificationFolderAPITestCases@47605f2f]" started-at="2024-05-27T16:55:31 IST" name="verify_Get_All_Verificationes_With_Authorization" finished-at="2024-05-27T16:55:31 IST" duration-ms="614" status="PASS">
          <reporter-output>
          </reporter-output>
        </test-method> <!-- verify_Get_All_Verificationes_With_Authorization -->
        <test-method is-config="true" signature="test_Method_Exection_Result(org.testng.ITestResult)[pri:0, instance:in.biencaps.erp.api.testcases.VerificationFolderAPITestCases@47605f2f]" started-at="2024-05-27T16:55:31 IST" name="test_Method_Exection_Result" finished-at="2024-05-27T16:55:31 IST" duration-ms="0" status="PASS">
          <params>
            <param index="0">
              <value>
                <![CDATA[[TestResult name=verify_Get_All_Verificationes_With_Authorization status=SUCCESS method=VerificationFolderAPITestCases.verify_Get_All_Verificationes_With_Authorization()[pri:5, instance:in.biencaps.erp.api.testcases.VerificationFolderAPITestCases@47605f2f] output={null}]]]>
              </value>
            </param>
          </params>
          <reporter-output>
          </reporter-output>
        </test-method> <!-- test_Method_Exection_Result -->
      </class> <!-- in.biencaps.erp.api.testcases.VerificationFolderAPITestCases -->
      <class name="in.biencaps.erp.api.testcases.ProjectFolderAPITestCases">
        <test-method is-config="true" signature="extent_Report_Setup()[pri:0, instance:in.biencaps.erp.api.testcases.ProjectFolderAPITestCases@3d484181]" started-at="2024-05-27T16:55:55 IST" name="extent_Report_Setup" finished-at="2024-05-27T16:55:55 IST" duration-ms="1" status="PASS">
          <reporter-output>
          </reporter-output>
        </test-method> <!-- extent_Report_Setup -->
        <test-method signature="verify_Add_Project_Without_Authorization()[pri:1, instance:in.biencaps.erp.api.testcases.ProjectFolderAPITestCases@3d484181]" started-at="2024-05-27T16:55:55 IST" name="verify_Add_Project_Without_Authorization" finished-at="2024-05-27T16:55:55 IST" duration-ms="416" status="PASS">
          <reporter-output>
          </reporter-output>
        </test-method> <!-- verify_Add_Project_Without_Authorization -->
        <test-method is-config="true" signature="test_Method_Exection_Result(org.testng.ITestResult)[pri:0, instance:in.biencaps.erp.api.testcases.ProjectFolderAPITestCases@3d484181]" started-at="2024-05-27T16:55:55 IST" name="test_Method_Exection_Result" finished-at="2024-05-27T16:55:55 IST" duration-ms="0" status="PASS">
          <params>
            <param index="0">
              <value>
                <![CDATA[[TestResult name=verify_Add_Project_Without_Authorization status=SUCCESS method=ProjectFolderAPITestCases.verify_Add_Project_Without_Authorization()[pri:1, instance:in.biencaps.erp.api.testcases.ProjectFolderAPITestCases@3d484181] output={null}]]]>
              </value>
            </param>
          </params>
          <reporter-output>
          </reporter-output>
        </test-method> <!-- test_Method_Exection_Result -->
        <test-method signature="verify_Get_All_Projects_Without_Authorization()[pri:2, instance:in.biencaps.erp.api.testcases.ProjectFolderAPITestCases@3d484181]" started-at="2024-05-27T16:55:55 IST" name="verify_Get_All_Projects_Without_Authorization" finished-at="2024-05-27T16:55:56 IST" duration-ms="370" status="PASS">
          <reporter-output>
          </reporter-output>
        </test-method> <!-- verify_Get_All_Projects_Without_Authorization -->
        <test-method is-config="true" signature="test_Method_Exection_Result(org.testng.ITestResult)[pri:0, instance:in.biencaps.erp.api.testcases.ProjectFolderAPITestCases@3d484181]" started-at="2024-05-27T16:55:56 IST" name="test_Method_Exection_Result" finished-at="2024-05-27T16:55:56 IST" duration-ms="0" status="PASS">
          <params>
            <param index="0">
              <value>
                <![CDATA[[TestResult name=verify_Get_All_Projects_Without_Authorization status=SUCCESS method=ProjectFolderAPITestCases.verify_Get_All_Projects_Without_Authorization()[pri:2, instance:in.biencaps.erp.api.testcases.ProjectFolderAPITestCases@3d484181] output={null}]]]>
              </value>
            </param>
          </params>
          <reporter-output>
          </reporter-output>
        </test-method> <!-- test_Method_Exection_Result -->
        <test-method signature="verify_Get_All_Projects_For_An_User_Id_Without_Authorization()[pri:3, instance:in.biencaps.erp.api.testcases.ProjectFolderAPITestCases@3d484181]" started-at="2024-05-27T16:55:56 IST" name="verify_Get_All_Projects_For_An_User_Id_Without_Authorization" finished-at="2024-05-27T16:55:56 IST" duration-ms="634" status="PASS">
          <reporter-output>
          </reporter-output>
        </test-method> <!-- verify_Get_All_Projects_For_An_User_Id_Without_Authorization -->
        <test-method is-config="true" signature="test_Method_Exection_Result(org.testng.ITestResult)[pri:0, instance:in.biencaps.erp.api.testcases.ProjectFolderAPITestCases@3d484181]" started-at="2024-05-27T16:55:56 IST" name="test_Method_Exection_Result" finished-at="2024-05-27T16:55:56 IST" duration-ms="1" status="PASS">
          <params>
            <param index="0">
              <value>
                <![CDATA[[TestResult name=verify_Get_All_Projects_For_An_User_Id_Without_Authorization status=SUCCESS method=ProjectFolderAPITestCases.verify_Get_All_Projects_For_An_User_Id_Without_Authorization()[pri:3, instance:in.biencaps.erp.api.testcases.ProjectFolderAPITestCases@3d484181] output={null}]]]>
              </value>
            </param>
          </params>
          <reporter-output>
          </reporter-output>
        </test-method> <!-- test_Method_Exection_Result -->
        <test-method signature="verify_Get_All_Projects_Assignee_Without_Authorization()[pri:4, instance:in.biencaps.erp.api.testcases.ProjectFolderAPITestCases@3d484181]" started-at="2024-05-27T16:55:56 IST" name="verify_Get_All_Projects_Assignee_Without_Authorization" finished-at="2024-05-27T16:55:57 IST" duration-ms="535" status="PASS">
          <reporter-output>
          </reporter-output>
        </test-method> <!-- verify_Get_All_Projects_Assignee_Without_Authorization -->
        <test-method is-config="true" signature="test_Method_Exection_Result(org.testng.ITestResult)[pri:0, instance:in.biencaps.erp.api.testcases.ProjectFolderAPITestCases@3d484181]" started-at="2024-05-27T16:55:57 IST" name="test_Method_Exection_Result" finished-at="2024-05-27T16:55:57 IST" duration-ms="0" status="PASS">
          <params>
            <param index="0">
              <value>
                <![CDATA[[TestResult name=verify_Get_All_Projects_Assignee_Without_Authorization status=SUCCESS method=ProjectFolderAPITestCases.verify_Get_All_Projects_Assignee_Without_Authorization()[pri:4, instance:in.biencaps.erp.api.testcases.ProjectFolderAPITestCases@3d484181] output={null}]]]>
              </value>
            </param>
          </params>
          <reporter-output>
          </reporter-output>
        </test-method> <!-- test_Method_Exection_Result -->
        <test-method signature="verify_Get_All_Project_Managers_Without_Authorization()[pri:5, instance:in.biencaps.erp.api.testcases.ProjectFolderAPITestCases@3d484181]" started-at="2024-05-27T16:55:57 IST" name="verify_Get_All_Project_Managers_Without_Authorization" finished-at="2024-05-27T16:55:57 IST" duration-ms="489" status="PASS">
          <reporter-output>
          </reporter-output>
        </test-method> <!-- verify_Get_All_Project_Managers_Without_Authorization -->
        <test-method is-config="true" signature="test_Method_Exection_Result(org.testng.ITestResult)[pri:0, instance:in.biencaps.erp.api.testcases.ProjectFolderAPITestCases@3d484181]" started-at="2024-05-27T16:55:57 IST" name="test_Method_Exection_Result" finished-at="2024-05-27T16:55:57 IST" duration-ms="1" status="PASS">
          <params>
            <param index="0">
              <value>
                <![CDATA[[TestResult name=verify_Get_All_Project_Managers_Without_Authorization status=SUCCESS method=ProjectFolderAPITestCases.verify_Get_All_Project_Managers_Without_Authorization()[pri:5, instance:in.biencaps.erp.api.testcases.ProjectFolderAPITestCases@3d484181] output={null}]]]>
              </value>
            </param>
          </params>
          <reporter-output>
          </reporter-output>
        </test-method> <!-- test_Method_Exection_Result -->
        <test-method signature="verify_Get_All_Project_Status_Without_Authorization()[pri:6, instance:in.biencaps.erp.api.testcases.ProjectFolderAPITestCases@3d484181]" started-at="2024-05-27T16:55:57 IST" name="verify_Get_All_Project_Status_Without_Authorization" finished-at="2024-05-27T16:55:58 IST" duration-ms="416" status="PASS">
          <reporter-output>
          </reporter-output>
        </test-method> <!-- verify_Get_All_Project_Status_Without_Authorization -->
        <test-method is-config="true" signature="test_Method_Exection_Result(org.testng.ITestResult)[pri:0, instance:in.biencaps.erp.api.testcases.ProjectFolderAPITestCases@3d484181]" started-at="2024-05-27T16:55:58 IST" name="test_Method_Exection_Result" finished-at="2024-05-27T16:55:58 IST" duration-ms="0" status="PASS">
          <params>
            <param index="0">
              <value>
                <![CDATA[[TestResult name=verify_Get_All_Project_Status_Without_Authorization status=SUCCESS method=ProjectFolderAPITestCases.verify_Get_All_Project_Status_Without_Authorization()[pri:6, instance:in.biencaps.erp.api.testcases.ProjectFolderAPITestCases@3d484181] output={null}]]]>
              </value>
            </param>
          </params>
          <reporter-output>
          </reporter-output>
        </test-method> <!-- test_Method_Exection_Result -->
        <test-method signature="verify_Get_All_Project_By_Department_Without_Authorization()[pri:7, instance:in.biencaps.erp.api.testcases.ProjectFolderAPITestCases@3d484181]" started-at="2024-05-27T16:55:58 IST" name="verify_Get_All_Project_By_Department_Without_Authorization" finished-at="2024-05-27T16:55:58 IST" duration-ms="613" status="PASS">
          <reporter-output>
          </reporter-output>
        </test-method> <!-- verify_Get_All_Project_By_Department_Without_Authorization -->
        <test-method is-config="true" signature="test_Method_Exection_Result(org.testng.ITestResult)[pri:0, instance:in.biencaps.erp.api.testcases.ProjectFolderAPITestCases@3d484181]" started-at="2024-05-27T16:55:58 IST" name="test_Method_Exection_Result" finished-at="2024-05-27T16:55:58 IST" duration-ms="0" status="PASS">
          <params>
            <param index="0">
              <value>
                <![CDATA[[TestResult name=verify_Get_All_Project_By_Department_Without_Authorization status=SUCCESS method=ProjectFolderAPITestCases.verify_Get_All_Project_By_Department_Without_Authorization()[pri:7, instance:in.biencaps.erp.api.testcases.ProjectFolderAPITestCases@3d484181] output={null}]]]>
              </value>
            </param>
          </params>
          <reporter-output>
          </reporter-output>
        </test-method> <!-- test_Method_Exection_Result -->
        <test-method signature="verify_Get_Single_Project_By_Project_Id_Without_Authorization()[pri:8, instance:in.biencaps.erp.api.testcases.ProjectFolderAPITestCases@3d484181]" started-at="2024-05-27T16:55:58 IST" name="verify_Get_Single_Project_By_Project_Id_Without_Authorization" finished-at="2024-05-27T16:55:59 IST" duration-ms="401" status="PASS">
          <reporter-output>
          </reporter-output>
        </test-method> <!-- verify_Get_Single_Project_By_Project_Id_Without_Authorization -->
        <test-method is-config="true" signature="test_Method_Exection_Result(org.testng.ITestResult)[pri:0, instance:in.biencaps.erp.api.testcases.ProjectFolderAPITestCases@3d484181]" started-at="2024-05-27T16:55:59 IST" name="test_Method_Exection_Result" finished-at="2024-05-27T16:55:59 IST" duration-ms="0" status="PASS">
          <params>
            <param index="0">
              <value>
                <![CDATA[[TestResult name=verify_Get_Single_Project_By_Project_Id_Without_Authorization status=SUCCESS method=ProjectFolderAPITestCases.verify_Get_Single_Project_By_Project_Id_Without_Authorization()[pri:8, instance:in.biencaps.erp.api.testcases.ProjectFolderAPITestCases@3d484181] output={null}]]]>
              </value>
            </param>
          </params>
          <reporter-output>
          </reporter-output>
        </test-method> <!-- test_Method_Exection_Result -->
        <test-method signature="verify_Get_All_Tasks_For_Project_Without_Authorization()[pri:9, instance:in.biencaps.erp.api.testcases.ProjectFolderAPITestCases@3d484181]" started-at="2024-05-27T16:55:59 IST" name="verify_Get_All_Tasks_For_Project_Without_Authorization" finished-at="2024-05-27T16:55:59 IST" duration-ms="513" status="PASS">
          <reporter-output>
          </reporter-output>
        </test-method> <!-- verify_Get_All_Tasks_For_Project_Without_Authorization -->
        <test-method is-config="true" signature="test_Method_Exection_Result(org.testng.ITestResult)[pri:0, instance:in.biencaps.erp.api.testcases.ProjectFolderAPITestCases@3d484181]" started-at="2024-05-27T16:55:59 IST" name="test_Method_Exection_Result" finished-at="2024-05-27T16:55:59 IST" duration-ms="1" status="PASS">
          <params>
            <param index="0">
              <value>
                <![CDATA[[TestResult name=verify_Get_All_Tasks_For_Project_Without_Authorization status=SUCCESS method=ProjectFolderAPITestCases.verify_Get_All_Tasks_For_Project_Without_Authorization()[pri:9, instance:in.biencaps.erp.api.testcases.ProjectFolderAPITestCases@3d484181] output={null}]]]>
              </value>
            </param>
          </params>
          <reporter-output>
          </reporter-output>
        </test-method> <!-- test_Method_Exection_Result -->
        <test-method signature="verify_Get_All_Projects_With_Authorization()[pri:10, instance:in.biencaps.erp.api.testcases.ProjectFolderAPITestCases@3d484181]" started-at="2024-05-27T16:55:59 IST" name="verify_Get_All_Projects_With_Authorization" finished-at="2024-05-27T16:56:02 IST" duration-ms="2370" status="PASS">
          <reporter-output>
          </reporter-output>
        </test-method> <!-- verify_Get_All_Projects_With_Authorization -->
        <test-method is-config="true" signature="test_Method_Exection_Result(org.testng.ITestResult)[pri:0, instance:in.biencaps.erp.api.testcases.ProjectFolderAPITestCases@3d484181]" started-at="2024-05-27T16:56:02 IST" name="test_Method_Exection_Result" finished-at="2024-05-27T16:56:02 IST" duration-ms="1" status="PASS">
          <params>
            <param index="0">
              <value>
                <![CDATA[[TestResult name=verify_Get_All_Projects_With_Authorization status=SUCCESS method=ProjectFolderAPITestCases.verify_Get_All_Projects_With_Authorization()[pri:10, instance:in.biencaps.erp.api.testcases.ProjectFolderAPITestCases@3d484181] output={null}]]]>
              </value>
            </param>
          </params>
          <reporter-output>
          </reporter-output>
        </test-method> <!-- test_Method_Exection_Result -->
        <test-method signature="verify_Get_All_Tasks_For_Project_Search_Without_Authorization()[pri:10, instance:in.biencaps.erp.api.testcases.ProjectFolderAPITestCases@3d484181]" started-at="2024-05-27T16:56:02 IST" name="verify_Get_All_Tasks_For_Project_Search_Without_Authorization" finished-at="2024-05-27T16:56:02 IST" duration-ms="406" status="PASS">
          <reporter-output>
          </reporter-output>
        </test-method> <!-- verify_Get_All_Tasks_For_Project_Search_Without_Authorization -->
        <test-method is-config="true" signature="test_Method_Exection_Result(org.testng.ITestResult)[pri:0, instance:in.biencaps.erp.api.testcases.ProjectFolderAPITestCases@3d484181]" started-at="2024-05-27T16:56:02 IST" name="test_Method_Exection_Result" finished-at="2024-05-27T16:56:02 IST" duration-ms="0" status="PASS">
          <params>
            <param index="0">
              <value>
                <![CDATA[[TestResult name=verify_Get_All_Tasks_For_Project_Search_Without_Authorization status=SUCCESS method=ProjectFolderAPITestCases.verify_Get_All_Tasks_For_Project_Search_Without_Authorization()[pri:10, instance:in.biencaps.erp.api.testcases.ProjectFolderAPITestCases@3d484181] output={null}]]]>
              </value>
            </param>
          </params>
          <reporter-output>
          </reporter-output>
        </test-method> <!-- test_Method_Exection_Result -->
        <test-method signature="verify_Update_Project_Without_Authorization()[pri:11, instance:in.biencaps.erp.api.testcases.ProjectFolderAPITestCases@3d484181]" started-at="2024-05-27T16:56:02 IST" name="verify_Update_Project_Without_Authorization" finished-at="2024-05-27T16:56:03 IST" duration-ms="596" status="PASS">
          <reporter-output>
          </reporter-output>
        </test-method> <!-- verify_Update_Project_Without_Authorization -->
        <test-method is-config="true" signature="test_Method_Exection_Result(org.testng.ITestResult)[pri:0, instance:in.biencaps.erp.api.testcases.ProjectFolderAPITestCases@3d484181]" started-at="2024-05-27T16:56:03 IST" name="test_Method_Exection_Result" finished-at="2024-05-27T16:56:03 IST" duration-ms="0" status="PASS">
          <params>
            <param index="0">
              <value>
                <![CDATA[[TestResult name=verify_Update_Project_Without_Authorization status=SUCCESS method=ProjectFolderAPITestCases.verify_Update_Project_Without_Authorization()[pri:11, instance:in.biencaps.erp.api.testcases.ProjectFolderAPITestCases@3d484181] output={null}]]]>
              </value>
            </param>
          </params>
          <reporter-output>
          </reporter-output>
        </test-method> <!-- test_Method_Exection_Result -->
        <test-method signature="verify_Delete_Project_Without_Authorization()[pri:12, instance:in.biencaps.erp.api.testcases.ProjectFolderAPITestCases@3d484181]" started-at="2024-05-27T16:56:03 IST" name="verify_Delete_Project_Without_Authorization" finished-at="2024-05-27T16:56:03 IST" duration-ms="402" status="PASS">
          <reporter-output>
          </reporter-output>
        </test-method> <!-- verify_Delete_Project_Without_Authorization -->
        <test-method is-config="true" signature="test_Method_Exection_Result(org.testng.ITestResult)[pri:0, instance:in.biencaps.erp.api.testcases.ProjectFolderAPITestCases@3d484181]" started-at="2024-05-27T16:56:03 IST" name="test_Method_Exection_Result" finished-at="2024-05-27T16:56:03 IST" duration-ms="1" status="PASS">
          <params>
            <param index="0">
              <value>
                <![CDATA[[TestResult name=verify_Delete_Project_Without_Authorization status=SUCCESS method=ProjectFolderAPITestCases.verify_Delete_Project_Without_Authorization()[pri:12, instance:in.biencaps.erp.api.testcases.ProjectFolderAPITestCases@3d484181] output={null}]]]>
              </value>
            </param>
          </params>
          <reporter-output>
          </reporter-output>
        </test-method> <!-- test_Method_Exection_Result -->
        <test-method signature="verify_Get_All_Projects_For_An_User_Id_With_Authorization(java.lang.String)[pri:12, instance:in.biencaps.erp.api.testcases.ProjectFolderAPITestCases@3d484181]" started-at="2024-05-27T16:56:03 IST" name="verify_Get_All_Projects_For_An_User_Id_With_Authorization" data-provider="TestDataForGetAllProjectsForAnUserId" finished-at="2024-05-27T16:56:05 IST" duration-ms="2125" status="PASS">
          <params>
            <param index="0">
              <value>
                <![CDATA[INC019]]>
              </value>
            </param>
          </params>
          <reporter-output>
          </reporter-output>
        </test-method> <!-- verify_Get_All_Projects_For_An_User_Id_With_Authorization -->
        <test-method is-config="true" signature="test_Method_Exection_Result(org.testng.ITestResult)[pri:0, instance:in.biencaps.erp.api.testcases.ProjectFolderAPITestCases@3d484181]" started-at="2024-05-27T16:56:05 IST" name="test_Method_Exection_Result" finished-at="2024-05-27T16:56:05 IST" duration-ms="1" status="PASS">
          <params>
            <param index="0">
              <value>
                <![CDATA[[TestResult name=verify_Get_All_Projects_For_An_User_Id_With_Authorization status=SUCCESS method=ProjectFolderAPITestCases.verify_Get_All_Projects_For_An_User_Id_With_Authorization(java.lang.String)[pri:12, instance:in.biencaps.erp.api.testcases.ProjectFolderAPITestCases@3d484181] output={null}]]]>
              </value>
            </param>
          </params>
          <reporter-output>
          </reporter-output>
        </test-method> <!-- test_Method_Exection_Result -->
        <test-method signature="verify_Get_All_Projects_For_An_User_Id_With_Authorization(java.lang.String)[pri:12, instance:in.biencaps.erp.api.testcases.ProjectFolderAPITestCases@3d484181]" started-at="2024-05-27T16:56:05 IST" name="verify_Get_All_Projects_For_An_User_Id_With_Authorization" data-provider="TestDataForGetAllProjectsForAnUserId" finished-at="2024-05-27T16:56:06 IST" duration-ms="436" status="PASS">
          <params>
            <param index="0">
              <value>
                <![CDATA[INC099]]>
              </value>
            </param>
          </params>
          <reporter-output>
          </reporter-output>
        </test-method> <!-- verify_Get_All_Projects_For_An_User_Id_With_Authorization -->
        <test-method is-config="true" signature="test_Method_Exection_Result(org.testng.ITestResult)[pri:0, instance:in.biencaps.erp.api.testcases.ProjectFolderAPITestCases@3d484181]" started-at="2024-05-27T16:56:06 IST" name="test_Method_Exection_Result" finished-at="2024-05-27T16:56:06 IST" duration-ms="1" status="PASS">
          <params>
            <param index="0">
              <value>
                <![CDATA[[TestResult name=verify_Get_All_Projects_For_An_User_Id_With_Authorization status=SUCCESS method=ProjectFolderAPITestCases.verify_Get_All_Projects_For_An_User_Id_With_Authorization(java.lang.String)[pri:12, instance:in.biencaps.erp.api.testcases.ProjectFolderAPITestCases@3d484181] output={null}]]]>
              </value>
            </param>
          </params>
          <reporter-output>
          </reporter-output>
        </test-method> <!-- test_Method_Exection_Result -->
        <test-method signature="verify_Get_All_Project_Managers_WithAuthorization()[pri:13, instance:in.biencaps.erp.api.testcases.ProjectFolderAPITestCases@3d484181]" started-at="2024-05-27T16:56:06 IST" name="verify_Get_All_Project_Managers_WithAuthorization" finished-at="2024-05-27T16:56:07 IST" duration-ms="877" status="PASS">
          <reporter-output>
          </reporter-output>
        </test-method> <!-- verify_Get_All_Project_Managers_WithAuthorization -->
        <test-method is-config="true" signature="test_Method_Exection_Result(org.testng.ITestResult)[pri:0, instance:in.biencaps.erp.api.testcases.ProjectFolderAPITestCases@3d484181]" started-at="2024-05-27T16:56:07 IST" name="test_Method_Exection_Result" finished-at="2024-05-27T16:56:07 IST" duration-ms="0" status="PASS">
          <params>
            <param index="0">
              <value>
                <![CDATA[[TestResult name=verify_Get_All_Project_Managers_WithAuthorization status=SUCCESS method=ProjectFolderAPITestCases.verify_Get_All_Project_Managers_WithAuthorization()[pri:13, instance:in.biencaps.erp.api.testcases.ProjectFolderAPITestCases@3d484181] output={null}]]]>
              </value>
            </param>
          </params>
          <reporter-output>
          </reporter-output>
        </test-method> <!-- test_Method_Exection_Result -->
        <test-method signature="verify_Get_All_Project_Status_With_Authorization()[pri:14, instance:in.biencaps.erp.api.testcases.ProjectFolderAPITestCases@3d484181]" started-at="2024-05-27T16:56:07 IST" name="verify_Get_All_Project_Status_With_Authorization" finished-at="2024-05-27T16:56:07 IST" duration-ms="519" status="PASS">
          <reporter-output>
          </reporter-output>
        </test-method> <!-- verify_Get_All_Project_Status_With_Authorization -->
        <test-method is-config="true" signature="test_Method_Exection_Result(org.testng.ITestResult)[pri:0, instance:in.biencaps.erp.api.testcases.ProjectFolderAPITestCases@3d484181]" started-at="2024-05-27T16:56:07 IST" name="test_Method_Exection_Result" finished-at="2024-05-27T16:56:07 IST" duration-ms="1" status="PASS">
          <params>
            <param index="0">
              <value>
                <![CDATA[[TestResult name=verify_Get_All_Project_Status_With_Authorization status=SUCCESS method=ProjectFolderAPITestCases.verify_Get_All_Project_Status_With_Authorization()[pri:14, instance:in.biencaps.erp.api.testcases.ProjectFolderAPITestCases@3d484181] output={null}]]]>
              </value>
            </param>
          </params>
          <reporter-output>
          </reporter-output>
        </test-method> <!-- test_Method_Exection_Result -->
        <test-method signature="verify_Get_All_Project_By_Department_With_Authorization(java.lang.String)[pri:15, instance:in.biencaps.erp.api.testcases.ProjectFolderAPITestCases@3d484181]" started-at="2024-05-27T16:56:07 IST" name="verify_Get_All_Project_By_Department_With_Authorization" data-provider="TestDataForGetAllProjectsByDepartment" finished-at="2024-05-27T16:56:08 IST" duration-ms="877" status="PASS">
          <params>
            <param index="0">
              <value>
                <![CDATA[QA]]>
              </value>
            </param>
          </params>
          <reporter-output>
          </reporter-output>
        </test-method> <!-- verify_Get_All_Project_By_Department_With_Authorization -->
        <test-method signature="verify_Get_All_Project_By_Department_With_Authorization(java.lang.String)[pri:15, instance:in.biencaps.erp.api.testcases.ProjectFolderAPITestCases@3d484181]" started-at="2024-05-27T16:56:08 IST" name="verify_Get_All_Project_By_Department_With_Authorization" data-provider="TestDataForGetAllProjectsByDepartment" finished-at="2024-05-27T16:56:08 IST" duration-ms="450" status="PASS">
          <params>
            <param index="0">
              <value>
                <![CDATA[Sporting Goods]]>
              </value>
            </param>
          </params>
          <reporter-output>
          </reporter-output>
        </test-method> <!-- verify_Get_All_Project_By_Department_With_Authorization -->
        <test-method is-config="true" signature="test_Method_Exection_Result(org.testng.ITestResult)[pri:0, instance:in.biencaps.erp.api.testcases.ProjectFolderAPITestCases@3d484181]" started-at="2024-05-27T16:56:08 IST" name="test_Method_Exection_Result" finished-at="2024-05-27T16:56:08 IST" duration-ms="0" status="PASS">
          <params>
            <param index="0">
              <value>
                <![CDATA[[TestResult name=verify_Get_All_Project_By_Department_With_Authorization status=SUCCESS method=ProjectFolderAPITestCases.verify_Get_All_Project_By_Department_With_Authorization(java.lang.String)[pri:15, instance:in.biencaps.erp.api.testcases.ProjectFolderAPITestCases@3d484181] output={null}]]]>
              </value>
            </param>
          </params>
          <reporter-output>
          </reporter-output>
        </test-method> <!-- test_Method_Exection_Result -->
        <test-method is-config="true" signature="test_Method_Exection_Result(org.testng.ITestResult)[pri:0, instance:in.biencaps.erp.api.testcases.ProjectFolderAPITestCases@3d484181]" started-at="2024-05-27T16:56:08 IST" name="test_Method_Exection_Result" finished-at="2024-05-27T16:56:08 IST" duration-ms="1" status="PASS">
          <params>
            <param index="0">
              <value>
                <![CDATA[[TestResult name=verify_Get_All_Project_By_Department_With_Authorization status=SUCCESS method=ProjectFolderAPITestCases.verify_Get_All_Project_By_Department_With_Authorization(java.lang.String)[pri:15, instance:in.biencaps.erp.api.testcases.ProjectFolderAPITestCases@3d484181] output={null}]]]>
              </value>
            </param>
          </params>
          <reporter-output>
          </reporter-output>
        </test-method> <!-- test_Method_Exection_Result -->
        <test-method signature="verify_Add_Project_With_Authorization(java.lang.String,java.lang.String,java.lang.String,int,int,int,int,int,int,int)[pri:17, instance:in.biencaps.erp.api.testcases.ProjectFolderAPITestCases@3d484181]" started-at="2024-05-27T16:56:08 IST" name="verify_Add_Project_With_Authorization" data-provider="TestDataForAddProject" finished-at="2024-05-27T16:56:10 IST" duration-ms="1026" status="PASS">
          <params>
            <param index="0">
              <value>
                <![CDATA[]]>
              </value>
            </param>
            <param index="1">
              <value>
                <![CDATA[2024-06-08]]>
              </value>
            </param>
            <param index="2">
              <value>
                <![CDATA[2024-08-27]]>
              </value>
            </param>
            <param index="3">
              <value>
                <![CDATA[1]]>
              </value>
            </param>
            <param index="4">
              <value>
                <![CDATA[1]]>
              </value>
            </param>
            <param index="5">
              <value>
                <![CDATA[4]]>
              </value>
            </param>
            <param index="6">
              <value>
                <![CDATA[5]]>
              </value>
            </param>
            <param index="7">
              <value>
                <![CDATA[6]]>
              </value>
            </param>
            <param index="8">
              <value>
                <![CDATA[11]]>
              </value>
            </param>
            <param index="9">
              <value>
                <![CDATA[35]]>
              </value>
            </param>
          </params>
          <reporter-output>
          </reporter-output>
        </test-method> <!-- verify_Add_Project_With_Authorization -->
        <test-method signature="verify_Add_Project_With_Authorization(java.lang.String,java.lang.String,java.lang.String,int,int,int,int,int,int,int)[pri:17, instance:in.biencaps.erp.api.testcases.ProjectFolderAPITestCases@3d484181]" started-at="2024-05-27T16:56:10 IST" name="verify_Add_Project_With_Authorization" data-provider="TestDataForAddProject" finished-at="2024-05-27T16:56:11 IST" duration-ms="1119" status="FAIL">
          <params>
            <param index="0">
              <value>
                <![CDATA[Trippledex]]>
              </value>
            </param>
            <param index="1">
              <value>
                <![CDATA[]]>
              </value>
            </param>
            <param index="2">
              <value>
                <![CDATA[2024-08-27]]>
              </value>
            </param>
            <param index="3">
              <value>
                <![CDATA[1]]>
              </value>
            </param>
            <param index="4">
              <value>
                <![CDATA[1]]>
              </value>
            </param>
            <param index="5">
              <value>
                <![CDATA[4]]>
              </value>
            </param>
            <param index="6">
              <value>
                <![CDATA[5]]>
              </value>
            </param>
            <param index="7">
              <value>
                <![CDATA[5]]>
              </value>
            </param>
            <param index="8">
              <value>
                <![CDATA[35]]>
              </value>
            </param>
            <param index="9">
              <value>
                <![CDATA[35]]>
              </value>
            </param>
          </params>
          <exception class="java.lang.AssertionError">
            <message>
              <![CDATA[1 expectation failed.
Expected status code <400> but was <409>.
]]>
            </message>
            <full-stacktrace>
              <![CDATA[java.lang.AssertionError: 1 expectation failed.
Expected status code <400> but was <409>.

at java.base/jdk.internal.reflect.NativeConstructorAccessorImpl.newInstance0(Native Method)
at java.base/jdk.internal.reflect.NativeConstructorAccessorImpl.newInstance(NativeConstructorAccessorImpl.java:77)
at java.base/jdk.internal.reflect.DelegatingConstructorAccessorImpl.newInstance(DelegatingConstructorAccessorImpl.java:45)
at java.base/java.lang.reflect.Constructor.newInstanceWithCaller(Constructor.java:499)
at java.base/java.lang.reflect.Constructor.newInstance(Constructor.java:480)
at org.codehaus.groovy.reflection.CachedConstructor.invoke(CachedConstructor.java:73)
at org.codehaus.groovy.runtime.callsite.ConstructorSite$ConstructorSiteNoUnwrapNoCoerce.callConstructor(ConstructorSite.java:108)
at org.codehaus.groovy.runtime.callsite.AbstractCallSite.callConstructor(AbstractCallSite.java:277)
at io.restassured.internal.ResponseSpecificationImpl$HamcrestAssertionClosure.validate(ResponseSpecificationImpl.groovy:512)
at io.restassured.internal.ResponseSpecificationImpl$HamcrestAssertionClosure$validate$1.call(Unknown Source)
at io.restassured.internal.ResponseSpecificationImpl.validateResponseIfRequired(ResponseSpecificationImpl.groovy:696)
at io.restassured.internal.ResponseSpecificationImpl.this$2$validateResponseIfRequired(ResponseSpecificationImpl.groovy)
at jdk.internal.reflect.GeneratedMethodAccessor28.invoke(Unknown Source)
at java.base/jdk.internal.reflect.DelegatingMethodAccessorImpl.invoke(DelegatingMethodAccessorImpl.java:43)
at java.base/java.lang.reflect.Method.invoke(Method.java:568)
at org.codehaus.groovy.runtime.callsite.PlainObjectMetaMethodSite.doInvoke(PlainObjectMetaMethodSite.java:43)
at org.codehaus.groovy.runtime.callsite.PogoMetaMethodSite$PogoCachedMethodSiteNoUnwrapNoCoerce.invoke(PogoMetaMethodSite.java:198)
at org.codehaus.groovy.runtime.callsite.PogoMetaMethodSite.callCurrent(PogoMetaMethodSite.java:62)
at org.codehaus.groovy.runtime.callsite.AbstractCallSite.callCurrent(AbstractCallSite.java:185)
at io.restassured.internal.ResponseSpecificationImpl.statusCode(ResponseSpecificationImpl.groovy:135)
at io.restassured.specification.ResponseSpecification$statusCode$0.callCurrent(Unknown Source)
at io.restassured.internal.ResponseSpecificationImpl.statusCode(ResponseSpecificationImpl.groovy:143)
at io.restassured.internal.ValidatableResponseOptionsImpl.statusCode(ValidatableResponseOptionsImpl.java:89)
at in.biencaps.erp.api.bodyValidations.BodyValidation.response400Validation(BodyValidation.java:38)
at in.biencaps.erp.api.testcases.ProjectFolderAPITestCases.verify_Add_Project_With_Authorization(ProjectFolderAPITestCases.java:308)
at java.base/jdk.internal.reflect.NativeMethodAccessorImpl.invoke0(Native Method)
at java.base/jdk.internal.reflect.NativeMethodAccessorImpl.invoke(NativeMethodAccessorImpl.java:77)
at java.base/jdk.internal.reflect.DelegatingMethodAccessorImpl.invoke(DelegatingMethodAccessorImpl.java:43)
at java.base/java.lang.reflect.Method.invoke(Method.java:568)
at org.testng.internal.invokers.MethodInvocationHelper.invokeMethod(MethodInvocationHelper.java:139)
at org.testng.internal.invokers.TestInvoker.invokeMethod(TestInvoker.java:664)
at org.testng.internal.invokers.TestInvoker.invokeTestMethod(TestInvoker.java:228)
at org.testng.internal.invokers.MethodRunner.runInSequence(MethodRunner.java:63)
at org.testng.internal.invokers.TestInvoker$MethodInvocationAgent.invoke(TestInvoker.java:961)
at org.testng.internal.invokers.TestInvoker.invokeTestMethods(TestInvoker.java:201)
at org.testng.internal.invokers.TestMethodWorker.invokeTestMethods(TestMethodWorker.java:148)
at org.testng.internal.invokers.TestMethodWorker.run(TestMethodWorker.java:128)
at java.base/java.util.ArrayList.forEach(ArrayList.java:1511)
at org.testng.TestRunner.privateRun(TestRunner.java:819)
at org.testng.TestRunner.run(TestRunner.java:619)
at org.testng.SuiteRunner.runTest(SuiteRunner.java:443)
at org.testng.SuiteRunner.runSequentially(SuiteRunner.java:437)
at org.testng.SuiteRunner.privateRun(SuiteRunner.java:397)
at org.testng.SuiteRunner.run(SuiteRunner.java:336)
at org.testng.SuiteRunnerWorker.runSuite(SuiteRunnerWorker.java:52)
at org.testng.SuiteRunnerWorker.run(SuiteRunnerWorker.java:95)
at org.testng.TestNG.runSuitesSequentially(TestNG.java:1301)
at org.testng.TestNG.runSuitesLocally(TestNG.java:1228)
at org.testng.TestNG.runSuites(TestNG.java:1134)
at org.testng.TestNG.run(TestNG.java:1101)
at org.testng.remote.AbstractRemoteTestNG.run(AbstractRemoteTestNG.java:115)
at org.testng.remote.RemoteTestNG.initAndRun(RemoteTestNG.java:251)
at org.testng.remote.RemoteTestNG.main(RemoteTestNG.java:77)
]]>
            </full-stacktrace>
          </exception> <!-- java.lang.AssertionError -->
          <reporter-output>
          </reporter-output>
        </test-method> <!-- verify_Add_Project_With_Authorization -->
        <test-method is-config="true" signature="test_Method_Exection_Result(org.testng.ITestResult)[pri:0, instance:in.biencaps.erp.api.testcases.ProjectFolderAPITestCases@3d484181]" started-at="2024-05-27T16:56:10 IST" name="test_Method_Exection_Result" finished-at="2024-05-27T16:56:10 IST" duration-ms="0" status="PASS">
          <params>
            <param index="0">
              <value>
                <![CDATA[[TestResult name=verify_Add_Project_With_Authorization status=SUCCESS method=ProjectFolderAPITestCases.verify_Add_Project_With_Authorization(java.lang.String,java.lang.String,java.lang.String,int,int,int,int,int,int,int)[pri:17, instance:in.biencaps.erp.api.testcases.ProjectFolderAPITestCases@3d484181] output={null}]]]>
              </value>
            </param>
          </params>
          <reporter-output>
          </reporter-output>
        </test-method> <!-- test_Method_Exection_Result -->
        <test-method is-config="true" signature="test_Method_Exection_Result(org.testng.ITestResult)[pri:0, instance:in.biencaps.erp.api.testcases.ProjectFolderAPITestCases@3d484181]" started-at="2024-05-27T16:56:11 IST" name="test_Method_Exection_Result" finished-at="2024-05-27T16:56:11 IST" duration-ms="1" status="PASS">
          <params>
            <param index="0">
              <value>
                <![CDATA[[TestResult name=verify_Add_Project_With_Authorization status=FAILURE method=ProjectFolderAPITestCases.verify_Add_Project_With_Authorization(java.lang.String,java.lang.String,java.lang.String,int,int,int,int,int,int,int)[pri:17, instance:in.biencaps.erp.api.testcases.ProjectFolderAPITestCases@3d484181] output={null}]]]>
              </value>
            </param>
          </params>
          <reporter-output>
          </reporter-output>
        </test-method> <!-- test_Method_Exection_Result -->
        <test-method signature="verify_Add_Project_With_Authorization(java.lang.String,java.lang.String,java.lang.String,int,int,int,int,int,int,int)[pri:17, instance:in.biencaps.erp.api.testcases.ProjectFolderAPITestCases@3d484181]" started-at="2024-05-27T16:56:11 IST" name="verify_Add_Project_With_Authorization" data-provider="TestDataForAddProject" finished-at="2024-05-27T16:56:15 IST" duration-ms="4029" status="PASS">
          <params>
            <param index="0">
              <value>
                <![CDATA[Alphazap]]>
              </value>
            </param>
            <param index="1">
              <value>
                <![CDATA[2024-05-27]]>
              </value>
            </param>
            <param index="2">
              <value>
                <![CDATA[2024-05-09]]>
              </value>
            </param>
            <param index="3">
              <value>
                <![CDATA[1]]>
              </value>
            </param>
            <param index="4">
              <value>
                <![CDATA[1]]>
              </value>
            </param>
            <param index="5">
              <value>
                <![CDATA[4]]>
              </value>
            </param>
            <param index="6">
              <value>
                <![CDATA[5]]>
              </value>
            </param>
            <param index="7">
              <value>
                <![CDATA[6]]>
              </value>
            </param>
            <param index="8">
              <value>
                <![CDATA[11]]>
              </value>
            </param>
            <param index="9">
              <value>
                <![CDATA[35]]>
              </value>
            </param>
          </params>
          <reporter-output>
          </reporter-output>
        </test-method> <!-- verify_Add_Project_With_Authorization -->
        <test-method is-config="true" signature="test_Method_Exection_Result(org.testng.ITestResult)[pri:0, instance:in.biencaps.erp.api.testcases.ProjectFolderAPITestCases@3d484181]" started-at="2024-05-27T16:56:15 IST" name="test_Method_Exection_Result" finished-at="2024-05-27T16:56:15 IST" duration-ms="1" status="PASS">
          <params>
            <param index="0">
              <value>
                <![CDATA[[TestResult name=verify_Add_Project_With_Authorization status=SUCCESS method=ProjectFolderAPITestCases.verify_Add_Project_With_Authorization(java.lang.String,java.lang.String,java.lang.String,int,int,int,int,int,int,int)[pri:17, instance:in.biencaps.erp.api.testcases.ProjectFolderAPITestCases@3d484181] output={null}]]]>
              </value>
            </param>
          </params>
          <reporter-output>
          </reporter-output>
        </test-method> <!-- test_Method_Exection_Result -->
        <test-method signature="verify_Add_Project_With_Authorization(java.lang.String,java.lang.String,java.lang.String,int,int,int,int,int,int,int)[pri:17, instance:in.biencaps.erp.api.testcases.ProjectFolderAPITestCases@3d484181]" started-at="2024-05-27T16:56:15 IST" name="verify_Add_Project_With_Authorization" data-provider="TestDataForAddProject" finished-at="2024-05-27T16:56:16 IST" duration-ms="877" status="FAIL">
          <params>
            <param index="0">
              <value>
                <![CDATA[Zontrax]]>
              </value>
            </param>
            <param index="1">
              <value>
                <![CDATA[2024-06-08]]>
              </value>
            </param>
            <param index="2">
              <value>
                <![CDATA[]]>
              </value>
            </param>
            <param index="3">
              <value>
                <![CDATA[1]]>
              </value>
            </param>
            <param index="4">
              <value>
                <![CDATA[1]]>
              </value>
            </param>
            <param index="5">
              <value>
                <![CDATA[4]]>
              </value>
            </param>
            <param index="6">
              <value>
                <![CDATA[5]]>
              </value>
            </param>
            <param index="7">
              <value>
                <![CDATA[6]]>
              </value>
            </param>
            <param index="8">
              <value>
                <![CDATA[11]]>
              </value>
            </param>
            <param index="9">
              <value>
                <![CDATA[35]]>
              </value>
            </param>
          </params>
          <exception class="java.lang.AssertionError">
            <message>
              <![CDATA[1 expectation failed.
Expected status code <400> but was <409>.
]]>
            </message>
            <full-stacktrace>
              <![CDATA[java.lang.AssertionError: 1 expectation failed.
Expected status code <400> but was <409>.

at java.base/jdk.internal.reflect.NativeConstructorAccessorImpl.newInstance0(Native Method)
at java.base/jdk.internal.reflect.NativeConstructorAccessorImpl.newInstance(NativeConstructorAccessorImpl.java:77)
at java.base/jdk.internal.reflect.DelegatingConstructorAccessorImpl.newInstance(DelegatingConstructorAccessorImpl.java:45)
at java.base/java.lang.reflect.Constructor.newInstanceWithCaller(Constructor.java:499)
at java.base/java.lang.reflect.Constructor.newInstance(Constructor.java:480)
at org.codehaus.groovy.reflection.CachedConstructor.invoke(CachedConstructor.java:73)
at org.codehaus.groovy.runtime.callsite.ConstructorSite$ConstructorSiteNoUnwrapNoCoerce.callConstructor(ConstructorSite.java:108)
at org.codehaus.groovy.runtime.callsite.AbstractCallSite.callConstructor(AbstractCallSite.java:277)
at io.restassured.internal.ResponseSpecificationImpl$HamcrestAssertionClosure.validate(ResponseSpecificationImpl.groovy:512)
at io.restassured.internal.ResponseSpecificationImpl$HamcrestAssertionClosure$validate$1.call(Unknown Source)
at io.restassured.internal.ResponseSpecificationImpl.validateResponseIfRequired(ResponseSpecificationImpl.groovy:696)
at io.restassured.internal.ResponseSpecificationImpl.this$2$validateResponseIfRequired(ResponseSpecificationImpl.groovy)
at jdk.internal.reflect.GeneratedMethodAccessor28.invoke(Unknown Source)
at java.base/jdk.internal.reflect.DelegatingMethodAccessorImpl.invoke(DelegatingMethodAccessorImpl.java:43)
at java.base/java.lang.reflect.Method.invoke(Method.java:568)
at org.codehaus.groovy.runtime.callsite.PlainObjectMetaMethodSite.doInvoke(PlainObjectMetaMethodSite.java:43)
at org.codehaus.groovy.runtime.callsite.PogoMetaMethodSite$PogoCachedMethodSiteNoUnwrapNoCoerce.invoke(PogoMetaMethodSite.java:198)
at org.codehaus.groovy.runtime.callsite.PogoMetaMethodSite.callCurrent(PogoMetaMethodSite.java:62)
at org.codehaus.groovy.runtime.callsite.AbstractCallSite.callCurrent(AbstractCallSite.java:185)
at io.restassured.internal.ResponseSpecificationImpl.statusCode(ResponseSpecificationImpl.groovy:135)
at io.restassured.specification.ResponseSpecification$statusCode$0.callCurrent(Unknown Source)
at io.restassured.internal.ResponseSpecificationImpl.statusCode(ResponseSpecificationImpl.groovy:143)
at io.restassured.internal.ValidatableResponseOptionsImpl.statusCode(ValidatableResponseOptionsImpl.java:89)
at in.biencaps.erp.api.bodyValidations.BodyValidation.response400Validation(BodyValidation.java:38)
at in.biencaps.erp.api.testcases.ProjectFolderAPITestCases.verify_Add_Project_With_Authorization(ProjectFolderAPITestCases.java:308)
at java.base/jdk.internal.reflect.NativeMethodAccessorImpl.invoke0(Native Method)
at java.base/jdk.internal.reflect.NativeMethodAccessorImpl.invoke(NativeMethodAccessorImpl.java:77)
at java.base/jdk.internal.reflect.DelegatingMethodAccessorImpl.invoke(DelegatingMethodAccessorImpl.java:43)
at java.base/java.lang.reflect.Method.invoke(Method.java:568)
at org.testng.internal.invokers.MethodInvocationHelper.invokeMethod(MethodInvocationHelper.java:139)
at org.testng.internal.invokers.TestInvoker.invokeMethod(TestInvoker.java:664)
at org.testng.internal.invokers.TestInvoker.invokeTestMethod(TestInvoker.java:228)
at org.testng.internal.invokers.MethodRunner.runInSequence(MethodRunner.java:63)
at org.testng.internal.invokers.TestInvoker$MethodInvocationAgent.invoke(TestInvoker.java:961)
at org.testng.internal.invokers.TestInvoker.invokeTestMethods(TestInvoker.java:201)
at org.testng.internal.invokers.TestMethodWorker.invokeTestMethods(TestMethodWorker.java:148)
at org.testng.internal.invokers.TestMethodWorker.run(TestMethodWorker.java:128)
at java.base/java.util.ArrayList.forEach(ArrayList.java:1511)
at org.testng.TestRunner.privateRun(TestRunner.java:819)
at org.testng.TestRunner.run(TestRunner.java:619)
at org.testng.SuiteRunner.runTest(SuiteRunner.java:443)
at org.testng.SuiteRunner.runSequentially(SuiteRunner.java:437)
at org.testng.SuiteRunner.privateRun(SuiteRunner.java:397)
at org.testng.SuiteRunner.run(SuiteRunner.java:336)
at org.testng.SuiteRunnerWorker.runSuite(SuiteRunnerWorker.java:52)
at org.testng.SuiteRunnerWorker.run(SuiteRunnerWorker.java:95)
at org.testng.TestNG.runSuitesSequentially(TestNG.java:1301)
at org.testng.TestNG.runSuitesLocally(TestNG.java:1228)
at org.testng.TestNG.runSuites(TestNG.java:1134)
at org.testng.TestNG.run(TestNG.java:1101)
at org.testng.remote.AbstractRemoteTestNG.run(AbstractRemoteTestNG.java:115)
at org.testng.remote.RemoteTestNG.initAndRun(RemoteTestNG.java:251)
at org.testng.remote.RemoteTestNG.main(RemoteTestNG.java:77)
]]>
            </full-stacktrace>
          </exception> <!-- java.lang.AssertionError -->
          <reporter-output>
          </reporter-output>
        </test-method> <!-- verify_Add_Project_With_Authorization -->
        <test-method is-config="true" signature="test_Method_Exection_Result(org.testng.ITestResult)[pri:0, instance:in.biencaps.erp.api.testcases.ProjectFolderAPITestCases@3d484181]" started-at="2024-05-27T16:56:16 IST" name="test_Method_Exection_Result" finished-at="2024-05-27T16:56:16 IST" duration-ms="1" status="PASS">
          <params>
            <param index="0">
              <value>
                <![CDATA[[TestResult name=verify_Add_Project_With_Authorization status=FAILURE method=ProjectFolderAPITestCases.verify_Add_Project_With_Authorization(java.lang.String,java.lang.String,java.lang.String,int,int,int,int,int,int,int)[pri:17, instance:in.biencaps.erp.api.testcases.ProjectFolderAPITestCases@3d484181] output={null}]]]>
              </value>
            </param>
          </params>
          <reporter-output>
          </reporter-output>
        </test-method> <!-- test_Method_Exection_Result -->
        <test-method signature="verify_Add_Project_With_Authorization(java.lang.String,java.lang.String,java.lang.String,int,int,int,int,int,int,int)[pri:17, instance:in.biencaps.erp.api.testcases.ProjectFolderAPITestCases@3d484181]" started-at="2024-05-27T16:56:16 IST" name="verify_Add_Project_With_Authorization" data-provider="TestDataForAddProject" finished-at="2024-05-27T16:56:19 IST" duration-ms="3168" status="PASS">
          <params>
            <param index="0">
              <value>
                <![CDATA[Bitchip]]>
              </value>
            </param>
            <param index="1">
              <value>
                <![CDATA[2024-06-08]]>
              </value>
            </param>
            <param index="2">
              <value>
                <![CDATA[2024-05-27]]>
              </value>
            </param>
            <param index="3">
              <value>
                <![CDATA[1]]>
              </value>
            </param>
            <param index="4">
              <value>
                <![CDATA[1]]>
              </value>
            </param>
            <param index="5">
              <value>
                <![CDATA[4]]>
              </value>
            </param>
            <param index="6">
              <value>
                <![CDATA[5]]>
              </value>
            </param>
            <param index="7">
              <value>
                <![CDATA[6]]>
              </value>
            </param>
            <param index="8">
              <value>
                <![CDATA[11]]>
              </value>
            </param>
            <param index="9">
              <value>
                <![CDATA[35]]>
              </value>
            </param>
          </params>
          <reporter-output>
          </reporter-output>
        </test-method> <!-- verify_Add_Project_With_Authorization -->
        <test-method is-config="true" signature="test_Method_Exection_Result(org.testng.ITestResult)[pri:0, instance:in.biencaps.erp.api.testcases.ProjectFolderAPITestCases@3d484181]" started-at="2024-05-27T16:56:19 IST" name="test_Method_Exection_Result" finished-at="2024-05-27T16:56:19 IST" duration-ms="1" status="PASS">
          <params>
            <param index="0">
              <value>
                <![CDATA[[TestResult name=verify_Add_Project_With_Authorization status=SUCCESS method=ProjectFolderAPITestCases.verify_Add_Project_With_Authorization(java.lang.String,java.lang.String,java.lang.String,int,int,int,int,int,int,int)[pri:17, instance:in.biencaps.erp.api.testcases.ProjectFolderAPITestCases@3d484181] output={null}]]]>
              </value>
            </param>
          </params>
          <reporter-output>
          </reporter-output>
        </test-method> <!-- test_Method_Exection_Result -->
        <test-method signature="verify_Add_Project_With_Authorization(java.lang.String,java.lang.String,java.lang.String,int,int,int,int,int,int,int)[pri:17, instance:in.biencaps.erp.api.testcases.ProjectFolderAPITestCases@3d484181]" started-at="2024-05-27T16:56:19 IST" name="verify_Add_Project_With_Authorization" data-provider="TestDataForAddProject" finished-at="2024-05-27T16:56:20 IST" duration-ms="1042" status="PASS">
          <params>
            <param index="0">
              <value>
                <![CDATA[Voyatouch]]>
              </value>
            </param>
            <param index="1">
              <value>
                <![CDATA[2024-06-08]]>
              </value>
            </param>
            <param index="2">
              <value>
                <![CDATA[2024-08-27]]>
              </value>
            </param>
            <param index="3">
              <value>
                <![CDATA[55]]>
              </value>
            </param>
            <param index="4">
              <value>
                <![CDATA[1]]>
              </value>
            </param>
            <param index="5">
              <value>
                <![CDATA[4]]>
              </value>
            </param>
            <param index="6">
              <value>
                <![CDATA[5]]>
              </value>
            </param>
            <param index="7">
              <value>
                <![CDATA[6]]>
              </value>
            </param>
            <param index="8">
              <value>
                <![CDATA[11]]>
              </value>
            </param>
            <param index="9">
              <value>
                <![CDATA[35]]>
              </value>
            </param>
          </params>
          <reporter-output>
          </reporter-output>
        </test-method> <!-- verify_Add_Project_With_Authorization -->
        <test-method is-config="true" signature="test_Method_Exection_Result(org.testng.ITestResult)[pri:0, instance:in.biencaps.erp.api.testcases.ProjectFolderAPITestCases@3d484181]" started-at="2024-05-27T16:56:20 IST" name="test_Method_Exection_Result" finished-at="2024-05-27T16:56:20 IST" duration-ms="1" status="PASS">
          <params>
            <param index="0">
              <value>
                <![CDATA[[TestResult name=verify_Add_Project_With_Authorization status=SUCCESS method=ProjectFolderAPITestCases.verify_Add_Project_With_Authorization(java.lang.String,java.lang.String,java.lang.String,int,int,int,int,int,int,int)[pri:17, instance:in.biencaps.erp.api.testcases.ProjectFolderAPITestCases@3d484181] output={null}]]]>
              </value>
            </param>
          </params>
          <reporter-output>
          </reporter-output>
        </test-method> <!-- test_Method_Exection_Result -->
        <test-method signature="verify_Add_Project_With_Authorization(java.lang.String,java.lang.String,java.lang.String,int,int,int,int,int,int,int)[pri:17, instance:in.biencaps.erp.api.testcases.ProjectFolderAPITestCases@3d484181]" started-at="2024-05-27T16:56:20 IST" name="verify_Add_Project_With_Authorization" data-provider="TestDataForAddProject" finished-at="2024-05-27T16:56:21 IST" duration-ms="1104" status="FAIL">
          <params>
            <param index="0">
              <value>
                <![CDATA[Hatity]]>
              </value>
            </param>
            <param index="1">
              <value>
                <![CDATA[2024-06-08]]>
              </value>
            </param>
            <param index="2">
              <value>
                <![CDATA[2024-08-27]]>
              </value>
            </param>
            <param index="3">
              <value>
                <![CDATA[1]]>
              </value>
            </param>
            <param index="4">
              <value>
                <![CDATA[73]]>
              </value>
            </param>
            <param index="5">
              <value>
                <![CDATA[4]]>
              </value>
            </param>
            <param index="6">
              <value>
                <![CDATA[5]]>
              </value>
            </param>
            <param index="7">
              <value>
                <![CDATA[6]]>
              </value>
            </param>
            <param index="8">
              <value>
                <![CDATA[11]]>
              </value>
            </param>
            <param index="9">
              <value>
                <![CDATA[35]]>
              </value>
            </param>
          </params>
          <exception class="java.lang.AssertionError">
            <message>
              <![CDATA[1 expectation failed.
Expected status code <404> but was <201>.
]]>
            </message>
            <full-stacktrace>
              <![CDATA[java.lang.AssertionError: 1 expectation failed.
Expected status code <404> but was <201>.

at java.base/jdk.internal.reflect.NativeConstructorAccessorImpl.newInstance0(Native Method)
at java.base/jdk.internal.reflect.NativeConstructorAccessorImpl.newInstance(NativeConstructorAccessorImpl.java:77)
at java.base/jdk.internal.reflect.DelegatingConstructorAccessorImpl.newInstance(DelegatingConstructorAccessorImpl.java:45)
at java.base/java.lang.reflect.Constructor.newInstanceWithCaller(Constructor.java:499)
at java.base/java.lang.reflect.Constructor.newInstance(Constructor.java:480)
at org.codehaus.groovy.reflection.CachedConstructor.invoke(CachedConstructor.java:73)
at org.codehaus.groovy.runtime.callsite.ConstructorSite$ConstructorSiteNoUnwrapNoCoerce.callConstructor(ConstructorSite.java:108)
at org.codehaus.groovy.runtime.callsite.AbstractCallSite.callConstructor(AbstractCallSite.java:277)
at io.restassured.internal.ResponseSpecificationImpl$HamcrestAssertionClosure.validate(ResponseSpecificationImpl.groovy:512)
at io.restassured.internal.ResponseSpecificationImpl$HamcrestAssertionClosure$validate$1.call(Unknown Source)
at io.restassured.internal.ResponseSpecificationImpl.validateResponseIfRequired(ResponseSpecificationImpl.groovy:696)
at io.restassured.internal.ResponseSpecificationImpl.this$2$validateResponseIfRequired(ResponseSpecificationImpl.groovy)
at jdk.internal.reflect.GeneratedMethodAccessor28.invoke(Unknown Source)
at java.base/jdk.internal.reflect.DelegatingMethodAccessorImpl.invoke(DelegatingMethodAccessorImpl.java:43)
at java.base/java.lang.reflect.Method.invoke(Method.java:568)
at org.codehaus.groovy.runtime.callsite.PlainObjectMetaMethodSite.doInvoke(PlainObjectMetaMethodSite.java:43)
at org.codehaus.groovy.runtime.callsite.PogoMetaMethodSite$PogoCachedMethodSiteNoUnwrapNoCoerce.invoke(PogoMetaMethodSite.java:198)
at org.codehaus.groovy.runtime.callsite.PogoMetaMethodSite.callCurrent(PogoMetaMethodSite.java:62)
at org.codehaus.groovy.runtime.callsite.AbstractCallSite.callCurrent(AbstractCallSite.java:185)
at io.restassured.internal.ResponseSpecificationImpl.statusCode(ResponseSpecificationImpl.groovy:135)
at io.restassured.specification.ResponseSpecification$statusCode$0.callCurrent(Unknown Source)
at io.restassured.internal.ResponseSpecificationImpl.statusCode(ResponseSpecificationImpl.groovy:143)
at io.restassured.internal.ValidatableResponseOptionsImpl.statusCode(ValidatableResponseOptionsImpl.java:89)
at in.biencaps.erp.api.bodyValidations.BodyValidation.responseValidation(BodyValidation.java:56)
at in.biencaps.erp.api.testcases.ProjectFolderAPITestCases.verify_Add_Project_With_Authorization(ProjectFolderAPITestCases.java:312)
at java.base/jdk.internal.reflect.NativeMethodAccessorImpl.invoke0(Native Method)
at java.base/jdk.internal.reflect.NativeMethodAccessorImpl.invoke(NativeMethodAccessorImpl.java:77)
at java.base/jdk.internal.reflect.DelegatingMethodAccessorImpl.invoke(DelegatingMethodAccessorImpl.java:43)
at java.base/java.lang.reflect.Method.invoke(Method.java:568)
at org.testng.internal.invokers.MethodInvocationHelper.invokeMethod(MethodInvocationHelper.java:139)
at org.testng.internal.invokers.TestInvoker.invokeMethod(TestInvoker.java:664)
at org.testng.internal.invokers.TestInvoker.invokeTestMethod(TestInvoker.java:228)
at org.testng.internal.invokers.MethodRunner.runInSequence(MethodRunner.java:63)
at org.testng.internal.invokers.TestInvoker$MethodInvocationAgent.invoke(TestInvoker.java:961)
at org.testng.internal.invokers.TestInvoker.invokeTestMethods(TestInvoker.java:201)
[...]
          <params>
            <param index="0">
              <value>
                <![CDATA[Shashikant Bagal]]>
              </value>
            </param>
            <param index="1">
              <value>
                <![CDATA[Building Materials]]>
              </value>
            </param>
            <param index="2">
              <value>
                <![CDATA[2024-05-27]]>
              </value>
            </param>
          </params>
          <reporter-output>
          </reporter-output>
        </test-method> <!-- verify_Get_Search_Employee_In_Level_With_Authorization -->
        <test-method is-config="true" signature="test_Method_Exection_Result(org.testng.ITestResult)[pri:0, instance:in.biencaps.erp.api.testcases.EmployeeFolderAPITestCases@7894f09b]" started-at="2024-05-27T16:55:51 IST" name="test_Method_Exection_Result" finished-at="2024-05-27T16:55:51 IST" duration-ms="1" status="PASS">
          <params>
            <param index="0">
              <value>
                <![CDATA[[TestResult name=verify_Get_Search_Employee_In_Level_With_Authorization status=SUCCESS method=EmployeeFolderAPITestCases.verify_Get_Search_Employee_In_Level_With_Authorization(java.lang.String,java.lang.String,java.lang.String)[pri:32, instance:in.biencaps.erp.api.testcases.EmployeeFolderAPITestCases@7894f09b] output={null}]]]>
              </value>
            </param>
          </params>
          <reporter-output>
          </reporter-output>
        </test-method> <!-- test_Method_Exection_Result -->
        <test-method signature="verify_Get_Search_Employee_In_Level_With_Authorization(java.lang.String,java.lang.String,java.lang.String)[pri:32, instance:in.biencaps.erp.api.testcases.EmployeeFolderAPITestCases@7894f09b]" started-at="2024-05-27T16:55:51 IST" name="verify_Get_Search_Employee_In_Level_With_Authorization" data-provider="TestDataForSearchEmployeeInLevel" finished-at="2024-05-27T16:55:51 IST" duration-ms="393" status="PASS">
          <params>
            <param index="0">
              <value>
                <![CDATA[Shashikant Bagal]]>
              </value>
            </param>
            <param index="1">
              <value>
                <![CDATA[]]>
              </value>
            </param>
            <param index="2">
              <value>
                <![CDATA[2024-05-27]]>
              </value>
            </param>
          </params>
          <reporter-output>
          </reporter-output>
        </test-method> <!-- verify_Get_Search_Employee_In_Level_With_Authorization -->
        <test-method is-config="true" signature="test_Method_Exection_Result(org.testng.ITestResult)[pri:0, instance:in.biencaps.erp.api.testcases.EmployeeFolderAPITestCases@7894f09b]" started-at="2024-05-27T16:55:51 IST" name="test_Method_Exection_Result" finished-at="2024-05-27T16:55:51 IST" duration-ms="1" status="PASS">
          <params>
            <param index="0">
              <value>
                <![CDATA[[TestResult name=verify_Get_Search_Employee_In_Level_With_Authorization status=SUCCESS method=EmployeeFolderAPITestCases.verify_Get_Search_Employee_In_Level_With_Authorization(java.lang.String,java.lang.String,java.lang.String)[pri:32, instance:in.biencaps.erp.api.testcases.EmployeeFolderAPITestCases@7894f09b] output={null}]]]>
              </value>
            </param>
          </params>
          <reporter-output>
          </reporter-output>
        </test-method> <!-- test_Method_Exection_Result -->
        <test-method signature="verify_Get_Search_Employee_In_Level_With_Authorization(java.lang.String,java.lang.String,java.lang.String)[pri:32, instance:in.biencaps.erp.api.testcases.EmployeeFolderAPITestCases@7894f09b]" started-at="2024-05-27T16:55:51 IST" name="verify_Get_Search_Employee_In_Level_With_Authorization" data-provider="TestDataForSearchEmployeeInLevel" finished-at="2024-05-27T16:55:52 IST" duration-ms="324" status="PASS">
          <params>
            <param index="0">
              <value>
                <![CDATA[Shashikant Bagal]]>
              </value>
            </param>
            <param index="1">
              <value>
                <![CDATA[Lead]]>
              </value>
            </param>
            <param index="2">
              <value>
                <![CDATA[05-2024-27]]>
              </value>
            </param>
          </params>
          <reporter-output>
          </reporter-output>
        </test-method> <!-- verify_Get_Search_Employee_In_Level_With_Authorization -->
        <test-method is-config="true" signature="test_Method_Exection_Result(org.testng.ITestResult)[pri:0, instance:in.biencaps.erp.api.testcases.EmployeeFolderAPITestCases@7894f09b]" started-at="2024-05-27T16:55:52 IST" name="test_Method_Exection_Result" finished-at="2024-05-27T16:55:52 IST" duration-ms="0" status="PASS">
          <params>
            <param index="0">
              <value>
                <![CDATA[[TestResult name=verify_Get_Search_Employee_In_Level_With_Authorization status=SUCCESS method=EmployeeFolderAPITestCases.verify_Get_Search_Employee_In_Level_With_Authorization(java.lang.String,java.lang.String,java.lang.String)[pri:32, instance:in.biencaps.erp.api.testcases.EmployeeFolderAPITestCases@7894f09b] output={null}]]]>
              </value>
            </param>
          </params>
          <reporter-output>
          </reporter-output>
        </test-method> <!-- test_Method_Exection_Result -->
        <test-method signature="verify_Get_Search_Employee_In_Level_With_Authorization(java.lang.String,java.lang.String,java.lang.String)[pri:32, instance:in.biencaps.erp.api.testcases.EmployeeFolderAPITestCases@7894f09b]" started-at="2024-05-27T16:55:52 IST" name="verify_Get_Search_Employee_In_Level_With_Authorization" data-provider="TestDataForSearchEmployeeInLevel" finished-at="2024-05-27T16:55:52 IST" duration-ms="359" status="PASS">
          <params>
            <param index="0">
              <value>
                <![CDATA[Shashikant Bagal]]>
              </value>
            </param>
            <param index="1">
              <value>
                <![CDATA[Lead]]>
              </value>
            </param>
            <param index="2">
              <value>
                <![CDATA[]]>
              </value>
            </param>
          </params>
          <reporter-output>
          </reporter-output>
        </test-method> <!-- verify_Get_Search_Employee_In_Level_With_Authorization -->
        <test-method is-config="true" signature="test_Method_Exection_Result(org.testng.ITestResult)[pri:0, instance:in.biencaps.erp.api.testcases.EmployeeFolderAPITestCases@7894f09b]" started-at="2024-05-27T16:55:52 IST" name="test_Method_Exection_Result" finished-at="2024-05-27T16:55:52 IST" duration-ms="1" status="PASS">
          <params>
            <param index="0">
              <value>
                <![CDATA[[TestResult name=verify_Get_Search_Employee_In_Level_With_Authorization status=SUCCESS method=EmployeeFolderAPITestCases.verify_Get_Search_Employee_In_Level_With_Authorization(java.lang.String,java.lang.String,java.lang.String)[pri:32, instance:in.biencaps.erp.api.testcases.EmployeeFolderAPITestCases@7894f09b] output={null}]]]>
              </value>
            </param>
          </params>
          <reporter-output>
          </reporter-output>
        </test-method> <!-- test_Method_Exection_Result -->
        <test-method signature="verify_Get_Search_Employee_In_Level_With_Authorization(java.lang.String,java.lang.String,java.lang.String)[pri:32, instance:in.biencaps.erp.api.testcases.EmployeeFolderAPITestCases@7894f09b]" started-at="2024-05-27T16:55:52 IST" name="verify_Get_Search_Employee_In_Level_With_Authorization" data-provider="TestDataForSearchEmployeeInLevel" finished-at="2024-05-27T16:55:52 IST" duration-ms="313" status="PASS">
          <params>
            <param index="0">
              <value>
                <![CDATA[Leslie]]>
              </value>
            </param>
            <param index="1">
              <value>
                <![CDATA[Lead]]>
              </value>
            </param>
            <param index="2">
              <value>
                <![CDATA[2024-05-27]]>
              </value>
            </param>
          </params>
          <reporter-output>
          </reporter-output>
        </test-method> <!-- verify_Get_Search_Employee_In_Level_With_Authorization -->
        <test-method is-config="true" signature="test_Method_Exection_Result(org.testng.ITestResult)[pri:0, instance:in.biencaps.erp.api.testcases.EmployeeFolderAPITestCases@7894f09b]" started-at="2024-05-27T16:55:52 IST" name="test_Method_Exection_Result" finished-at="2024-05-27T16:55:52 IST" duration-ms="1" status="PASS">
          <params>
            <param index="0">
              <value>
                <![CDATA[[TestResult name=verify_Get_Search_Employee_In_Level_With_Authorization status=SUCCESS method=EmployeeFolderAPITestCases.verify_Get_Search_Employee_In_Level_With_Authorization(java.lang.String,java.lang.String,java.lang.String)[pri:32, instance:in.biencaps.erp.api.testcases.EmployeeFolderAPITestCases@7894f09b] output={null}]]]>
              </value>
            </param>
          </params>
          <reporter-output>
          </reporter-output>
        </test-method> <!-- test_Method_Exection_Result -->
        <test-method signature="verify_Add_Token_For_Web_With_Authorization(java.lang.String,java.lang.String)[pri:34, instance:in.biencaps.erp.api.testcases.EmployeeFolderAPITestCases@7894f09b]" started-at="2024-05-27T16:55:52 IST" name="verify_Add_Token_For_Web_With_Authorization" data-provider="TestDataForAddToken" finished-at="2024-05-27T16:55:53 IST" duration-ms="509" status="PASS">
          <params>
            <param index="0">
              <value>
                <![CDATA[jxyn mast qqtg jhkh]]>
              </value>
            </param>
            <param index="1">
              <value>
                <![CDATA[INC001]]>
              </value>
            </param>
          </params>
          <reporter-output>
          </reporter-output>
        </test-method> <!-- verify_Add_Token_For_Web_With_Authorization -->
        <test-method is-config="true" signature="test_Method_Exection_Result(org.testng.ITestResult)[pri:0, instance:in.biencaps.erp.api.testcases.EmployeeFolderAPITestCases@7894f09b]" started-at="2024-05-27T16:55:53 IST" name="test_Method_Exection_Result" finished-at="2024-05-27T16:55:53 IST" duration-ms="1" status="PASS">
          <params>
            <param index="0">
              <value>
                <![CDATA[[TestResult name=verify_Add_Token_For_Web_With_Authorization status=SUCCESS method=EmployeeFolderAPITestCases.verify_Add_Token_For_Web_With_Authorization(java.lang.String,java.lang.String)[pri:34, instance:in.biencaps.erp.api.testcases.EmployeeFolderAPITestCases@7894f09b] output={null}]]]>
              </value>
            </param>
          </params>
          <reporter-output>
          </reporter-output>
        </test-method> <!-- test_Method_Exection_Result -->
        <test-method signature="verify_Add_Token_For_Web_With_Authorization(java.lang.String,java.lang.String)[pri:34, instance:in.biencaps.erp.api.testcases.EmployeeFolderAPITestCases@7894f09b]" started-at="2024-05-27T16:55:53 IST" name="verify_Add_Token_For_Web_With_Authorization" data-provider="TestDataForAddToken" finished-at="2024-05-27T16:55:53 IST" duration-ms="434" status="PASS">
          <params>
            <param index="0">
              <value>
                <![CDATA[jxyn mast qqtg jhkh]]>
              </value>
            </param>
            <param index="1">
              <value>
                <![CDATA[INC0139]]>
              </value>
            </param>
          </params>
          <reporter-output>
          </reporter-output>
        </test-method> <!-- verify_Add_Token_For_Web_With_Authorization -->
        <test-method is-config="true" signature="test_Method_Exection_Result(org.testng.ITestResult)[pri:0, instance:in.biencaps.erp.api.testcases.EmployeeFolderAPITestCases@7894f09b]" started-at="2024-05-27T16:55:53 IST" name="test_Method_Exection_Result" finished-at="2024-05-27T16:55:53 IST" duration-ms="0" status="PASS">
          <params>
            <param index="0">
              <value>
                <![CDATA[[TestResult name=verify_Add_Token_For_Web_With_Authorization status=SUCCESS method=EmployeeFolderAPITestCases.verify_Add_Token_For_Web_With_Authorization(java.lang.String,java.lang.String)[pri:34, instance:in.biencaps.erp.api.testcases.EmployeeFolderAPITestCases@7894f09b] output={null}]]]>
              </value>
            </param>
          </params>
          <reporter-output>
          </reporter-output>
        </test-method> <!-- test_Method_Exection_Result -->
        <test-method signature="verify_Add_Token_For_Web_With_Authorization(java.lang.String,java.lang.String)[pri:34, instance:in.biencaps.erp.api.testcases.EmployeeFolderAPITestCases@7894f09b]" started-at="2024-05-27T16:55:53 IST" name="verify_Add_Token_For_Web_With_Authorization" data-provider="TestDataForAddToken" finished-at="2024-05-27T16:55:54 IST" duration-ms="494" status="PASS">
          <params>
            <param index="0">
              <value>
                <![CDATA[]]>
              </value>
            </param>
            <param index="1">
              <value>
                <![CDATA[INC001]]>
              </value>
            </param>
          </params>
          <reporter-output>
          </reporter-output>
        </test-method> <!-- verify_Add_Token_For_Web_With_Authorization -->
        <test-method is-config="true" signature="test_Method_Exection_Result(org.testng.ITestResult)[pri:0, instance:in.biencaps.erp.api.testcases.EmployeeFolderAPITestCases@7894f09b]" started-at="2024-05-27T16:55:54 IST" name="test_Method_Exection_Result" finished-at="2024-05-27T16:55:54 IST" duration-ms="1" status="PASS">
          <params>
            <param index="0">
              <value>
                <![CDATA[[TestResult name=verify_Add_Token_For_Web_With_Authorization status=SUCCESS method=EmployeeFolderAPITestCases.verify_Add_Token_For_Web_With_Authorization(java.lang.String,java.lang.String)[pri:34, instance:in.biencaps.erp.api.testcases.EmployeeFolderAPITestCases@7894f09b] output={null}]]]>
              </value>
            </param>
          </params>
          <reporter-output>
          </reporter-output>
        </test-method> <!-- test_Method_Exection_Result -->
        <test-method signature="verify_Add_Token_For_Mobile_With_Authorization(java.lang.String,java.lang.String)[pri:35, instance:in.biencaps.erp.api.testcases.EmployeeFolderAPITestCases@7894f09b]" started-at="2024-05-27T16:55:54 IST" name="verify_Add_Token_For_Mobile_With_Authorization" data-provider="TestDataForAddToken" finished-at="2024-05-27T16:55:54 IST" duration-ms="365" status="PASS">
          <params>
            <param index="0">
              <value>
                <![CDATA[jxyn mast qqtg jhkh]]>
              </value>
            </param>
            <param index="1">
              <value>
                <![CDATA[INC007]]>
              </value>
            </param>
          </params>
          <reporter-output>
          </reporter-output>
        </test-method> <!-- verify_Add_Token_For_Mobile_With_Authorization -->
        <test-method is-config="true" signature="test_Method_Exection_Result(org.testng.ITestResult)[pri:0, instance:in.biencaps.erp.api.testcases.EmployeeFolderAPITestCases@7894f09b]" started-at="2024-05-27T16:55:54 IST" name="test_Method_Exection_Result" finished-at="2024-05-27T16:55:54 IST" duration-ms="0" status="PASS">
          <params>
            <param index="0">
              <value>
                <![CDATA[[TestResult name=verify_Add_Token_For_Mobile_With_Authorization status=SUCCESS method=EmployeeFolderAPITestCases.verify_Add_Token_For_Mobile_With_Authorization(java.lang.String,java.lang.String)[pri:35, instance:in.biencaps.erp.api.testcases.EmployeeFolderAPITestCases@7894f09b] output={null}]]]>
              </value>
            </param>
          </params>
          <reporter-output>
          </reporter-output>
        </test-method> <!-- test_Method_Exection_Result -->
        <test-method signature="verify_Add_Token_For_Mobile_With_Authorization(java.lang.String,java.lang.String)[pri:35, instance:in.biencaps.erp.api.testcases.EmployeeFolderAPITestCases@7894f09b]" started-at="2024-05-27T16:55:54 IST" name="verify_Add_Token_For_Mobile_With_Authorization" data-provider="TestDataForAddToken" finished-at="2024-05-27T16:55:54 IST" duration-ms="462" status="PASS">
          <params>
            <param index="0">
              <value>
                <![CDATA[jxyn mast qqtg jhkh]]>
              </value>
            </param>
            <param index="1">
              <value>
                <![CDATA[INC0142]]>
              </value>
            </param>
          </params>
          <reporter-output>
          </reporter-output>
        </test-method> <!-- verify_Add_Token_For_Mobile_With_Authorization -->
        <test-method is-config="true" signature="test_Method_Exection_Result(org.testng.ITestResult)[pri:0, instance:in.biencaps.erp.api.testcases.EmployeeFolderAPITestCases@7894f09b]" started-at="2024-05-27T16:55:54 IST" name="test_Method_Exection_Result" finished-at="2024-05-27T16:55:54 IST" duration-ms="0" status="PASS">
          <params>
            <param index="0">
              <value>
                <![CDATA[[TestResult name=verify_Add_Token_For_Mobile_With_Authorization status=SUCCESS method=EmployeeFolderAPITestCases.verify_Add_Token_For_Mobile_With_Authorization(java.lang.String,java.lang.String)[pri:35, instance:in.biencaps.erp.api.testcases.EmployeeFolderAPITestCases@7894f09b] output={null}]]]>
              </value>
            </param>
          </params>
          <reporter-output>
          </reporter-output>
        </test-method> <!-- test_Method_Exection_Result -->
        <test-method signature="verify_Add_Token_For_Mobile_With_Authorization(java.lang.String,java.lang.String)[pri:35, instance:in.biencaps.erp.api.testcases.EmployeeFolderAPITestCases@7894f09b]" started-at="2024-05-27T16:55:54 IST" name="verify_Add_Token_For_Mobile_With_Authorization" data-provider="TestDataForAddToken" finished-at="2024-05-27T16:55:55 IST" duration-ms="497" status="PASS">
          <params>
            <param index="0">
              <value>
                <![CDATA[]]>
              </value>
            </param>
            <param index="1">
              <value>
                <![CDATA[INC007]]>
              </value>
            </param>
          </params>
          <reporter-output>
          </reporter-output>
        </test-method> <!-- verify_Add_Token_For_Mobile_With_Authorization -->
        <test-method is-config="true" signature="test_Method_Exection_Result(org.testng.ITestResult)[pri:0, instance:in.biencaps.erp.api.testcases.EmployeeFolderAPITestCases@7894f09b]" started-at="2024-05-27T16:55:55 IST" name="test_Method_Exection_Result" finished-at="2024-05-27T16:55:55 IST" duration-ms="0" status="PASS">
          <params>
            <param index="0">
              <value>
                <![CDATA[[TestResult name=verify_Add_Token_For_Mobile_With_Authorization status=SUCCESS method=EmployeeFolderAPITestCases.verify_Add_Token_For_Mobile_With_Authorization(java.lang.String,java.lang.String)[pri:35, instance:in.biencaps.erp.api.testcases.EmployeeFolderAPITestCases@7894f09b] output={null}]]]>
              </value>
            </param>
          </params>
          <reporter-output>
          </reporter-output>
        </test-method> <!-- test_Method_Exection_Result -->
      </class> <!-- in.biencaps.erp.api.testcases.EmployeeFolderAPITestCases -->
    </test> <!-- Test -->
  </suite> <!-- Suite -->
</testng-results>
